2019-04-22 07:48:08.082  INFO 20300 --- [           main] s.c.a.AnnotationConfigApplicationContext : Refreshing org.springframework.context.annotation.AnnotationConfigApplicationContext@5ebec15: startup date [Mon Apr 22 07:48:08 CST 2019]; root of context hierarchy
2019-04-22 07:48:09.368  INFO 20300 --- [           main] f.a.AutowiredAnnotationBeanPostProcessor : JSR-330 'javax.inject.Inject' annotation found and supported for autowiring
2019-04-22 07:48:09.461  INFO 20300 --- [           main] trationDelegate$BeanPostProcessorChecker : Bean 'configurationPropertiesRebinderAutoConfiguration' of type [org.springframework.cloud.autoconfigure.ConfigurationPropertiesRebinderAutoConfiguration$$EnhancerBySpringCGLIB$$b5c93af6] is not eligible for getting processed by all BeanPostProcessors (for example: not eligible for auto-proxying)
2019-04-22 07:48:10.116  INFO 20300 --- [           main] o.s.c.n.eureka.InstanceInfoFactory       : Setting initial instance status as: STARTING
2019-04-22 07:48:10.416  INFO 20300 --- [           main] com.netflix.discovery.DiscoveryClient    : Initializing Eureka in region us-east-1
2019-04-22 07:48:10.963  INFO 20300 --- [           main] c.n.d.provider.DiscoveryJerseyProvider   : Using JSON encoding codec LegacyJacksonJson
2019-04-22 07:48:10.963  INFO 20300 --- [           main] c.n.d.provider.DiscoveryJerseyProvider   : Using JSON decoding codec LegacyJacksonJson
2019-04-22 07:48:11.476  INFO 20300 --- [           main] c.n.d.provider.DiscoveryJerseyProvider   : Using XML encoding codec XStreamXml
2019-04-22 07:48:11.476  INFO 20300 --- [           main] c.n.d.provider.DiscoveryJerseyProvider   : Using XML decoding codec XStreamXml
2019-04-22 07:48:12.299  INFO 20300 --- [           main] c.n.d.s.r.aws.ConfigClusterResolver      : Resolving eureka endpoints via configuration
2019-04-22 07:48:12.366  INFO 20300 --- [           main] com.netflix.discovery.DiscoveryClient    : Disable delta property : false
2019-04-22 07:48:12.367  INFO 20300 --- [           main] com.netflix.discovery.DiscoveryClient    : Single vip registry refresh property : null
2019-04-22 07:48:12.367  INFO 20300 --- [           main] com.netflix.discovery.DiscoveryClient    : Force full registry fetch : false
2019-04-22 07:48:12.367  INFO 20300 --- [           main] com.netflix.discovery.DiscoveryClient    : Application is null : false
2019-04-22 07:48:12.367  INFO 20300 --- [           main] com.netflix.discovery.DiscoveryClient    : Registered Applications size is zero : true
2019-04-22 07:48:12.367  INFO 20300 --- [           main] com.netflix.discovery.DiscoveryClient    : Application version is -1: true
2019-04-22 07:48:12.367  INFO 20300 --- [           main] com.netflix.discovery.DiscoveryClient    : Getting all instance registry info from the eureka server
2019-04-22 07:48:12.882  INFO 20300 --- [           main] com.netflix.discovery.DiscoveryClient    : The response status is 200
2019-04-22 07:48:12.920  INFO 20300 --- [           main] com.netflix.discovery.DiscoveryClient    : Not registering with Eureka server per configuration
2019-04-22 07:48:12.927  INFO 20300 --- [           main] com.netflix.discovery.DiscoveryClient    : Discovery Client initialized at timestamp 1555890492925 with initial instances count: 3

  .   ____          _            __ _ _
 /\\ / ___'_ __ _ _(_)_ __  __ _ \ \ \ \
( ( )\___ | '_ | '_| | '_ \/ _` | \ \ \ \
 \\/  ___)| |_)| | | | | || (_| |  ) ) ) )
  '  |____| .__|_| |_|_| |_\__, | / / / /
 =========|_|==============|___/=/_/_/_/
 :: Spring Boot ::        (v2.0.3.RELEASE)

2019-04-22 07:48:13.513  INFO 20300 --- [           main] c.c.c.ConfigServicePropertySourceLocator : Fetching config from server at : http://192.168.80.130:8888/
2019-04-22 07:48:16.478  INFO 20300 --- [           main] c.c.c.ConfigServicePropertySourceLocator : Located environment: name=config-client, profiles=[dev], label=master, version=747b61ff2a465d179cec66802406ddaa683c502e, state=null
2019-04-22 07:48:16.479  INFO 20300 --- [           main] b.c.PropertySourceBootstrapConfiguration : Located property source: CompositePropertySource {name='configService', propertySources=[MapPropertySource {name='configClient'}, MapPropertySource {name='https://github.com/c0Alan/Repo-Config/respo/config-client-dev.properties'}]}
2019-04-22 07:48:16.510  INFO 20300 --- [           main] com.forezp.ConfigClientApplication       : No active profile set, falling back to default profiles: default
2019-04-22 07:48:16.608  INFO 20300 --- [           main] ConfigServletWebServerApplicationContext : Refreshing org.springframework.boot.web.servlet.context.AnnotationConfigServletWebServerApplicationContext@7c9d8e2: startup date [Mon Apr 22 07:48:16 CST 2019]; parent: org.springframework.context.annotation.AnnotationConfigApplicationContext@5ebec15
2019-04-22 07:48:19.815  INFO 20300 --- [           main] o.s.i.config.IntegrationRegistrar        : No bean named 'integrationHeaderChannelRegistry' has been explicitly defined. Therefore, a default DefaultHeaderChannelRegistry will be created.
2019-04-22 07:48:19.972  INFO 20300 --- [           main] a.ConfigurationClassBeanDefinitionReader : Skipping bean definition for [BeanMethod:name=configurableCompositeMessageConverter,declaringClass=org.springframework.cloud.stream.config.ContentTypeConfiguration]: a definition for bean 'integrationArgumentResolverMessageConverter' already exists. This top-level bean definition is considered as an override.
2019-04-22 07:48:22.732  INFO 20300 --- [           main] o.s.cloud.context.scope.GenericScope     : BeanFactory id=11f9ca22-c6c6-33bc-bdc6-ad3adf4ec8f0
2019-04-22 07:48:22.865  INFO 20300 --- [           main] faultConfiguringBeanFactoryPostProcessor : No bean named 'errorChannel' has been explicitly defined. Therefore, a default PublishSubscribeChannel will be created.
2019-04-22 07:48:22.867  INFO 20300 --- [           main] faultConfiguringBeanFactoryPostProcessor : No bean named 'taskScheduler' has been explicitly defined. Therefore, a default ThreadPoolTaskScheduler will be created.
2019-04-22 07:48:22.946  INFO 20300 --- [           main] f.a.AutowiredAnnotationBeanPostProcessor : JSR-330 'javax.inject.Inject' annotation found and supported for autowiring
2019-04-22 07:48:23.268  INFO 20300 --- [           main] trationDelegate$BeanPostProcessorChecker : Bean 'org.springframework.amqp.rabbit.annotation.RabbitBootstrapConfiguration' of type [org.springframework.amqp.rabbit.annotation.RabbitBootstrapConfiguration$$EnhancerBySpringCGLIB$$601af627] is not eligible for getting processed by all BeanPostProcessors (for example: not eligible for auto-proxying)
2019-04-22 07:48:24.349  INFO 20300 --- [           main] trationDelegate$BeanPostProcessorChecker : Bean 'org.springframework.integration.config.IntegrationManagementConfiguration' of type [org.springframework.integration.config.IntegrationManagementConfiguration$$EnhancerBySpringCGLIB$$4a0f328] is not eligible for getting processed by all BeanPostProcessors (for example: not eligible for auto-proxying)
2019-04-22 07:48:24.697  INFO 20300 --- [           main] trationDelegate$BeanPostProcessorChecker : Bean 'org.springframework.cloud.autoconfigure.ConfigurationPropertiesRebinderAutoConfiguration' of type [org.springframework.cloud.autoconfigure.ConfigurationPropertiesRebinderAutoConfiguration$$EnhancerBySpringCGLIB$$b5c93af6] is not eligible for getting processed by all BeanPostProcessors (for example: not eligible for auto-proxying)
2019-04-22 07:48:24.812  INFO 20300 --- [           main] trationDelegate$BeanPostProcessorChecker : Bean 'org.springframework.integration.dsl.context.IntegrationFlowContext' of type [org.springframework.integration.dsl.context.IntegrationFlowContext] is not eligible for getting processed by all BeanPostProcessors (for example: not eligible for auto-proxying)
2019-04-22 07:48:27.009  INFO 20300 --- [           main] o.s.b.w.embedded.tomcat.TomcatWebServer  : Tomcat initialized with port(s): 8882 (http)
2019-04-22 07:48:27.226  INFO 20300 --- [           main] o.apache.catalina.core.StandardService   : Starting service [Tomcat]
2019-04-22 07:48:27.227  INFO 20300 --- [           main] org.apache.catalina.core.StandardEngine  : Starting Servlet Engine: Apache Tomcat/8.5.31
2019-04-22 07:48:27.358  INFO 20300 --- [ost-startStop-1] o.a.catalina.core.AprLifecycleListener   : The APR based Apache Tomcat Native library which allows optimal performance in production environments was not found on the java.library.path: [/usr/java/packages/lib/amd64:/usr/lib64:/lib64:/lib:/usr/lib]
2019-04-22 07:48:27.917  INFO 20300 --- [ost-startStop-1] o.a.c.c.C.[Tomcat].[localhost].[/]       : Initializing Spring embedded WebApplicationContext
2019-04-22 07:48:27.917  INFO 20300 --- [ost-startStop-1] o.s.web.context.ContextLoader            : Root WebApplicationContext: initialization completed in 11309 ms
2019-04-22 07:48:30.112  WARN 20300 --- [ost-startStop-1] c.n.c.sources.URLConfigurationSource     : No URLs will be polled as dynamic configuration sources.
2019-04-22 07:48:30.112  INFO 20300 --- [ost-startStop-1] c.n.c.sources.URLConfigurationSource     : To enable URLs as dynamic configuration sources, define System property archaius.configurationSource.additionalUrls or make config.properties available on classpath.
2019-04-22 07:48:30.189  INFO 20300 --- [ost-startStop-1] c.netflix.config.DynamicPropertyFactory  : DynamicPropertyFactory is initialized with configuration sources: com.netflix.config.ConcurrentCompositeConfiguration@14f3e02
2019-04-22 07:48:35.847  INFO 20300 --- [ost-startStop-1] o.s.s.c.ThreadPoolTaskScheduler          : Initializing ExecutorService  'taskScheduler'
2019-04-22 07:48:38.210  INFO 20300 --- [ost-startStop-1] o.s.b.w.servlet.ServletRegistrationBean  : Servlet dispatcherServlet mapped to [/]
2019-04-22 07:48:38.249  INFO 20300 --- [ost-startStop-1] o.s.b.w.servlet.FilterRegistrationBean   : Mapping filter: 'characterEncodingFilter' to: [/*]
2019-04-22 07:48:38.250  INFO 20300 --- [ost-startStop-1] o.s.b.w.servlet.FilterRegistrationBean   : Mapping filter: 'hiddenHttpMethodFilter' to: [/*]
2019-04-22 07:48:38.250  INFO 20300 --- [ost-startStop-1] o.s.b.w.servlet.FilterRegistrationBean   : Mapping filter: 'httpPutFormContentFilter' to: [/*]
2019-04-22 07:48:38.250  INFO 20300 --- [ost-startStop-1] o.s.b.w.servlet.FilterRegistrationBean   : Mapping filter: 'requestContextFilter' to: [/*]
2019-04-22 07:48:38.250  INFO 20300 --- [ost-startStop-1] o.s.b.w.servlet.FilterRegistrationBean   : Mapping filter: 'httpTraceFilter' to: [/*]
2019-04-22 07:48:38.250  INFO 20300 --- [ost-startStop-1] o.s.b.w.servlet.FilterRegistrationBean   : Mapping filter: 'webMvcMetricsFilter' to: [/*]
2019-04-22 07:48:38.706  WARN 20300 --- [           main] c.n.c.sources.URLConfigurationSource     : No URLs will be polled as dynamic configuration sources.
2019-04-22 07:48:38.706  INFO 20300 --- [           main] c.n.c.sources.URLConfigurationSource     : To enable URLs as dynamic configuration sources, define System property archaius.configurationSource.additionalUrls or make config.properties available on classpath.
2019-04-22 07:48:39.394  INFO 20300 --- [           main] o.s.w.s.handler.SimpleUrlHandlerMapping  : Mapped URL path [/**/favicon.ico] onto handler of type [class org.springframework.web.servlet.resource.ResourceHttpRequestHandler]
2019-04-22 07:48:40.229  INFO 20300 --- [           main] s.w.s.m.m.a.RequestMappingHandlerAdapter : Looking for @ControllerAdvice: org.springframework.boot.web.servlet.context.AnnotationConfigServletWebServerApplicationContext@7c9d8e2: startup date [Mon Apr 22 07:48:16 CST 2019]; parent: org.springframework.context.annotation.AnnotationConfigApplicationContext@5ebec15
2019-04-22 07:48:40.569  INFO 20300 --- [           main] s.w.s.m.m.a.RequestMappingHandlerMapping : Mapped "{[/hi]}" onto public java.lang.String com.forezp.ConfigClientApplication.hi()
2019-04-22 07:48:40.573  INFO 20300 --- [           main] s.w.s.m.m.a.RequestMappingHandlerMapping : Mapped "{[/error],produces=[text/html]}" onto public org.springframework.web.servlet.ModelAndView org.springframework.boot.autoconfigure.web.servlet.error.BasicErrorController.errorHtml(javax.servlet.http.HttpServletRequest,javax.servlet.http.HttpServletResponse)
2019-04-22 07:48:40.573  INFO 20300 --- [           main] s.w.s.m.m.a.RequestMappingHandlerMapping : Mapped "{[/error]}" onto public org.springframework.http.ResponseEntity<java.util.Map<java.lang.String, java.lang.Object>> org.springframework.boot.autoconfigure.web.servlet.error.BasicErrorController.error(javax.servlet.http.HttpServletRequest)
2019-04-22 07:48:40.839  INFO 20300 --- [           main] o.s.w.s.handler.SimpleUrlHandlerMapping  : Mapped URL path [/webjars/**] onto handler of type [class org.springframework.web.servlet.resource.ResourceHttpRequestHandler]
2019-04-22 07:48:40.839  INFO 20300 --- [           main] o.s.w.s.handler.SimpleUrlHandlerMapping  : Mapped URL path [/**] onto handler of type [class org.springframework.web.servlet.resource.ResourceHttpRequestHandler]
2019-04-22 07:48:44.471  INFO 20300 --- [           main] com.netflix.discovery.DiscoveryClient    : Shutting down DiscoveryClient ...
2019-04-22 07:48:44.545  INFO 20300 --- [           main] com.netflix.discovery.DiscoveryClient    : Completed shut down of DiscoveryClient
2019-04-22 07:48:44.710  INFO 20300 --- [           main] o.s.b.a.e.web.EndpointLinksResolver      : Exposing 1 endpoint(s) beneath base path '/actuator'
2019-04-22 07:48:44.793  INFO 20300 --- [           main] s.b.a.e.w.s.WebMvcEndpointHandlerMapping : Mapped "{[/actuator/bus-refresh],methods=[POST]}" onto public java.lang.Object org.springframework.boot.actuate.endpoint.web.servlet.AbstractWebMvcEndpointHandlerMapping$OperationHandler.handle(javax.servlet.http.HttpServletRequest,java.util.Map<java.lang.String, java.lang.String>)
2019-04-22 07:48:44.794  INFO 20300 --- [           main] s.b.a.e.w.s.WebMvcEndpointHandlerMapping : Mapped "{[/actuator/bus-refresh/{destination}],methods=[POST]}" onto public java.lang.Object org.springframework.boot.actuate.endpoint.web.servlet.AbstractWebMvcEndpointHandlerMapping$OperationHandler.handle(javax.servlet.http.HttpServletRequest,java.util.Map<java.lang.String, java.lang.String>)
2019-04-22 07:48:44.795  INFO 20300 --- [           main] s.b.a.e.w.s.WebMvcEndpointHandlerMapping : Mapped "{[/actuator],methods=[GET],produces=[application/vnd.spring-boot.actuator.v2+json || application/json]}" onto protected java.util.Map<java.lang.String, java.util.Map<java.lang.String, org.springframework.boot.actuate.endpoint.web.Link>> org.springframework.boot.actuate.endpoint.web.servlet.WebMvcEndpointHandlerMapping.links(javax.servlet.http.HttpServletRequest,javax.servlet.http.HttpServletResponse)
2019-04-22 07:48:45.547  INFO 20300 --- [           main] o.s.j.e.a.AnnotationMBeanExporter        : Registering beans for JMX exposure on startup
2019-04-22 07:48:45.617  INFO 20300 --- [           main] o.s.j.e.a.AnnotationMBeanExporter        : Bean with name 'rabbitConnectionFactory' has been autodetected for JMX exposure
2019-04-22 07:48:45.618  INFO 20300 --- [           main] o.s.j.e.a.AnnotationMBeanExporter        : Bean with name 'environmentManager' has been autodetected for JMX exposure
2019-04-22 07:48:45.620  INFO 20300 --- [           main] o.s.j.e.a.AnnotationMBeanExporter        : Bean with name 'integrationMbeanExporter' has been autodetected for JMX exposure
2019-04-22 07:48:45.646  INFO 20300 --- [           main] o.s.j.e.a.AnnotationMBeanExporter        : Bean with name 'refreshScope' has been autodetected for JMX exposure
2019-04-22 07:48:45.647  INFO 20300 --- [           main] o.s.j.e.a.AnnotationMBeanExporter        : Bean with name 'configurationPropertiesRebinder' has been autodetected for JMX exposure
2019-04-22 07:48:45.652  INFO 20300 --- [           main] o.s.j.e.a.AnnotationMBeanExporter        : Located managed bean 'environmentManager': registering with JMX server as MBean [org.springframework.cloud.context.environment:name=environmentManager,type=EnvironmentManager]
2019-04-22 07:48:45.710  INFO 20300 --- [           main] o.s.j.e.a.AnnotationMBeanExporter        : Located managed bean 'refreshScope': registering with JMX server as MBean [org.springframework.cloud.context.scope.refresh:name=refreshScope,type=RefreshScope]
2019-04-22 07:48:45.752  INFO 20300 --- [           main] o.s.j.e.a.AnnotationMBeanExporter        : Located managed bean 'integrationMbeanExporter': registering with JMX server as MBean [org.springframework.integration.monitor:name=integrationMbeanExporter,type=IntegrationMBeanExporter]
2019-04-22 07:48:45.931  INFO 20300 --- [           main] o.s.j.e.a.AnnotationMBeanExporter        : Located managed bean 'configurationPropertiesRebinder': registering with JMX server as MBean [org.springframework.cloud.context.properties:name=configurationPropertiesRebinder,context=7c9d8e2,type=ConfigurationPropertiesRebinder]
2019-04-22 07:48:45.939  INFO 20300 --- [           main] o.s.j.e.a.AnnotationMBeanExporter        : Located managed bean 'rabbitConnectionFactory': registering with JMX server as MBean [org.springframework.amqp.rabbit.connection:name=rabbitConnectionFactory,type=CachingConnectionFactory]
2019-04-22 07:48:46.106  INFO 20300 --- [           main] o.s.i.monitor.IntegrationMBeanExporter   : Registering beans for JMX exposure on startup
2019-04-22 07:48:46.107  INFO 20300 --- [           main] o.s.i.monitor.IntegrationMBeanExporter   : Registering MessageChannel springCloudBusOutput
2019-04-22 07:48:46.111  INFO 20300 --- [           main] o.s.i.monitor.IntegrationMBeanExporter   : Located managed bean 'org.springframework.integration:type=MessageChannel,name=springCloudBusOutput': registering with JMX server as MBean [org.springframework.integration:type=MessageChannel,name=springCloudBusOutput]
2019-04-22 07:48:46.342  INFO 20300 --- [           main] o.s.i.monitor.IntegrationMBeanExporter   : Registering MessageChannel nullChannel
2019-04-22 07:48:46.344  INFO 20300 --- [           main] o.s.i.monitor.IntegrationMBeanExporter   : Located managed bean 'org.springframework.integration:type=MessageChannel,name=nullChannel': registering with JMX server as MBean [org.springframework.integration:type=MessageChannel,name=nullChannel]
2019-04-22 07:48:46.353  INFO 20300 --- [           main] o.s.i.monitor.IntegrationMBeanExporter   : Registering MessageChannel errorChannel
2019-04-22 07:48:46.355  INFO 20300 --- [           main] o.s.i.monitor.IntegrationMBeanExporter   : Located managed bean 'org.springframework.integration:type=MessageChannel,name=errorChannel': registering with JMX server as MBean [org.springframework.integration:type=MessageChannel,name=errorChannel]
2019-04-22 07:48:46.477  INFO 20300 --- [           main] o.s.i.monitor.IntegrationMBeanExporter   : Registering MessageChannel springCloudBusInput
2019-04-22 07:48:46.478  INFO 20300 --- [           main] o.s.i.monitor.IntegrationMBeanExporter   : Located managed bean 'org.springframework.integration:type=MessageChannel,name=springCloudBusInput': registering with JMX server as MBean [org.springframework.integration:type=MessageChannel,name=springCloudBusInput]
2019-04-22 07:48:46.539  INFO 20300 --- [           main] o.s.i.monitor.IntegrationMBeanExporter   : Registering MessageHandler errorLogger
2019-04-22 07:48:46.541  INFO 20300 --- [           main] o.s.i.monitor.IntegrationMBeanExporter   : Located managed bean 'org.springframework.integration:type=MessageHandler,name=errorLogger,bean=internal': registering with JMX server as MBean [org.springframework.integration:type=MessageHandler,name=errorLogger,bean=internal]
2019-04-22 07:48:46.789  INFO 20300 --- [           main] o.s.integration.channel.DirectChannel    : Channel 'config-client-1.springCloudBusInput' has 1 subscriber(s).
2019-04-22 07:48:46.796  INFO 20300 --- [           main] o.s.c.support.DefaultLifecycleProcessor  : Starting beans in phase -2147482648
2019-04-22 07:48:46.977  INFO 20300 --- [           main] c.c.c.ConfigServicePropertySourceLocator : Fetching config from server at : http://192.168.80.130:8888/
2019-04-22 07:48:49.741  INFO 20300 --- [           main] c.c.c.ConfigServicePropertySourceLocator : Located environment: name=config-client, profiles=[dev], label=master, version=747b61ff2a465d179cec66802406ddaa683c502e, state=null
2019-04-22 07:48:49.741  INFO 20300 --- [           main] b.c.PropertySourceBootstrapConfiguration : Located property source: CompositePropertySource {name='configService', propertySources=[MapPropertySource {name='configClient'}, MapPropertySource {name='https://github.com/c0Alan/Repo-Config/respo/config-client-dev.properties'}]}
2019-04-22 07:48:49.792  INFO 20300 --- [           main] s.c.a.AnnotationConfigApplicationContext : Refreshing org.springframework.context.annotation.AnnotationConfigApplicationContext@6175619b: startup date [Mon Apr 22 07:48:49 CST 2019]; parent: org.springframework.boot.web.servlet.context.AnnotationConfigServletWebServerApplicationContext@7c9d8e2
2019-04-22 07:48:50.015  INFO 20300 --- [           main] f.a.AutowiredAnnotationBeanPostProcessor : JSR-330 'javax.inject.Inject' annotation found and supported for autowiring
2019-04-22 07:48:50.343  INFO 20300 --- [           main] o.s.c.support.GenericApplicationContext  : Refreshing org.springframework.context.support.GenericApplicationContext@6f80fafe: startup date [Mon Apr 22 07:48:50 CST 2019]; root of context hierarchy
2019-04-22 07:48:51.281  INFO 20300 --- [           main] o.s.a.r.c.CachingConnectionFactory       : Attempting to connect to: [192.168.80.130:5672]
2019-04-22 07:48:51.780  INFO 20300 --- [           main] o.s.a.r.c.CachingConnectionFactory       : Created new connection: rabbitConnectionFactory#7ad108cd:0/SimpleConnection@72e34f77 [delegate=amqp://liuxl@192.168.80.130:5672/, localPort= 53842]
2019-04-22 07:48:51.988  INFO 20300 --- [           main] o.s.integration.channel.DirectChannel    : Channel 'config-client-1.springCloudBusOutput' has 1 subscriber(s).
2019-04-22 07:48:51.991  INFO 20300 --- [           main] o.s.c.support.DefaultLifecycleProcessor  : Starting beans in phase 0
2019-04-22 07:48:52.044  INFO 20300 --- [           main] o.s.c.n.eureka.InstanceInfoFactory       : Setting initial instance status as: STARTING
2019-04-22 07:48:52.051  INFO 20300 --- [           main] com.netflix.discovery.DiscoveryClient    : Initializing Eureka in region us-east-1
2019-04-22 07:48:52.123  INFO 20300 --- [           main] c.n.d.provider.DiscoveryJerseyProvider   : Using JSON encoding codec LegacyJacksonJson
2019-04-22 07:48:52.123  INFO 20300 --- [           main] c.n.d.provider.DiscoveryJerseyProvider   : Using JSON decoding codec LegacyJacksonJson
2019-04-22 07:48:52.123  INFO 20300 --- [           main] c.n.d.provider.DiscoveryJerseyProvider   : Using XML encoding codec XStreamXml
2019-04-22 07:48:52.123  INFO 20300 --- [           main] c.n.d.provider.DiscoveryJerseyProvider   : Using XML decoding codec XStreamXml
2019-04-22 07:48:52.425  INFO 20300 --- [           main] c.n.d.s.r.aws.ConfigClusterResolver      : Resolving eureka endpoints via configuration
2019-04-22 07:48:52.426  INFO 20300 --- [           main] com.netflix.discovery.DiscoveryClient    : Disable delta property : false
2019-04-22 07:48:52.426  INFO 20300 --- [           main] com.netflix.discovery.DiscoveryClient    : Single vip registry refresh property : null
2019-04-22 07:48:52.426  INFO 20300 --- [           main] com.netflix.discovery.DiscoveryClient    : Force full registry fetch : false
2019-04-22 07:48:52.426  INFO 20300 --- [           main] com.netflix.discovery.DiscoveryClient    : Application is null : false
2019-04-22 07:48:52.426  INFO 20300 --- [           main] com.netflix.discovery.DiscoveryClient    : Registered Applications size is zero : true
2019-04-22 07:48:52.426  INFO 20300 --- [           main] com.netflix.discovery.DiscoveryClient    : Application version is -1: true
2019-04-22 07:48:52.426  INFO 20300 --- [           main] com.netflix.discovery.DiscoveryClient    : Getting all instance registry info from the eureka server
2019-04-22 07:48:52.493  INFO 20300 --- [           main] com.netflix.discovery.DiscoveryClient    : The response status is 200
2019-04-22 07:48:52.521  INFO 20300 --- [           main] com.netflix.discovery.DiscoveryClient    : Starting heartbeat executor: renew interval is: 30
2019-04-22 07:48:52.572  INFO 20300 --- [           main] c.n.discovery.InstanceInfoReplicator     : InstanceInfoReplicator onDemand update allowed rate per min is 4
2019-04-22 07:48:52.604  INFO 20300 --- [           main] com.netflix.discovery.DiscoveryClient    : Discovery Client initialized at timestamp 1555890532604 with initial instances count: 1
2019-04-22 07:48:52.646  INFO 20300 --- [           main] o.s.c.n.e.s.EurekaServiceRegistry        : Registering application config-client with eureka with status UP
2019-04-22 07:48:52.647  INFO 20300 --- [           main] com.netflix.discovery.DiscoveryClient    : Saw local status change event StatusChangeEvent [timestamp=1555890532646, current=UP, previous=STARTING]
2019-04-22 07:48:52.651  INFO 20300 --- [           main] o.s.i.endpoint.EventDrivenConsumer       : Adding {logging-channel-adapter:_org.springframework.integration.errorLogger} as a subscriber to the 'errorChannel' channel
2019-04-22 07:48:52.651  INFO 20300 --- [           main] o.s.i.channel.PublishSubscribeChannel    : Channel 'config-client-1.errorChannel' has 1 subscriber(s).
2019-04-22 07:48:52.651  INFO 20300 --- [           main] o.s.i.endpoint.EventDrivenConsumer       : started _org.springframework.integration.errorLogger
2019-04-22 07:48:52.652  INFO 20300 --- [           main] o.s.c.support.DefaultLifecycleProcessor  : Starting beans in phase 2147482647
2019-04-22 07:48:52.709  INFO 20300 --- [nfoReplicator-0] com.netflix.discovery.DiscoveryClient    : DiscoveryClient_CONFIG-CLIENT/192.168.80.130:config-client:8882: registering service...
2019-04-22 07:48:52.770  INFO 20300 --- [           main] c.s.b.r.p.RabbitExchangeQueueProvisioner : declaring queue for inbound: springCloudBus.anonymous.HmA4qBwBQZe5qzfDsepAYg, bound to: springCloudBus
2019-04-22 07:48:52.903  INFO 20300 --- [           main] o.s.c.stream.binder.BinderErrorChannel   : Channel 'config-client-1-1.springCloudBus.anonymous.HmA4qBwBQZe5qzfDsepAYg.errors' has 1 subscriber(s).
2019-04-22 07:48:52.904  INFO 20300 --- [           main] o.s.c.stream.binder.BinderErrorChannel   : Channel 'config-client-1-1.springCloudBus.anonymous.HmA4qBwBQZe5qzfDsepAYg.errors' has 2 subscriber(s).
2019-04-22 07:48:52.913  INFO 20300 --- [nfoReplicator-0] com.netflix.discovery.DiscoveryClient    : DiscoveryClient_CONFIG-CLIENT/192.168.80.130:config-client:8882 - registration status: 204
2019-04-22 07:48:53.087  INFO 20300 --- [           main] o.s.i.a.i.AmqpInboundChannelAdapter      : started inbound.springCloudBus.anonymous.HmA4qBwBQZe5qzfDsepAYg
2019-04-22 07:48:53.089  INFO 20300 --- [           main] o.s.c.support.DefaultLifecycleProcessor  : Starting beans in phase 2147483647
2019-04-22 07:48:53.747  INFO 20300 --- [           main] o.s.b.w.embedded.tomcat.TomcatWebServer  : Tomcat started on port(s): 8882 (http) with context path ''
2019-04-22 07:48:53.749  INFO 20300 --- [           main] .s.c.n.e.s.EurekaAutoServiceRegistration : Updating port to 8882
2019-04-22 07:48:53.751  INFO 20300 --- [           main] com.forezp.ConfigClientApplication       : Started ConfigClientApplication in 48.747 seconds (JVM running for 50.098)
2019-04-22 07:50:56.573  INFO 20300 --- [nio-8882-exec-1] o.a.c.c.C.[Tomcat].[localhost].[/]       : Initializing Spring FrameworkServlet 'dispatcherServlet'
2019-04-22 07:50:56.573  INFO 20300 --- [nio-8882-exec-1] o.s.web.servlet.DispatcherServlet        : FrameworkServlet 'dispatcherServlet': initialization started
2019-04-22 07:50:56.644  INFO 20300 --- [nio-8882-exec-1] o.s.web.servlet.DispatcherServlet        : FrameworkServlet 'dispatcherServlet': initialization completed in 71 ms
2019-04-22 07:53:52.430  INFO 20300 --- [trap-executor-0] c.n.d.s.r.aws.ConfigClusterResolver      : Resolving eureka endpoints via configuration
2019-04-22 07:57:23.766  INFO 20300 --- [Ze5qzfDsepAYg-1] s.c.a.AnnotationConfigApplicationContext : Refreshing org.springframework.context.annotation.AnnotationConfigApplicationContext@4710950a: startup date [Mon Apr 22 07:57:23 CST 2019]; root of context hierarchy
2019-04-22 07:57:24.167  INFO 20300 --- [Ze5qzfDsepAYg-1] f.a.AutowiredAnnotationBeanPostProcessor : JSR-330 'javax.inject.Inject' annotation found and supported for autowiring
2019-04-22 07:57:24.501  INFO 20300 --- [Ze5qzfDsepAYg-1] trationDelegate$BeanPostProcessorChecker : Bean 'configurationPropertiesRebinderAutoConfiguration' of type [org.springframework.cloud.autoconfigure.ConfigurationPropertiesRebinderAutoConfiguration$$EnhancerBySpringCGLIB$$b5c93af6] is not eligible for getting processed by all BeanPostProcessors (for example: not eligible for auto-proxying)
2019-04-22 07:57:25.274  INFO 20300 --- [Ze5qzfDsepAYg-1] o.s.c.n.eureka.InstanceInfoFactory       : Setting initial instance status as: STARTING
2019-04-22 07:57:25.493  INFO 20300 --- [Ze5qzfDsepAYg-1] com.netflix.discovery.DiscoveryClient    : Initializing Eureka in region us-east-1
2019-04-22 07:57:25.551  INFO 20300 --- [Ze5qzfDsepAYg-1] c.n.d.provider.DiscoveryJerseyProvider   : Using JSON encoding codec LegacyJacksonJson
2019-04-22 07:57:25.551  INFO 20300 --- [Ze5qzfDsepAYg-1] c.n.d.provider.DiscoveryJerseyProvider   : Using JSON decoding codec LegacyJacksonJson
2019-04-22 07:57:25.552  INFO 20300 --- [Ze5qzfDsepAYg-1] c.n.d.provider.DiscoveryJerseyProvider   : Using XML encoding codec XStreamXml
2019-04-22 07:57:25.552  INFO 20300 --- [Ze5qzfDsepAYg-1] c.n.d.provider.DiscoveryJerseyProvider   : Using XML decoding codec XStreamXml
2019-04-22 07:57:26.791  INFO 20300 --- [Ze5qzfDsepAYg-1] c.n.d.s.r.aws.ConfigClusterResolver      : Resolving eureka endpoints via configuration
2019-04-22 07:57:26.847  INFO 20300 --- [Ze5qzfDsepAYg-1] com.netflix.discovery.DiscoveryClient    : Disable delta property : false
2019-04-22 07:57:26.847  INFO 20300 --- [Ze5qzfDsepAYg-1] com.netflix.discovery.DiscoveryClient    : Single vip registry refresh property : null
2019-04-22 07:57:26.848  INFO 20300 --- [Ze5qzfDsepAYg-1] com.netflix.discovery.DiscoveryClient    : Force full registry fetch : false
2019-04-22 07:57:26.848  INFO 20300 --- [Ze5qzfDsepAYg-1] com.netflix.discovery.DiscoveryClient    : Application is null : false
2019-04-22 07:57:26.848  INFO 20300 --- [Ze5qzfDsepAYg-1] com.netflix.discovery.DiscoveryClient    : Registered Applications size is zero : true
2019-04-22 07:57:26.848  INFO 20300 --- [Ze5qzfDsepAYg-1] com.netflix.discovery.DiscoveryClient    : Application version is -1: true
2019-04-22 07:57:26.848  INFO 20300 --- [Ze5qzfDsepAYg-1] com.netflix.discovery.DiscoveryClient    : Getting all instance registry info from the eureka server
2019-04-22 07:57:26.914  INFO 20300 --- [Ze5qzfDsepAYg-1] com.netflix.discovery.DiscoveryClient    : The response status is 200
2019-04-22 07:57:26.974  INFO 20300 --- [Ze5qzfDsepAYg-1] com.netflix.discovery.DiscoveryClient    : Not registering with Eureka server per configuration
2019-04-22 07:57:26.976  INFO 20300 --- [Ze5qzfDsepAYg-1] com.netflix.discovery.DiscoveryClient    : Discovery Client initialized at timestamp 1555891046976 with initial instances count: 3
2019-04-22 07:57:27.778  INFO 20300 --- [Ze5qzfDsepAYg-1] c.c.c.ConfigServicePropertySourceLocator : Fetching config from server at : http://192.168.80.130:8888/
2019-04-22 07:57:34.616  INFO 20300 --- [Ze5qzfDsepAYg-1] c.c.c.ConfigServicePropertySourceLocator : Located environment: name=config-client, profiles=[dev], label=master, version=a5c0631017c5d689f86e454314ca05fb3007af8f, state=null
2019-04-22 07:57:34.616  INFO 20300 --- [Ze5qzfDsepAYg-1] b.c.PropertySourceBootstrapConfiguration : Located property source: CompositePropertySource {name='configService', propertySources=[MapPropertySource {name='configClient'}, MapPropertySource {name='https://github.com/c0Alan/Repo-Config/respo/config-client-dev.properties'}]}
2019-04-22 07:57:34.618  INFO 20300 --- [Ze5qzfDsepAYg-1] o.s.boot.SpringApplication               : No active profile set, falling back to default profiles: default
2019-04-22 07:57:34.621  INFO 20300 --- [Ze5qzfDsepAYg-1] s.c.a.AnnotationConfigApplicationContext : Refreshing org.springframework.context.annotation.AnnotationConfigApplicationContext@58fd517f: startup date [Mon Apr 22 07:57:34 CST 2019]; parent: org.springframework.context.annotation.AnnotationConfigApplicationContext@4710950a
2019-04-22 07:57:34.645  INFO 20300 --- [Ze5qzfDsepAYg-1] f.a.AutowiredAnnotationBeanPostProcessor : JSR-330 'javax.inject.Inject' annotation found and supported for autowiring
2019-04-22 07:57:34.721  INFO 20300 --- [Ze5qzfDsepAYg-1] o.s.boot.SpringApplication               : Started application in 11.301 seconds (JVM running for 571.068)
2019-04-22 07:57:34.721  INFO 20300 --- [Ze5qzfDsepAYg-1] s.c.a.AnnotationConfigApplicationContext : Closing org.springframework.context.annotation.AnnotationConfigApplicationContext@58fd517f: startup date [Mon Apr 22 07:57:34 CST 2019]; parent: org.springframework.context.annotation.AnnotationConfigApplicationContext@4710950a
2019-04-22 07:57:34.722  INFO 20300 --- [Ze5qzfDsepAYg-1] s.c.a.AnnotationConfigApplicationContext : Closing org.springframework.context.annotation.AnnotationConfigApplicationContext@4710950a: startup date [Mon Apr 22 07:57:23 CST 2019]; root of context hierarchy
2019-04-22 07:57:34.723  INFO 20300 --- [Ze5qzfDsepAYg-1] com.netflix.discovery.DiscoveryClient    : Shutting down DiscoveryClient ...
2019-04-22 07:57:34.738  INFO 20300 --- [Ze5qzfDsepAYg-1] com.netflix.discovery.DiscoveryClient    : Completed shut down of DiscoveryClient
2019-04-22 07:57:35.199  INFO 20300 --- [Ze5qzfDsepAYg-1] com.netflix.discovery.DiscoveryClient    : Shutting down DiscoveryClient ...
2019-04-22 07:57:35.201  INFO 20300 --- [Ze5qzfDsepAYg-1] o.s.c.n.eureka.InstanceInfoFactory       : Setting initial instance status as: STARTING
2019-04-22 07:57:38.202  INFO 20300 --- [Ze5qzfDsepAYg-1] com.netflix.discovery.DiscoveryClient    : Unregistering ...
2019-04-22 07:57:38.233  INFO 20300 --- [Ze5qzfDsepAYg-1] com.netflix.discovery.DiscoveryClient    : DiscoveryClient_CONFIG-CLIENT/192.168.80.130:config-client:8882 - deregister  status: 200
2019-04-22 07:57:38.242  INFO 20300 --- [Ze5qzfDsepAYg-1] com.netflix.discovery.DiscoveryClient    : Completed shut down of DiscoveryClient
2019-04-22 07:57:38.266  INFO 20300 --- [Ze5qzfDsepAYg-1] com.netflix.discovery.DiscoveryClient    : Initializing Eureka in region us-east-1
2019-04-22 07:57:38.282  INFO 20300 --- [Ze5qzfDsepAYg-1] c.n.d.provider.DiscoveryJerseyProvider   : Using JSON encoding codec LegacyJacksonJson
2019-04-22 07:57:38.283  INFO 20300 --- [Ze5qzfDsepAYg-1] c.n.d.provider.DiscoveryJerseyProvider   : Using JSON decoding codec LegacyJacksonJson
2019-04-22 07:57:38.283  INFO 20300 --- [Ze5qzfDsepAYg-1] c.n.d.provider.DiscoveryJerseyProvider   : Using XML encoding codec XStreamXml
2019-04-22 07:57:38.283  INFO 20300 --- [Ze5qzfDsepAYg-1] c.n.d.provider.DiscoveryJerseyProvider   : Using XML decoding codec XStreamXml
2019-04-22 07:57:38.471  INFO 20300 --- [Ze5qzfDsepAYg-1] c.n.d.s.r.aws.ConfigClusterResolver      : Resolving eureka endpoints via configuration
2019-04-22 07:57:38.472  INFO 20300 --- [Ze5qzfDsepAYg-1] com.netflix.discovery.DiscoveryClient    : Disable delta property : false
2019-04-22 07:57:38.472  INFO 20300 --- [Ze5qzfDsepAYg-1] com.netflix.discovery.DiscoveryClient    : Single vip registry refresh property : null
2019-04-22 07:57:38.472  INFO 20300 --- [Ze5qzfDsepAYg-1] com.netflix.discovery.DiscoveryClient    : Force full registry fetch : false
2019-04-22 07:57:38.472  INFO 20300 --- [Ze5qzfDsepAYg-1] com.netflix.discovery.DiscoveryClient    : Application is null : false
2019-04-22 07:57:38.472  INFO 20300 --- [Ze5qzfDsepAYg-1] com.netflix.discovery.DiscoveryClient    : Registered Applications size is zero : true
2019-04-22 07:57:38.472  INFO 20300 --- [Ze5qzfDsepAYg-1] com.netflix.discovery.DiscoveryClient    : Application version is -1: true
2019-04-22 07:57:38.472  INFO 20300 --- [Ze5qzfDsepAYg-1] com.netflix.discovery.DiscoveryClient    : Getting all instance registry info from the eureka server
2019-04-22 07:57:38.495  INFO 20300 --- [Ze5qzfDsepAYg-1] com.netflix.discovery.DiscoveryClient    : The response status is 200
2019-04-22 07:57:38.509  INFO 20300 --- [Ze5qzfDsepAYg-1] com.netflix.discovery.DiscoveryClient    : Starting heartbeat executor: renew interval is: 30
2019-04-22 07:57:38.522  INFO 20300 --- [Ze5qzfDsepAYg-1] c.n.discovery.InstanceInfoReplicator     : InstanceInfoReplicator onDemand update allowed rate per min is 4
2019-04-22 07:57:38.533  INFO 20300 --- [Ze5qzfDsepAYg-1] com.netflix.discovery.DiscoveryClient    : Discovery Client initialized at timestamp 1555891058533 with initial instances count: 4
2019-04-22 07:57:38.534  INFO 20300 --- [Ze5qzfDsepAYg-1] o.s.c.n.e.s.EurekaServiceRegistry        : Unregistering application config-client with eureka with status DOWN
2019-04-22 07:57:38.534  INFO 20300 --- [Ze5qzfDsepAYg-1] o.s.c.n.e.s.EurekaServiceRegistry        : Registering application config-client with eureka with status UP
2019-04-22 07:57:38.534  WARN 20300 --- [Ze5qzfDsepAYg-1] com.netflix.discovery.DiscoveryClient    : Saw local status change event StatusChangeEvent [timestamp=1555891058534, current=UP, previous=DOWN]
2019-04-22 07:57:38.535  INFO 20300 --- [Ze5qzfDsepAYg-1] o.s.cloud.bus.event.RefreshListener      : Received remote refresh request. Keys refreshed [config.client.version, foo]
2019-04-22 07:57:38.599  INFO 20300 --- [nfoReplicator-0] com.netflix.discovery.DiscoveryClient    : DiscoveryClient_CONFIG-CLIENT/192.168.80.130:config-client:8882: registering service...
2019-04-22 07:57:38.603  INFO 20300 --- [Ze5qzfDsepAYg-1] o.s.a.r.c.CachingConnectionFactory       : Attempting to connect to: [192.168.80.130:5672]
2019-04-22 07:57:38.615  INFO 20300 --- [nfoReplicator-0] com.netflix.discovery.DiscoveryClient    : DiscoveryClient_CONFIG-CLIENT/192.168.80.130:config-client:8882 - registration status: 204
2019-04-22 07:57:38.625  INFO 20300 --- [Ze5qzfDsepAYg-1] o.s.a.r.c.CachingConnectionFactory       : Created new connection: rabbitConnectionFactory.publisher#6a131d95:0/SimpleConnection@51e18531 [delegate=amqp://liuxl@192.168.80.130:5672/, localPort= 53888]
2019-04-22 07:57:38.627  INFO 20300 --- [Ze5qzfDsepAYg-1] o.s.amqp.rabbit.core.RabbitAdmin         : Auto-declaring a non-durable, auto-delete, or exclusive Queue (springCloudBus.anonymous.HmA4qBwBQZe5qzfDsepAYg) durable:false, auto-delete:true, exclusive:true. It will be redeclared if the broker stops and is restarted while the connection factory is alive, but all messages will be lost.
2019-04-22 08:01:12.837  INFO 20300 --- [       Thread-9] ConfigServletWebServerApplicationContext : Closing org.springframework.boot.web.servlet.context.AnnotationConfigServletWebServerApplicationContext@7c9d8e2: startup date [Mon Apr 22 07:48:16 CST 2019]; parent: org.springframework.context.annotation.AnnotationConfigApplicationContext@5ebec15
2019-04-22 08:01:13.167  INFO 20300 --- [       Thread-9] o.s.c.n.e.s.EurekaServiceRegistry        : Unregistering application config-client with eureka with status DOWN
2019-04-22 08:01:13.167  WARN 20300 --- [       Thread-9] com.netflix.discovery.DiscoveryClient    : Saw local status change event StatusChangeEvent [timestamp=1555891273167, current=DOWN, previous=UP]
2019-04-22 08:01:13.190  WARN 20300 --- [168.80.130:5672] c.r.c.impl.ForgivingExceptionHandler     : An unexpected connection driver error occured (Exception message: Connection reset)
2019-04-22 08:01:13.195  WARN 20300 --- [168.80.130:5672] c.r.c.impl.ForgivingExceptionHandler     : An unexpected connection driver error occured (Exception message: Connection reset)
2019-04-22 08:01:13.198 ERROR 20300 --- [168.80.130:5672] o.s.a.r.c.CachingConnectionFactory       : Channel shutdown: connection error
2019-04-22 08:01:13.198 ERROR 20300 --- [168.80.130:5672] o.s.a.r.c.CachingConnectionFactory       : Channel shutdown: connection error
2019-04-22 08:01:13.241 ERROR 20300 --- [168.80.130:5672] o.s.a.r.c.CachingConnectionFactory       : Channel shutdown: connection error
2019-04-22 08:01:13.432  INFO 20300 --- [       Thread-9] s.c.a.AnnotationConfigApplicationContext : Closing org.springframework.context.annotation.AnnotationConfigApplicationContext@6175619b: startup date [Mon Apr 22 07:48:49 CST 2019]; parent: org.springframework.boot.web.servlet.context.AnnotationConfigServletWebServerApplicationContext@7c9d8e2
2019-04-22 08:01:13.449  INFO 20300 --- [nfoReplicator-0] com.netflix.discovery.DiscoveryClient    : DiscoveryClient_CONFIG-CLIENT/192.168.80.130:config-client:8882: registering service...
2019-04-22 08:01:13.473  INFO 20300 --- [nfoReplicator-0] com.netflix.discovery.DiscoveryClient    : DiscoveryClient_CONFIG-CLIENT/192.168.80.130:config-client:8882 - registration status: 204
2019-04-22 08:01:13.478  INFO 20300 --- [       Thread-9] o.s.c.support.DefaultLifecycleProcessor  : Stopping beans in phase 2147483647
2019-04-22 08:01:13.479  INFO 20300 --- [       Thread-9] o.s.c.support.DefaultLifecycleProcessor  : Stopping beans in phase 2147482647
2019-04-22 08:01:13.480  INFO 20300 --- [       Thread-9] o.s.a.r.l.SimpleMessageListenerContainer : Waiting for workers to finish.
2019-04-22 08:01:13.480  INFO 20300 --- [       Thread-9] o.s.a.r.l.SimpleMessageListenerContainer : Successfully waited for workers to finish.
2019-04-22 08:01:13.480  INFO 20300 --- [       Thread-9] o.s.i.a.i.AmqpInboundChannelAdapter      : stopped inbound.springCloudBus.anonymous.HmA4qBwBQZe5qzfDsepAYg
2019-04-22 08:01:13.496  INFO 20300 --- [       Thread-9] o.s.c.support.DefaultLifecycleProcessor  : Stopping beans in phase 0
2019-04-22 08:01:13.499  INFO 20300 --- [       Thread-9] o.s.i.endpoint.EventDrivenConsumer       : Removing {logging-channel-adapter:_org.springframework.integration.errorLogger} as a subscriber to the 'errorChannel' channel
2019-04-22 08:01:13.519  INFO 20300 --- [       Thread-9] o.s.i.channel.PublishSubscribeChannel    : Channel 'config-client-1.errorChannel' has 0 subscriber(s).
2019-04-22 08:01:13.519  INFO 20300 --- [       Thread-9] o.s.i.endpoint.EventDrivenConsumer       : stopped _org.springframework.integration.errorLogger
2019-04-22 08:01:13.519  INFO 20300 --- [       Thread-9] o.s.c.support.DefaultLifecycleProcessor  : Stopping beans in phase -2147482648
2019-04-22 08:01:13.535  INFO 20300 --- [       Thread-9] o.s.i.monitor.IntegrationMBeanExporter   : Unregistering JMX-exposed beans on shutdown
2019-04-22 08:01:13.557  INFO 20300 --- [       Thread-9] o.s.i.monitor.IntegrationMBeanExporter   : Unregistering JMX-exposed beans
2019-04-22 08:01:13.557  INFO 20300 --- [       Thread-9] o.s.i.monitor.IntegrationMBeanExporter   : Summary on shutdown: springCloudBusOutput
2019-04-22 08:01:13.557  INFO 20300 --- [       Thread-9] o.s.i.monitor.IntegrationMBeanExporter   : Summary on shutdown: nullChannel
2019-04-22 08:01:13.557  INFO 20300 --- [       Thread-9] o.s.i.monitor.IntegrationMBeanExporter   : Summary on shutdown: errorChannel
2019-04-22 08:01:13.557  INFO 20300 --- [       Thread-9] o.s.i.monitor.IntegrationMBeanExporter   : Summary on shutdown: springCloudBusInput
2019-04-22 08:01:13.557  INFO 20300 --- [       Thread-9] o.s.i.monitor.IntegrationMBeanExporter   : Summary on shutdown: _org.springframework.integration.errorLogger.handler
2019-04-22 08:01:13.558  INFO 20300 --- [       Thread-9] o.s.j.e.a.AnnotationMBeanExporter        : Unregistering JMX-exposed beans on shutdown
2019-04-22 08:01:13.619  INFO 20300 --- [       Thread-9] o.s.j.e.a.AnnotationMBeanExporter        : Unregistering JMX-exposed beans
2019-04-22 08:01:13.682  INFO 20300 --- [       Thread-9] o.s.s.c.ThreadPoolTaskScheduler          : Shutting down ExecutorService 'taskScheduler'
2019-04-22 08:01:13.686  INFO 20300 --- [       Thread-9] com.netflix.discovery.DiscoveryClient    : Shutting down DiscoveryClient ...
2019-04-22 08:01:16.718  INFO 20300 --- [       Thread-9] com.netflix.discovery.DiscoveryClient    : Unregistering ...
2019-04-22 08:01:16.738 ERROR 20300 --- [       Thread-9] c.n.d.s.t.d.RedirectingEurekaHttpClient  : Request execution error

com.sun.jersey.api.client.ClientHandlerException: java.net.ConnectException: Connection refused (Connection refused)
	at com.sun.jersey.client.apache4.ApacheHttpClient4Handler.handle(ApacheHttpClient4Handler.java:187) ~[jersey-apache-client4-1.19.1.jar!/:1.19.1]
	at com.sun.jersey.api.client.filter.GZIPContentEncodingFilter.handle(GZIPContentEncodingFilter.java:123) ~[jersey-client-1.19.1.jar!/:1.19.1]
	at com.netflix.discovery.EurekaIdentityHeaderFilter.handle(EurekaIdentityHeaderFilter.java:27) ~[eureka-client-1.9.2.jar!/:1.9.2]
	at com.sun.jersey.api.client.Client.handle(Client.java:652) ~[jersey-client-1.19.1.jar!/:1.19.1]
	at com.sun.jersey.api.client.WebResource.handle(WebResource.java:682) ~[jersey-client-1.19.1.jar!/:1.19.1]
	at com.sun.jersey.api.client.WebResource.access$200(WebResource.java:74) ~[jersey-client-1.19.1.jar!/:1.19.1]
	at com.sun.jersey.api.client.WebResource$Builder.delete(WebResource.java:591) ~[jersey-client-1.19.1.jar!/:1.19.1]
	at com.netflix.discovery.shared.transport.jersey.AbstractJerseyEurekaHttpClient.cancel(AbstractJerseyEurekaHttpClient.java:76) ~[eureka-client-1.9.2.jar!/:1.9.2]
	at com.netflix.discovery.shared.transport.decorator.EurekaHttpClientDecorator$2.execute(EurekaHttpClientDecorator.java:74) [eureka-client-1.9.2.jar!/:1.9.2]
	at com.netflix.discovery.shared.transport.decorator.MetricsCollectingEurekaHttpClient.execute(MetricsCollectingEurekaHttpClient.java:73) ~[eureka-client-1.9.2.jar!/:1.9.2]
	at com.netflix.discovery.shared.transport.decorator.EurekaHttpClientDecorator.cancel(EurekaHttpClientDecorator.java:71) [eureka-client-1.9.2.jar!/:1.9.2]
	at com.netflix.discovery.shared.transport.decorator.EurekaHttpClientDecorator$2.execute(EurekaHttpClientDecorator.java:74) [eureka-client-1.9.2.jar!/:1.9.2]
	at com.netflix.discovery.shared.transport.decorator.RedirectingEurekaHttpClient.execute(RedirectingEurekaHttpClient.java:89) ~[eureka-client-1.9.2.jar!/:1.9.2]
	at com.netflix.discovery.shared.transport.decorator.EurekaHttpClientDecorator.cancel(EurekaHttpClientDecorator.java:71) [eureka-client-1.9.2.jar!/:1.9.2]
	at com.netflix.discovery.shared.transport.decorator.EurekaHttpClientDecorator$2.execute(EurekaHttpClientDecorator.java:74) [eureka-client-1.9.2.jar!/:1.9.2]
	at com.netflix.discovery.shared.transport.decorator.RetryableEurekaHttpClient.execute(RetryableEurekaHttpClient.java:120) [eureka-client-1.9.2.jar!/:1.9.2]
	at com.netflix.discovery.shared.transport.decorator.EurekaHttpClientDecorator.cancel(EurekaHttpClientDecorator.java:71) [eureka-client-1.9.2.jar!/:1.9.2]
	at com.netflix.discovery.shared.transport.decorator.EurekaHttpClientDecorator$2.execute(EurekaHttpClientDecorator.java:74) [eureka-client-1.9.2.jar!/:1.9.2]
	at com.netflix.discovery.shared.transport.decorator.SessionedEurekaHttpClient.execute(SessionedEurekaHttpClient.java:77) [eureka-client-1.9.2.jar!/:1.9.2]
	at com.netflix.discovery.shared.transport.decorator.EurekaHttpClientDecorator.cancel(EurekaHttpClientDecorator.java:71) [eureka-client-1.9.2.jar!/:1.9.2]
	at com.netflix.discovery.DiscoveryClient.unregister(DiscoveryClient.java:923) [eureka-client-1.9.2.jar!/:1.9.2]
	at com.netflix.discovery.DiscoveryClient.shutdown(DiscoveryClient.java:901) [eureka-client-1.9.2.jar!/:1.9.2]
	at sun.reflect.NativeMethodAccessorImpl.invoke0(Native Method) ~[na:1.8.0_181]
	at sun.reflect.NativeMethodAccessorImpl.invoke(NativeMethodAccessorImpl.java:62) ~[na:1.8.0_181]
	at sun.reflect.DelegatingMethodAccessorImpl.invoke(DelegatingMethodAccessorImpl.java:43) ~[na:1.8.0_181]
	at java.lang.reflect.Method.invoke(Method.java:498) ~[na:1.8.0_181]
	at org.springframework.util.ReflectionUtils.invokeMethod(ReflectionUtils.java:223) [spring-core-5.0.7.RELEASE.jar!/:5.0.7.RELEASE]
	at org.springframework.cloud.context.scope.GenericScope$LockedScopedProxyFactoryBean.invoke(GenericScope.java:494) [spring-cloud-context-2.0.0.RELEASE.jar!/:2.0.0.RELEASE]
	at org.springframework.aop.framework.ReflectiveMethodInvocation.proceed(ReflectiveMethodInvocation.java:185) [spring-aop-5.0.7.RELEASE.jar!/:5.0.7.RELEASE]
	at org.springframework.aop.framework.JdkDynamicAopProxy.invoke(JdkDynamicAopProxy.java:212) [spring-aop-5.0.7.RELEASE.jar!/:5.0.7.RELEASE]
	at com.sun.proxy.$Proxy140.shutdown(Unknown Source) [na:na]
	at org.springframework.cloud.netflix.eureka.serviceregistry.EurekaRegistration.close(EurekaRegistration.java:207) [spring-cloud-netflix-eureka-client-2.0.0.RELEASE.jar!/:2.0.0.RELEASE]
	at sun.reflect.NativeMethodAccessorImpl.invoke0(Native Method) ~[na:1.8.0_181]
	at sun.reflect.NativeMethodAccessorImpl.invoke(NativeMethodAccessorImpl.java:62) ~[na:1.8.0_181]
	at sun.reflect.DelegatingMethodAccessorImpl.invoke(DelegatingMethodAccessorImpl.java:43) ~[na:1.8.0_181]
	at java.lang.reflect.Method.invoke(Method.java:498) ~[na:1.8.0_181]
	at org.springframework.beans.factory.support.DisposableBeanAdapter.invokeCustomDestroyMethod(DisposableBeanAdapter.java:337) [spring-beans-5.0.7.RELEASE.jar!/:5.0.7.RELEASE]
	at org.springframework.beans.factory.support.DisposableBeanAdapter.destroy(DisposableBeanAdapter.java:271) [spring-beans-5.0.7.RELEASE.jar!/:5.0.7.RELEASE]
	at org.springframework.beans.factory.support.DefaultSingletonBeanRegistry.destroyBean(DefaultSingletonBeanRegistry.java:571) [spring-beans-5.0.7.RELEASE.jar!/:5.0.7.RELEASE]
	at org.springframework.beans.factory.support.DefaultSingletonBeanRegistry.destroySingleton(DefaultSingletonBeanRegistry.java:543) [spring-beans-5.0.7.RELEASE.jar!/:5.0.7.RELEASE]
	at org.springframework.beans.factory.support.DefaultListableBeanFactory.destroySingleton(DefaultListableBeanFactory.java:957) [spring-beans-5.0.7.RELEASE.jar!/:5.0.7.RELEASE]
	at org.springframework.beans.factory.support.DefaultSingletonBeanRegistry.destroySingletons(DefaultSingletonBeanRegistry.java:504) [spring-beans-5.0.7.RELEASE.jar!/:5.0.7.RELEASE]
	at org.springframework.beans.factory.support.DefaultListableBeanFactory.destroySingletons(DefaultListableBeanFactory.java:964) [spring-beans-5.0.7.RELEASE.jar!/:5.0.7.RELEASE]
	at org.springframework.context.support.AbstractApplicationContext.destroyBeans(AbstractApplicationContext.java:1041) [spring-context-5.0.7.RELEASE.jar!/:5.0.7.RELEASE]
	at org.springframework.context.support.AbstractApplicationContext.doClose(AbstractApplicationContext.java:1017) [spring-context-5.0.7.RELEASE.jar!/:5.0.7.RELEASE]
	at org.springframework.context.support.AbstractApplicationContext$1.run(AbstractApplicationContext.java:937) [spring-context-5.0.7.RELEASE.jar!/:5.0.7.RELEASE]
Caused by: java.net.ConnectException: Connection refused (Connection refused)
	at java.net.PlainSocketImpl.socketConnect(Native Method) ~[na:1.8.0_181]
	at java.net.AbstractPlainSocketImpl.doConnect(AbstractPlainSocketImpl.java:350) ~[na:1.8.0_181]
	at java.net.AbstractPlainSocketImpl.connectToAddress(AbstractPlainSocketImpl.java:206) ~[na:1.8.0_181]
	at java.net.AbstractPlainSocketImpl.connect(AbstractPlainSocketImpl.java:188) ~[na:1.8.0_181]
	at java.net.SocksSocketImpl.connect(SocksSocketImpl.java:392) ~[na:1.8.0_181]
	at java.net.Socket.connect(Socket.java:589) ~[na:1.8.0_181]
	at org.apache.http.conn.scheme.PlainSocketFactory.connectSocket(PlainSocketFactory.java:121) ~[httpclient-4.5.5.jar!/:4.5.5]
	at org.apache.http.impl.conn.DefaultClientConnectionOperator.openConnection(DefaultClientConnectionOperator.java:180) ~[httpclient-4.5.5.jar!/:4.5.5]
	at org.apache.http.impl.conn.AbstractPoolEntry.open(AbstractPoolEntry.java:144) ~[httpclient-4.5.5.jar!/:4.5.5]
	at org.apache.http.impl.conn.AbstractPooledConnAdapter.open(AbstractPooledConnAdapter.java:134) ~[httpclient-4.5.5.jar!/:4.5.5]
	at org.apache.http.impl.client.DefaultRequestDirector.tryConnect(DefaultRequestDirector.java:610) ~[httpclient-4.5.5.jar!/:4.5.5]
	at org.apache.http.impl.client.DefaultRequestDirector.execute(DefaultRequestDirector.java:445) ~[httpclient-4.5.5.jar!/:4.5.5]
	at org.apache.http.impl.client.AbstractHttpClient.doExecute(AbstractHttpClient.java:835) ~[httpclient-4.5.5.jar!/:4.5.5]
	at org.apache.http.impl.client.CloseableHttpClient.execute(CloseableHttpClient.java:118) ~[httpclient-4.5.5.jar!/:4.5.5]
	at org.apache.http.impl.client.CloseableHttpClient.execute(CloseableHttpClient.java:56) ~[httpclient-4.5.5.jar!/:4.5.5]
	at com.sun.jersey.client.apache4.ApacheHttpClient4Handler.handle(ApacheHttpClient4Handler.java:173) ~[jersey-apache-client4-1.19.1.jar!/:1.19.1]
	... 45 common frames omitted

2019-04-22 08:01:16.739  WARN 20300 --- [       Thread-9] c.n.d.s.t.d.RetryableEurekaHttpClient    : Request execution failed with message: java.net.ConnectException: Connection refused (Connection refused)
2019-04-22 08:01:16.745 ERROR 20300 --- [       Thread-9] c.n.d.s.t.d.RedirectingEurekaHttpClient  : Request execution error

com.sun.jersey.api.client.ClientHandlerException: java.net.ConnectException: Connection refused (Connection refused)
	at com.sun.jersey.client.apache4.ApacheHttpClient4Handler.handle(ApacheHttpClient4Handler.java:187) ~[jersey-apache-client4-1.19.1.jar!/:1.19.1]
	at com.sun.jersey.api.client.filter.GZIPContentEncodingFilter.handle(GZIPContentEncodingFilter.java:123) ~[jersey-client-1.19.1.jar!/:1.19.1]
	at com.netflix.discovery.EurekaIdentityHeaderFilter.handle(EurekaIdentityHeaderFilter.java:27) ~[eureka-client-1.9.2.jar!/:1.9.2]
	at com.sun.jersey.api.client.Client.handle(Client.java:652) ~[jersey-client-1.19.1.jar!/:1.19.1]
	at com.sun.jersey.api.client.WebResource.handle(WebResource.java:682) ~[jersey-client-1.19.1.jar!/:1.19.1]
	at com.sun.jersey.api.client.WebResource.access$200(WebResource.java:74) ~[jersey-client-1.19.1.jar!/:1.19.1]
	at com.sun.jersey.api.client.WebResource$Builder.delete(WebResource.java:591) ~[jersey-client-1.19.1.jar!/:1.19.1]
	at com.netflix.discovery.shared.transport.jersey.AbstractJerseyEurekaHttpClient.cancel(AbstractJerseyEurekaHttpClient.java:76) ~[eureka-client-1.9.2.jar!/:1.9.2]
	at com.netflix.discovery.shared.transport.decorator.EurekaHttpClientDecorator$2.execute(EurekaHttpClientDecorator.java:74) [eureka-client-1.9.2.jar!/:1.9.2]
	at com.netflix.discovery.shared.transport.decorator.MetricsCollectingEurekaHttpClient.execute(MetricsCollectingEurekaHttpClient.java:73) ~[eureka-client-1.9.2.jar!/:1.9.2]
	at com.netflix.discovery.shared.transport.decorator.EurekaHttpClientDecorator.cancel(EurekaHttpClientDecorator.java:71) [eureka-client-1.9.2.jar!/:1.9.2]
	at com.netflix.discovery.shared.transport.decorator.EurekaHttpClientDecorator$2.execute(EurekaHttpClientDecorator.java:74) [eureka-client-1.9.2.jar!/:1.9.2]
	at com.netflix.discovery.shared.transport.decorator.RedirectingEurekaHttpClient.executeOnNewServer(RedirectingEurekaHttpClient.java:118) ~[eureka-client-1.9.2.jar!/:1.9.2]
	at com.netflix.discovery.shared.transport.decorator.RedirectingEurekaHttpClient.execute(RedirectingEurekaHttpClient.java:79) ~[eureka-client-1.9.2.jar!/:1.9.2]
	at com.netflix.discovery.shared.transport.decorator.EurekaHttpClientDecorator.cancel(EurekaHttpClientDecorator.java:71) [eureka-client-1.9.2.jar!/:1.9.2]
	at com.netflix.discovery.shared.transport.decorator.EurekaHttpClientDecorator$2.execute(EurekaHttpClientDecorator.java:74) [eureka-client-1.9.2.jar!/:1.9.2]
	at com.netflix.discovery.shared.transport.decorator.RetryableEurekaHttpClient.execute(RetryableEurekaHttpClient.java:120) [eureka-client-1.9.2.jar!/:1.9.2]
	at com.netflix.discovery.shared.transport.decorator.EurekaHttpClientDecorator.cancel(EurekaHttpClientDecorator.java:71) [eureka-client-1.9.2.jar!/:1.9.2]
	at com.netflix.discovery.shared.transport.decorator.EurekaHttpClientDecorator$2.execute(EurekaHttpClientDecorator.java:74) [eureka-client-1.9.2.jar!/:1.9.2]
	at com.netflix.discovery.shared.transport.decorator.SessionedEurekaHttpClient.execute(SessionedEurekaHttpClient.java:77) [eureka-client-1.9.2.jar!/:1.9.2]
	at com.netflix.discovery.shared.transport.decorator.EurekaHttpClientDecorator.cancel(EurekaHttpClientDecorator.java:71) [eureka-client-1.9.2.jar!/:1.9.2]
	at com.netflix.discovery.DiscoveryClient.unregister(DiscoveryClient.java:923) [eureka-client-1.9.2.jar!/:1.9.2]
	at com.netflix.discovery.DiscoveryClient.shutdown(DiscoveryClient.java:901) [eureka-client-1.9.2.jar!/:1.9.2]
	at sun.reflect.NativeMethodAccessorImpl.invoke0(Native Method) ~[na:1.8.0_181]
	at sun.reflect.NativeMethodAccessorImpl.invoke(NativeMethodAccessorImpl.java:62) ~[na:1.8.0_181]
	at sun.reflect.DelegatingMethodAccessorImpl.invoke(DelegatingMethodAccessorImpl.java:43) ~[na:1.8.0_181]
	at java.lang.reflect.Method.invoke(Method.java:498) ~[na:1.8.0_181]
	at org.springframework.util.ReflectionUtils.invokeMethod(ReflectionUtils.java:223) [spring-core-5.0.7.RELEASE.jar!/:5.0.7.RELEASE]
	at org.springframework.cloud.context.scope.GenericScope$LockedScopedProxyFactoryBean.invoke(GenericScope.java:494) [spring-cloud-context-2.0.0.RELEASE.jar!/:2.0.0.RELEASE]
	at org.springframework.aop.framework.ReflectiveMethodInvocation.proceed(ReflectiveMethodInvocation.java:185) [spring-aop-5.0.7.RELEASE.jar!/:5.0.7.RELEASE]
	at org.springframework.aop.framework.JdkDynamicAopProxy.invoke(JdkDynamicAopProxy.java:212) [spring-aop-5.0.7.RELEASE.jar!/:5.0.7.RELEASE]
	at com.sun.proxy.$Proxy140.shutdown(Unknown Source) [na:na]
	at org.springframework.cloud.netflix.eureka.serviceregistry.EurekaRegistration.close(EurekaRegistration.java:207) [spring-cloud-netflix-eureka-client-2.0.0.RELEASE.jar!/:2.0.0.RELEASE]
	at sun.reflect.NativeMethodAccessorImpl.invoke0(Native Method) ~[na:1.8.0_181]
	at sun.reflect.NativeMethodAccessorImpl.invoke(NativeMethodAccessorImpl.java:62) ~[na:1.8.0_181]
	at sun.reflect.DelegatingMethodAccessorImpl.invoke(DelegatingMethodAccessorImpl.java:43) ~[na:1.8.0_181]
	at java.lang.reflect.Method.invoke(Method.java:498) ~[na:1.8.0_181]
	at org.springframework.beans.factory.support.DisposableBeanAdapter.invokeCustomDestroyMethod(DisposableBeanAdapter.java:337) [spring-beans-5.0.7.RELEASE.jar!/:5.0.7.RELEASE]
	at org.springframework.beans.factory.support.DisposableBeanAdapter.destroy(DisposableBeanAdapter.java:271) [spring-beans-5.0.7.RELEASE.jar!/:5.0.7.RELEASE]
	at org.springframework.beans.factory.support.DefaultSingletonBeanRegistry.destroyBean(DefaultSingletonBeanRegistry.java:571) [spring-beans-5.0.7.RELEASE.jar!/:5.0.7.RELEASE]
	at org.springframework.beans.factory.support.DefaultSingletonBeanRegistry.destroySingleton(DefaultSingletonBeanRegistry.java:543) [spring-beans-5.0.7.RELEASE.jar!/:5.0.7.RELEASE]
	at org.springframework.beans.factory.support.DefaultListableBeanFactory.destroySingleton(DefaultListableBeanFactory.java:957) [spring-beans-5.0.7.RELEASE.jar!/:5.0.7.RELEASE]
	at org.springframework.beans.factory.support.DefaultSingletonBeanRegistry.destroySingletons(DefaultSingletonBeanRegistry.java:504) [spring-beans-5.0.7.RELEASE.jar!/:5.0.7.RELEASE]
	at org.springframework.beans.factory.support.DefaultListableBeanFactory.destroySingletons(DefaultListableBeanFactory.java:964) [spring-beans-5.0.7.RELEASE.jar!/:5.0.7.RELEASE]
	at org.springframework.context.support.AbstractApplicationContext.destroyBeans(AbstractApplicationContext.java:1041) [spring-context-5.0.7.RELEASE.jar!/:5.0.7.RELEASE]
	at org.springframework.context.support.AbstractApplicationContext.doClose(AbstractApplicationContext.java:1017) [spring-context-5.0.7.RELEASE.jar!/:5.0.7.RELEASE]
	at org.springframework.context.support.AbstractApplicationContext$1.run(AbstractApplicationContext.java:937) [spring-context-5.0.7.RELEASE.jar!/:5.0.7.RELEASE]
Caused by: java.net.ConnectException: Connection refused (Connection refused)
	at java.net.PlainSocketImpl.socketConnect(Native Method) ~[na:1.8.0_181]
	at java.net.AbstractPlainSocketImpl.doConnect(AbstractPlainSocketImpl.java:350) ~[na:1.8.0_181]
	at java.net.AbstractPlainSocketImpl.connectToAddress(AbstractPlainSocketImpl.java:206) ~[na:1.8.0_181]
	at java.net.AbstractPlainSocketImpl.connect(AbstractPlainSocketImpl.java:188) ~[na:1.8.0_181]
	at java.net.SocksSocketImpl.connect(SocksSocketImpl.java:392) ~[na:1.8.0_181]
	at java.net.Socket.connect(Socket.java:589) ~[na:1.8.0_181]
	at org.apache.http.conn.scheme.PlainSocketFactory.connectSocket(PlainSocketFactory.java:121) ~[httpclient-4.5.5.jar!/:4.5.5]
	at org.apache.http.impl.conn.DefaultClientConnectionOperator.openConnection(DefaultClientConnectionOperator.java:180) ~[httpclient-4.5.5.jar!/:4.5.5]
	at org.apache.http.impl.conn.AbstractPoolEntry.open(AbstractPoolEntry.java:144) ~[httpclient-4.5.5.jar!/:4.5.5]
	at org.apache.http.impl.conn.AbstractPooledConnAdapter.open(AbstractPooledConnAdapter.java:134) ~[httpclient-4.5.5.jar!/:4.5.5]
	at org.apache.http.impl.client.DefaultRequestDirector.tryConnect(DefaultRequestDirector.java:610) ~[httpclient-4.5.5.jar!/:4.5.5]
	at org.apache.http.impl.client.DefaultRequestDirector.execute(DefaultRequestDirector.java:445) ~[httpclient-4.5.5.jar!/:4.5.5]
	at org.apache.http.impl.client.AbstractHttpClient.doExecute(AbstractHttpClient.java:835) ~[httpclient-4.5.5.jar!/:4.5.5]
	at org.apache.http.impl.client.CloseableHttpClient.execute(CloseableHttpClient.java:118) ~[httpclient-4.5.5.jar!/:4.5.5]
	at org.apache.http.impl.client.CloseableHttpClient.execute(CloseableHttpClient.java:56) ~[httpclient-4.5.5.jar!/:4.5.5]
	at com.sun.jersey.client.apache4.ApacheHttpClient4Handler.handle(ApacheHttpClient4Handler.java:173) ~[jersey-apache-client4-1.19.1.jar!/:1.19.1]
	... 46 common frames omitted

2019-04-22 08:01:16.746  WARN 20300 --- [       Thread-9] c.n.d.s.t.d.RetryableEurekaHttpClient    : Request execution failed with message: java.net.ConnectException: Connection refused (Connection refused)
2019-04-22 08:01:16.748 ERROR 20300 --- [       Thread-9] com.netflix.discovery.DiscoveryClient    : DiscoveryClient_CONFIG-CLIENT/192.168.80.130:config-client:8882 - de-registration failedCannot execute request on any known server

com.netflix.discovery.shared.transport.TransportException: Cannot execute request on any known server
	at com.netflix.discovery.shared.transport.decorator.RetryableEurekaHttpClient.execute(RetryableEurekaHttpClient.java:112) ~[eureka-client-1.9.2.jar!/:1.9.2]
	at com.netflix.discovery.shared.transport.decorator.EurekaHttpClientDecorator.cancel(EurekaHttpClientDecorator.java:71) ~[eureka-client-1.9.2.jar!/:1.9.2]
	at com.netflix.discovery.shared.transport.decorator.EurekaHttpClientDecorator$2.execute(EurekaHttpClientDecorator.java:74) ~[eureka-client-1.9.2.jar!/:1.9.2]
	at com.netflix.discovery.shared.transport.decorator.SessionedEurekaHttpClient.execute(SessionedEurekaHttpClient.java:77) ~[eureka-client-1.9.2.jar!/:1.9.2]
	at com.netflix.discovery.shared.transport.decorator.EurekaHttpClientDecorator.cancel(EurekaHttpClientDecorator.java:71) ~[eureka-client-1.9.2.jar!/:1.9.2]
	at com.netflix.discovery.DiscoveryClient.unregister(DiscoveryClient.java:923) [eureka-client-1.9.2.jar!/:1.9.2]
	at com.netflix.discovery.DiscoveryClient.shutdown(DiscoveryClient.java:901) [eureka-client-1.9.2.jar!/:1.9.2]
	at sun.reflect.NativeMethodAccessorImpl.invoke0(Native Method) ~[na:1.8.0_181]
	at sun.reflect.NativeMethodAccessorImpl.invoke(NativeMethodAccessorImpl.java:62) ~[na:1.8.0_181]
	at sun.reflect.DelegatingMethodAccessorImpl.invoke(DelegatingMethodAccessorImpl.java:43) ~[na:1.8.0_181]
	at java.lang.reflect.Method.invoke(Method.java:498) ~[na:1.8.0_181]
	at org.springframework.util.ReflectionUtils.invokeMethod(ReflectionUtils.java:223) [spring-core-5.0.7.RELEASE.jar!/:5.0.7.RELEASE]
	at org.springframework.cloud.context.scope.GenericScope$LockedScopedProxyFactoryBean.invoke(GenericScope.java:494) [spring-cloud-context-2.0.0.RELEASE.jar!/:2.0.0.RELEASE]
	at org.springframework.aop.framework.ReflectiveMethodInvocation.proceed(ReflectiveMethodInvocation.java:185) [spring-aop-5.0.7.RELEASE.jar!/:5.0.7.RELEASE]
	at org.springframework.aop.framework.JdkDynamicAopProxy.invoke(JdkDynamicAopProxy.java:212) [spring-aop-5.0.7.RELEASE.jar!/:5.0.7.RELEASE]
	at com.sun.proxy.$Proxy140.shutdown(Unknown Source) [na:na]
	at org.springframework.cloud.netflix.eureka.serviceregistry.EurekaRegistration.close(EurekaRegistration.java:207) [spring-cloud-netflix-eureka-client-2.0.0.RELEASE.jar!/:2.0.0.RELEASE]
	at sun.reflect.NativeMethodAccessorImpl.invoke0(Native Method) ~[na:1.8.0_181]
	at sun.reflect.NativeMethodAccessorImpl.invoke(NativeMethodAccessorImpl.java:62) ~[na:1.8.0_181]
	at sun.reflect.DelegatingMethodAccessorImpl.invoke(DelegatingMethodAccessorImpl.java:43) ~[na:1.8.0_181]
	at java.lang.reflect.Method.invoke(Method.java:498) ~[na:1.8.0_181]
	at org.springframework.beans.factory.support.DisposableBeanAdapter.invokeCustomDestroyMethod(DisposableBeanAdapter.java:337) [spring-beans-5.0.7.RELEASE.jar!/:5.0.7.RELEASE]
	at org.springframework.beans.factory.support.DisposableBeanAdapter.destroy(DisposableBeanAdapter.java:271) [spring-beans-5.0.7.RELEASE.jar!/:5.0.7.RELEASE]
	at org.springframework.beans.factory.support.DefaultSingletonBeanRegistry.destroyBean(DefaultSingletonBeanRegistry.java:571) [spring-beans-5.0.7.RELEASE.jar!/:5.0.7.RELEASE]
	at org.springframework.beans.factory.support.DefaultSingletonBeanRegistry.destroySingleton(DefaultSingletonBeanRegistry.java:543) [spring-beans-5.0.7.RELEASE.jar!/:5.0.7.RELEASE]
	at org.springframework.beans.factory.support.DefaultListableBeanFactory.destroySingleton(DefaultListableBeanFactory.java:957) [spring-beans-5.0.7.RELEASE.jar!/:5.0.7.RELEASE]
	at org.springframework.beans.factory.support.DefaultSingletonBeanRegistry.destroySingletons(DefaultSingletonBeanRegistry.java:504) [spring-beans-5.0.7.RELEASE.jar!/:5.0.7.RELEASE]
	at org.springframework.beans.factory.support.DefaultListableBeanFactory.destroySingletons(DefaultListableBeanFactory.java:964) [spring-beans-5.0.7.RELEASE.jar!/:5.0.7.RELEASE]
	at org.springframework.context.support.AbstractApplicationContext.destroyBeans(AbstractApplicationContext.java:1041) [spring-context-5.0.7.RELEASE.jar!/:5.0.7.RELEASE]
	at org.springframework.context.support.AbstractApplicationContext.doClose(AbstractApplicationContext.java:1017) [spring-context-5.0.7.RELEASE.jar!/:5.0.7.RELEASE]
	at org.springframework.context.support.AbstractApplicationContext$1.run(AbstractApplicationContext.java:937) [spring-context-5.0.7.RELEASE.jar!/:5.0.7.RELEASE]

2019-04-22 08:01:16.802  INFO 20300 --- [       Thread-9] com.netflix.discovery.DiscoveryClient    : Completed shut down of DiscoveryClient
