2019-04-21 19:28:17.664  INFO 21732 --- [           main] s.c.a.AnnotationConfigApplicationContext : Refreshing org.springframework.context.annotation.AnnotationConfigApplicationContext@16c0663d: startup date [Sun Apr 21 19:28:17 CST 2019]; root of context hierarchy
2019-04-21 19:28:20.005  INFO 21732 --- [           main] f.a.AutowiredAnnotationBeanPostProcessor : JSR-330 'javax.inject.Inject' annotation found and supported for autowiring
2019-04-21 19:28:20.403  INFO 21732 --- [           main] trationDelegate$BeanPostProcessorChecker : Bean 'configurationPropertiesRebinderAutoConfiguration' of type [org.springframework.cloud.autoconfigure.ConfigurationPropertiesRebinderAutoConfiguration$$EnhancerBySpringCGLIB$$aa6b7bd] is not eligible for getting processed by all BeanPostProcessors (for example: not eligible for auto-proxying)

  .   ____          _            __ _ _
 /\\ / ___'_ __ _ _(_)_ __  __ _ \ \ \ \
( ( )\___ | '_ | '_| | '_ \/ _` | \ \ \ \
 \\/  ___)| |_)| | | | | || (_| |  ) ) ) )
  '  |____| .__|_| |_|_| |_\__, | / / / /
 =========|_|==============|___/=/_/_/_/
 :: Spring Boot ::        (v2.0.3.RELEASE)

2019-04-21 19:28:22.863  INFO 21732 --- [           main] c.forezp.servicehi.ServiceHiApplication  : No active profile set, falling back to default profiles: default
2019-04-21 19:28:23.000  INFO 21732 --- [           main] ConfigServletWebServerApplicationContext : Refreshing org.springframework.boot.web.servlet.context.AnnotationConfigServletWebServerApplicationContext@31a5c39e: startup date [Sun Apr 21 19:28:23 CST 2019]; parent: org.springframework.context.annotation.AnnotationConfigApplicationContext@16c0663d
2019-04-21 19:28:29.065  INFO 21732 --- [           main] o.s.cloud.context.scope.GenericScope     : BeanFactory id=7f3220c3-97c3-3d05-b1f1-219f4078e9a4
2019-04-21 19:28:29.185  INFO 21732 --- [           main] f.a.AutowiredAnnotationBeanPostProcessor : JSR-330 'javax.inject.Inject' annotation found and supported for autowiring
2019-04-21 19:28:30.393  INFO 21732 --- [           main] trationDelegate$BeanPostProcessorChecker : Bean 'org.springframework.cloud.autoconfigure.ConfigurationPropertiesRebinderAutoConfiguration' of type [org.springframework.cloud.autoconfigure.ConfigurationPropertiesRebinderAutoConfiguration$$EnhancerBySpringCGLIB$$aa6b7bd] is not eligible for getting processed by all BeanPostProcessors (for example: not eligible for auto-proxying)
2019-04-21 19:28:32.711  INFO 21732 --- [           main] o.s.b.w.embedded.tomcat.TomcatWebServer  : Tomcat initialized with port(s): 8763 (http)
2019-04-21 19:28:32.994  INFO 21732 --- [           main] o.apache.catalina.core.StandardService   : Starting service [Tomcat]
2019-04-21 19:28:32.994  INFO 21732 --- [           main] org.apache.catalina.core.StandardEngine  : Starting Servlet Engine: Apache Tomcat/8.5.31
2019-04-21 19:28:33.251  INFO 21732 --- [ost-startStop-1] o.a.catalina.core.AprLifecycleListener   : The APR based Apache Tomcat Native library which allows optimal performance in production environments was not found on the java.library.path: [/usr/java/packages/lib/amd64:/usr/lib64:/lib64:/lib:/usr/lib]
2019-04-21 19:28:33.948  INFO 21732 --- [ost-startStop-1] o.a.c.c.C.[Tomcat].[localhost].[/]       : Initializing Spring embedded WebApplicationContext
2019-04-21 19:28:33.949  INFO 21732 --- [ost-startStop-1] o.s.web.context.ContextLoader            : Root WebApplicationContext: initialization completed in 10949 ms
2019-04-21 19:28:35.271  INFO 21732 --- [ost-startStop-1] o.s.b.w.servlet.ServletRegistrationBean  : Servlet dispatcherServlet mapped to [/]
2019-04-21 19:28:35.290  INFO 21732 --- [ost-startStop-1] o.s.b.w.servlet.FilterRegistrationBean   : Mapping filter: 'characterEncodingFilter' to: [/*]
2019-04-21 19:28:35.290  INFO 21732 --- [ost-startStop-1] o.s.b.w.servlet.FilterRegistrationBean   : Mapping filter: 'hiddenHttpMethodFilter' to: [/*]
2019-04-21 19:28:35.290  INFO 21732 --- [ost-startStop-1] o.s.b.w.servlet.FilterRegistrationBean   : Mapping filter: 'httpPutFormContentFilter' to: [/*]
2019-04-21 19:28:35.291  INFO 21732 --- [ost-startStop-1] o.s.b.w.servlet.FilterRegistrationBean   : Mapping filter: 'requestContextFilter' to: [/*]
2019-04-21 19:28:36.589  WARN 21732 --- [           main] c.n.c.sources.URLConfigurationSource     : No URLs will be polled as dynamic configuration sources.
2019-04-21 19:28:36.589  INFO 21732 --- [           main] c.n.c.sources.URLConfigurationSource     : To enable URLs as dynamic configuration sources, define System property archaius.configurationSource.additionalUrls or make config.properties available on classpath.
2019-04-21 19:28:36.677  WARN 21732 --- [           main] c.n.c.sources.URLConfigurationSource     : No URLs will be polled as dynamic configuration sources.
2019-04-21 19:28:36.677  INFO 21732 --- [           main] c.n.c.sources.URLConfigurationSource     : To enable URLs as dynamic configuration sources, define System property archaius.configurationSource.additionalUrls or make config.properties available on classpath.
2019-04-21 19:28:37.815  INFO 21732 --- [           main] o.s.w.s.handler.SimpleUrlHandlerMapping  : Mapped URL path [/**/favicon.ico] onto handler of type [class org.springframework.web.servlet.resource.ResourceHttpRequestHandler]
2019-04-21 19:28:40.018  INFO 21732 --- [           main] s.w.s.m.m.a.RequestMappingHandlerAdapter : Looking for @ControllerAdvice: org.springframework.boot.web.servlet.context.AnnotationConfigServletWebServerApplicationContext@31a5c39e: startup date [Sun Apr 21 19:28:23 CST 2019]; parent: org.springframework.context.annotation.AnnotationConfigApplicationContext@16c0663d
2019-04-21 19:28:40.865  INFO 21732 --- [           main] s.w.s.m.m.a.RequestMappingHandlerMapping : Mapped "{[/hi]}" onto public java.lang.String com.forezp.servicehi.ServiceHiApplication.home(java.lang.String)
2019-04-21 19:28:40.872  INFO 21732 --- [           main] s.w.s.m.m.a.RequestMappingHandlerMapping : Mapped "{[/error],produces=[text/html]}" onto public org.springframework.web.servlet.ModelAndView org.springframework.boot.autoconfigure.web.servlet.error.BasicErrorController.errorHtml(javax.servlet.http.HttpServletRequest,javax.servlet.http.HttpServletResponse)
2019-04-21 19:28:40.873  INFO 21732 --- [           main] s.w.s.m.m.a.RequestMappingHandlerMapping : Mapped "{[/error]}" onto public org.springframework.http.ResponseEntity<java.util.Map<java.lang.String, java.lang.Object>> org.springframework.boot.autoconfigure.web.servlet.error.BasicErrorController.error(javax.servlet.http.HttpServletRequest)
2019-04-21 19:28:41.330  INFO 21732 --- [           main] o.s.w.s.handler.SimpleUrlHandlerMapping  : Mapped URL path [/webjars/**] onto handler of type [class org.springframework.web.servlet.resource.ResourceHttpRequestHandler]
2019-04-21 19:28:41.330  INFO 21732 --- [           main] o.s.w.s.handler.SimpleUrlHandlerMapping  : Mapped URL path [/**] onto handler of type [class org.springframework.web.servlet.resource.ResourceHttpRequestHandler]
2019-04-21 19:28:45.648  INFO 21732 --- [           main] o.s.cloud.commons.util.InetUtils         : Cannot determine local hostname
2019-04-21 19:28:47.849  INFO 21732 --- [           main] o.s.cloud.commons.util.InetUtils         : Cannot determine local hostname
2019-04-21 19:28:49.352  INFO 21732 --- [           main] o.s.j.e.a.AnnotationMBeanExporter        : Registering beans for JMX exposure on startup
2019-04-21 19:28:49.432  INFO 21732 --- [           main] o.s.j.e.a.AnnotationMBeanExporter        : Bean with name 'configurationPropertiesRebinder' has been autodetected for JMX exposure
2019-04-21 19:28:49.464  INFO 21732 --- [           main] o.s.j.e.a.AnnotationMBeanExporter        : Bean with name 'environmentManager' has been autodetected for JMX exposure
2019-04-21 19:28:49.465  INFO 21732 --- [           main] o.s.j.e.a.AnnotationMBeanExporter        : Bean with name 'refreshScope' has been autodetected for JMX exposure
2019-04-21 19:28:49.469  INFO 21732 --- [           main] o.s.j.e.a.AnnotationMBeanExporter        : Located managed bean 'environmentManager': registering with JMX server as MBean [org.springframework.cloud.context.environment:name=environmentManager,type=EnvironmentManager]
2019-04-21 19:28:49.713  INFO 21732 --- [           main] o.s.j.e.a.AnnotationMBeanExporter        : Located managed bean 'refreshScope': registering with JMX server as MBean [org.springframework.cloud.context.scope.refresh:name=refreshScope,type=RefreshScope]
2019-04-21 19:28:49.890  INFO 21732 --- [           main] o.s.j.e.a.AnnotationMBeanExporter        : Located managed bean 'configurationPropertiesRebinder': registering with JMX server as MBean [org.springframework.cloud.context.properties:name=configurationPropertiesRebinder,context=31a5c39e,type=ConfigurationPropertiesRebinder]
2019-04-21 19:28:49.953  INFO 21732 --- [           main] o.s.c.support.DefaultLifecycleProcessor  : Starting beans in phase 0
2019-04-21 19:28:50.042  INFO 21732 --- [           main] o.s.c.n.eureka.InstanceInfoFactory       : Setting initial instance status as: STARTING
2019-04-21 19:28:50.635  INFO 21732 --- [           main] com.netflix.discovery.DiscoveryClient    : Initializing Eureka in region us-east-1
2019-04-21 19:28:52.639  INFO 21732 --- [           main] c.n.d.provider.DiscoveryJerseyProvider   : Using JSON encoding codec LegacyJacksonJson
2019-04-21 19:28:52.639  INFO 21732 --- [           main] c.n.d.provider.DiscoveryJerseyProvider   : Using JSON decoding codec LegacyJacksonJson
2019-04-21 19:28:54.014  INFO 21732 --- [           main] c.n.d.provider.DiscoveryJerseyProvider   : Using XML encoding codec XStreamXml
2019-04-21 19:28:54.098  INFO 21732 --- [           main] c.n.d.provider.DiscoveryJerseyProvider   : Using XML decoding codec XStreamXml
2019-04-21 19:28:55.965  INFO 21732 --- [           main] c.n.d.s.r.aws.ConfigClusterResolver      : Resolving eureka endpoints via configuration
2019-04-21 19:28:56.169  INFO 21732 --- [           main] com.netflix.discovery.DiscoveryClient    : Disable delta property : false
2019-04-21 19:28:56.169  INFO 21732 --- [           main] com.netflix.discovery.DiscoveryClient    : Single vip registry refresh property : null
2019-04-21 19:28:56.169  INFO 21732 --- [           main] com.netflix.discovery.DiscoveryClient    : Force full registry fetch : false
2019-04-21 19:28:56.170  INFO 21732 --- [           main] com.netflix.discovery.DiscoveryClient    : Application is null : false
2019-04-21 19:28:56.170  INFO 21732 --- [           main] com.netflix.discovery.DiscoveryClient    : Registered Applications size is zero : true
2019-04-21 19:28:56.170  INFO 21732 --- [           main] com.netflix.discovery.DiscoveryClient    : Application version is -1: true
2019-04-21 19:28:56.170  INFO 21732 --- [           main] com.netflix.discovery.DiscoveryClient    : Getting all instance registry info from the eureka server
2019-04-21 19:28:57.954  INFO 21732 --- [           main] com.netflix.discovery.DiscoveryClient    : The response status is 200
2019-04-21 19:28:58.077  INFO 21732 --- [           main] com.netflix.discovery.DiscoveryClient    : Starting heartbeat executor: renew interval is: 30
2019-04-21 19:28:58.129  INFO 21732 --- [           main] c.n.discovery.InstanceInfoReplicator     : InstanceInfoReplicator onDemand update allowed rate per min is 4
2019-04-21 19:28:58.183  INFO 21732 --- [           main] com.netflix.discovery.DiscoveryClient    : Discovery Client initialized at timestamp 1555846138181 with initial instances count: 3
2019-04-21 19:28:58.188  INFO 21732 --- [           main] o.s.c.n.e.s.EurekaServiceRegistry        : Registering application service-hi with eureka with status UP
2019-04-21 19:28:58.189  INFO 21732 --- [           main] com.netflix.discovery.DiscoveryClient    : Saw local status change event StatusChangeEvent [timestamp=1555846138189, current=UP, previous=STARTING]
2019-04-21 19:28:58.331  INFO 21732 --- [nfoReplicator-0] com.netflix.discovery.DiscoveryClient    : DiscoveryClient_SERVICE-HI/localhost:service-hi:8763: registering service...
2019-04-21 19:28:59.328  INFO 21732 --- [           main] o.s.b.w.embedded.tomcat.TomcatWebServer  : Tomcat started on port(s): 8763 (http) with context path ''
2019-04-21 19:28:59.338  INFO 21732 --- [           main] .s.c.n.e.s.EurekaAutoServiceRegistration : Updating port to 8763
2019-04-21 19:28:59.342  INFO 21732 --- [           main] c.forezp.servicehi.ServiceHiApplication  : Started ServiceHiApplication in 46.824 seconds (JVM running for 50.239)
2019-04-21 19:28:59.530  INFO 21732 --- [nfoReplicator-0] com.netflix.discovery.DiscoveryClient    : DiscoveryClient_SERVICE-HI/localhost:service-hi:8763 - registration status: 204
2019-04-21 19:33:56.174  INFO 21732 --- [trap-executor-0] c.n.d.s.r.aws.ConfigClusterResolver      : Resolving eureka endpoints via configuration
2019-04-21 19:38:56.187  INFO 21732 --- [trap-executor-0] c.n.d.s.r.aws.ConfigClusterResolver      : Resolving eureka endpoints via configuration
2019-04-21 19:43:56.190  INFO 21732 --- [trap-executor-0] c.n.d.s.r.aws.ConfigClusterResolver      : Resolving eureka endpoints via configuration
2019-04-21 19:48:56.192  INFO 21732 --- [trap-executor-0] c.n.d.s.r.aws.ConfigClusterResolver      : Resolving eureka endpoints via configuration
2019-04-21 19:53:56.195  INFO 21732 --- [trap-executor-0] c.n.d.s.r.aws.ConfigClusterResolver      : Resolving eureka endpoints via configuration
2019-04-21 19:58:56.197  INFO 21732 --- [trap-executor-0] c.n.d.s.r.aws.ConfigClusterResolver      : Resolving eureka endpoints via configuration
2019-04-21 20:03:56.201  INFO 21732 --- [trap-executor-0] c.n.d.s.r.aws.ConfigClusterResolver      : Resolving eureka endpoints via configuration
2019-04-21 20:06:05.558  INFO 21732 --- [nio-8763-exec-1] o.a.c.c.C.[Tomcat].[localhost].[/]       : Initializing Spring FrameworkServlet 'dispatcherServlet'
2019-04-21 20:06:05.558  INFO 21732 --- [nio-8763-exec-1] o.s.web.servlet.DispatcherServlet        : FrameworkServlet 'dispatcherServlet': initialization started
2019-04-21 20:06:06.171  INFO 21732 --- [nio-8763-exec-1] o.s.web.servlet.DispatcherServlet        : FrameworkServlet 'dispatcherServlet': initialization completed in 613 ms
2019-04-21 20:08:56.202  INFO 21732 --- [trap-executor-0] c.n.d.s.r.aws.ConfigClusterResolver      : Resolving eureka endpoints via configuration
2019-04-21 20:13:56.204  INFO 21732 --- [trap-executor-0] c.n.d.s.r.aws.ConfigClusterResolver      : Resolving eureka endpoints via configuration
2019-04-21 20:18:56.207  INFO 21732 --- [trap-executor-0] c.n.d.s.r.aws.ConfigClusterResolver      : Resolving eureka endpoints via configuration
2019-04-21 20:23:56.208  INFO 21732 --- [trap-executor-0] c.n.d.s.r.aws.ConfigClusterResolver      : Resolving eureka endpoints via configuration
2019-04-21 20:24:47.962  INFO 21732 --- [       Thread-6] ConfigServletWebServerApplicationContext : Closing org.springframework.boot.web.servlet.context.AnnotationConfigServletWebServerApplicationContext@31a5c39e: startup date [Sun Apr 21 19:28:23 CST 2019]; parent: org.springframework.context.annotation.AnnotationConfigApplicationContext@16c0663d
2019-04-21 20:24:48.348  INFO 21732 --- [       Thread-6] o.s.c.n.e.s.EurekaServiceRegistry        : Unregistering application service-hi with eureka with status DOWN
2019-04-21 20:24:48.349  WARN 21732 --- [       Thread-6] com.netflix.discovery.DiscoveryClient    : Saw local status change event StatusChangeEvent [timestamp=1555849488349, current=DOWN, previous=UP]
2019-04-21 20:24:49.320  INFO 21732 --- [nfoReplicator-0] com.netflix.discovery.DiscoveryClient    : DiscoveryClient_SERVICE-HI/localhost:service-hi:8763: registering service...
2019-04-21 20:24:54.375  INFO 21732 --- [       Thread-6] o.s.c.support.DefaultLifecycleProcessor  : Stopping beans in phase 0
2019-04-21 20:24:57.738  INFO 21732 --- [nfoReplicator-0] com.netflix.discovery.DiscoveryClient    : DiscoveryClient_SERVICE-HI/localhost:service-hi:8763 - registration status: 204
2019-04-21 20:25:01.707  INFO 21732 --- [       Thread-6] com.netflix.discovery.DiscoveryClient    : Shutting down DiscoveryClient ...
2019-04-21 20:25:04.720  INFO 21732 --- [       Thread-6] com.netflix.discovery.DiscoveryClient    : Unregistering ...
2019-04-21 20:25:05.419  INFO 21732 --- [       Thread-6] com.netflix.discovery.DiscoveryClient    : DiscoveryClient_SERVICE-HI/localhost:service-hi:8763 - deregister  status: 200
2019-04-21 20:25:11.554  INFO 21732 --- [       Thread-6] com.netflix.discovery.DiscoveryClient    : Completed shut down of DiscoveryClient
2019-04-21 20:25:11.556  INFO 21732 --- [       Thread-6] o.s.j.e.a.AnnotationMBeanExporter        : Unregistering JMX-exposed beans on shutdown
2019-04-21 20:25:11.587  INFO 21732 --- [       Thread-6] o.s.j.e.a.AnnotationMBeanExporter        : Unregistering JMX-exposed beans
