2019-04-25 07:42:40.214  INFO 20618 --- [           main] s.c.a.AnnotationConfigApplicationContext : Refreshing org.springframework.context.annotation.AnnotationConfigApplicationContext@26ba2a48: startup date [Thu Apr 25 07:42:40 CST 2019]; root of context hierarchy
2019-04-25 07:42:41.723  INFO 20618 --- [           main] f.a.AutowiredAnnotationBeanPostProcessor : JSR-330 'javax.inject.Inject' annotation found and supported for autowiring
2019-04-25 07:42:42.006  INFO 20618 --- [           main] trationDelegate$BeanPostProcessorChecker : Bean 'configurationPropertiesRebinderAutoConfiguration' of type [org.springframework.cloud.autoconfigure.ConfigurationPropertiesRebinderAutoConfiguration$$EnhancerBySpringCGLIB$$5d1b8b7f] is not eligible for getting processed by all BeanPostProcessors (for example: not eligible for auto-proxying)

  .   ____          _            __ _ _
 /\\ / ___'_ __ _ _(_)_ __  __ _ \ \ \ \
( ( )\___ | '_ | '_| | '_ \/ _` | \ \ \ \
 \\/  ___)| |_)| | | | | || (_| |  ) ) ) )
  '  |____| .__|_| |_|_| |_\__, | / / / /
 =========|_|==============|___/=/_/_/_/
 :: Spring Boot ::        (v2.0.3.RELEASE)

2019-04-25 07:42:43.136  INFO 20618 --- [           main] c.f.e.EurekaServerApplication            : The following profiles are active: peer1
2019-04-25 07:42:43.279  INFO 20618 --- [           main] ConfigServletWebServerApplicationContext : Refreshing org.springframework.boot.web.servlet.context.AnnotationConfigServletWebServerApplicationContext@3224f60b: startup date [Thu Apr 25 07:42:43 CST 2019]; parent: org.springframework.context.annotation.AnnotationConfigApplicationContext@26ba2a48
2019-04-25 07:42:50.982  INFO 20618 --- [           main] o.s.cloud.context.scope.GenericScope     : BeanFactory id=ff7c1b67-0bdc-3dd7-9a14-65dd8f08d793
2019-04-25 07:42:51.129  INFO 20618 --- [           main] f.a.AutowiredAnnotationBeanPostProcessor : JSR-330 'javax.inject.Inject' annotation found and supported for autowiring
2019-04-25 07:42:51.891  INFO 20618 --- [           main] trationDelegate$BeanPostProcessorChecker : Bean 'org.springframework.cloud.autoconfigure.ConfigurationPropertiesRebinderAutoConfiguration' of type [org.springframework.cloud.autoconfigure.ConfigurationPropertiesRebinderAutoConfiguration$$EnhancerBySpringCGLIB$$5d1b8b7f] is not eligible for getting processed by all BeanPostProcessors (for example: not eligible for auto-proxying)
2019-04-25 07:42:53.863  INFO 20618 --- [           main] o.s.b.w.embedded.tomcat.TomcatWebServer  : Tomcat initialized with port(s): 8761 (http)
2019-04-25 07:42:54.014  INFO 20618 --- [           main] o.apache.catalina.core.StandardService   : Starting service [Tomcat]
2019-04-25 07:42:54.015  INFO 20618 --- [           main] org.apache.catalina.core.StandardEngine  : Starting Servlet Engine: Apache Tomcat/8.5.31
2019-04-25 07:42:54.117  INFO 20618 --- [ost-startStop-1] o.a.catalina.core.AprLifecycleListener   : The APR based Apache Tomcat Native library which allows optimal performance in production environments was not found on the java.library.path: [/usr/java/packages/lib/amd64:/usr/lib64:/lib64:/lib:/usr/lib]
2019-04-25 07:42:54.521  INFO 20618 --- [ost-startStop-1] o.a.c.c.C.[Tomcat].[localhost].[/]       : Initializing Spring embedded WebApplicationContext
2019-04-25 07:42:54.521  INFO 20618 --- [ost-startStop-1] o.s.web.context.ContextLoader            : Root WebApplicationContext: initialization completed in 11242 ms
2019-04-25 07:42:56.003  WARN 20618 --- [ost-startStop-1] c.n.c.sources.URLConfigurationSource     : No URLs will be polled as dynamic configuration sources.
2019-04-25 07:42:56.004  INFO 20618 --- [ost-startStop-1] c.n.c.sources.URLConfigurationSource     : To enable URLs as dynamic configuration sources, define System property archaius.configurationSource.additionalUrls or make config.properties available on classpath.
2019-04-25 07:42:56.128  INFO 20618 --- [ost-startStop-1] c.netflix.config.DynamicPropertyFactory  : DynamicPropertyFactory is initialized with configuration sources: com.netflix.config.ConcurrentCompositeConfiguration@285e027a
2019-04-25 07:43:01.487  INFO 20618 --- [ost-startStop-1] o.s.b.w.servlet.FilterRegistrationBean   : Mapping filter: 'characterEncodingFilter' to: [/*]
2019-04-25 07:43:01.488  INFO 20618 --- [ost-startStop-1] o.s.b.w.servlet.FilterRegistrationBean   : Mapping filter: 'hiddenHttpMethodFilter' to: [/*]
2019-04-25 07:43:01.488  INFO 20618 --- [ost-startStop-1] o.s.b.w.servlet.FilterRegistrationBean   : Mapping filter: 'httpPutFormContentFilter' to: [/*]
2019-04-25 07:43:01.488  INFO 20618 --- [ost-startStop-1] o.s.b.w.servlet.FilterRegistrationBean   : Mapping filter: 'requestContextFilter' to: [/*]
2019-04-25 07:43:01.488  INFO 20618 --- [ost-startStop-1] o.s.b.w.servlet.FilterRegistrationBean   : Mapping filter: 'httpTraceFilter' to: [/*]
2019-04-25 07:43:01.488  INFO 20618 --- [ost-startStop-1] o.s.b.w.servlet.FilterRegistrationBean   : Mapping filter: 'webMvcMetricsFilter' to: [/*]
2019-04-25 07:43:01.488  INFO 20618 --- [ost-startStop-1] o.s.b.w.servlet.FilterRegistrationBean   : Mapping filter: 'servletContainer' to urls: [/eureka/*]
2019-04-25 07:43:01.488  INFO 20618 --- [ost-startStop-1] o.s.b.w.servlet.ServletRegistrationBean  : Servlet dispatcherServlet mapped to [/]
2019-04-25 07:43:02.049  INFO 20618 --- [ost-startStop-1] c.s.j.s.i.a.WebApplicationImpl           : Initiating Jersey application, version 'Jersey: 1.19.1 03/11/2016 02:08 PM'
2019-04-25 07:43:02.523  INFO 20618 --- [ost-startStop-1] c.n.d.provider.DiscoveryJerseyProvider   : Using JSON encoding codec LegacyJacksonJson
2019-04-25 07:43:02.526  INFO 20618 --- [ost-startStop-1] c.n.d.provider.DiscoveryJerseyProvider   : Using JSON decoding codec LegacyJacksonJson
2019-04-25 07:43:03.573  INFO 20618 --- [ost-startStop-1] c.n.d.provider.DiscoveryJerseyProvider   : Using XML encoding codec XStreamXml
2019-04-25 07:43:03.573  INFO 20618 --- [ost-startStop-1] c.n.d.provider.DiscoveryJerseyProvider   : Using XML decoding codec XStreamXml
2019-04-25 07:43:05.595  WARN 20618 --- [           main] o.s.c.n.a.ArchaiusAutoConfiguration      : No spring.application.name found, defaulting to 'application'
2019-04-25 07:43:05.596  WARN 20618 --- [           main] c.n.c.sources.URLConfigurationSource     : No URLs will be polled as dynamic configuration sources.
2019-04-25 07:43:05.596  INFO 20618 --- [           main] c.n.c.sources.URLConfigurationSource     : To enable URLs as dynamic configuration sources, define System property archaius.configurationSource.additionalUrls or make config.properties available on classpath.
2019-04-25 07:43:06.177  INFO 20618 --- [           main] o.s.w.s.handler.SimpleUrlHandlerMapping  : Mapped URL path [/**/favicon.ico] onto handler of type [class org.springframework.web.servlet.resource.ResourceHttpRequestHandler]
2019-04-25 07:43:07.522  INFO 20618 --- [           main] s.w.s.m.m.a.RequestMappingHandlerAdapter : Looking for @ControllerAdvice: org.springframework.boot.web.servlet.context.AnnotationConfigServletWebServerApplicationContext@3224f60b: startup date [Thu Apr 25 07:42:43 CST 2019]; parent: org.springframework.context.annotation.AnnotationConfigApplicationContext@26ba2a48
2019-04-25 07:43:07.989  INFO 20618 --- [           main] s.w.s.m.m.a.RequestMappingHandlerMapping : Mapped "{[/error],produces=[text/html]}" onto public org.springframework.web.servlet.ModelAndView org.springframework.boot.autoconfigure.web.servlet.error.BasicErrorController.errorHtml(javax.servlet.http.HttpServletRequest,javax.servlet.http.HttpServletResponse)
2019-04-25 07:43:07.991  INFO 20618 --- [           main] s.w.s.m.m.a.RequestMappingHandlerMapping : Mapped "{[/error]}" onto public org.springframework.http.ResponseEntity<java.util.Map<java.lang.String, java.lang.Object>> org.springframework.boot.autoconfigure.web.servlet.error.BasicErrorController.error(javax.servlet.http.HttpServletRequest)
2019-04-25 07:43:08.036  INFO 20618 --- [           main] s.w.s.m.m.a.RequestMappingHandlerMapping : Mapped "{[/lastn],methods=[GET]}" onto public java.lang.String org.springframework.cloud.netflix.eureka.server.EurekaController.lastn(javax.servlet.http.HttpServletRequest,java.util.Map<java.lang.String, java.lang.Object>)
2019-04-25 07:43:08.037  INFO 20618 --- [           main] s.w.s.m.m.a.RequestMappingHandlerMapping : Mapped "{[/],methods=[GET]}" onto public java.lang.String org.springframework.cloud.netflix.eureka.server.EurekaController.status(javax.servlet.http.HttpServletRequest,java.util.Map<java.lang.String, java.lang.Object>)
2019-04-25 07:43:08.224  INFO 20618 --- [           main] o.s.w.s.handler.SimpleUrlHandlerMapping  : Mapped URL path [/webjars/**] onto handler of type [class org.springframework.web.servlet.resource.ResourceHttpRequestHandler]
2019-04-25 07:43:08.224  INFO 20618 --- [           main] o.s.w.s.handler.SimpleUrlHandlerMapping  : Mapped URL path [/**] onto handler of type [class org.springframework.web.servlet.resource.ResourceHttpRequestHandler]
2019-04-25 07:43:11.621  INFO 20618 --- [           main] o.s.ui.freemarker.SpringTemplateLoader   : SpringTemplateLoader for FreeMarker: using resource loader [org.springframework.boot.web.servlet.context.AnnotationConfigServletWebServerApplicationContext@3224f60b: startup date [Thu Apr 25 07:42:43 CST 2019]; parent: org.springframework.context.annotation.AnnotationConfigApplicationContext@26ba2a48] and template loader path [classpath:/templates/]
2019-04-25 07:43:11.622  INFO 20618 --- [           main] o.s.w.s.v.f.FreeMarkerConfigurer         : ClassTemplateLoader for Spring macros added to FreeMarker configuration
2019-04-25 07:43:12.971  INFO 20618 --- [           main] o.s.c.n.eureka.InstanceInfoFactory       : Setting initial instance status as: STARTING
2019-04-25 07:43:13.201  INFO 20618 --- [           main] com.netflix.discovery.DiscoveryClient    : Initializing Eureka in region us-east-1
2019-04-25 07:43:14.190  INFO 20618 --- [           main] c.n.d.provider.DiscoveryJerseyProvider   : Using JSON encoding codec LegacyJacksonJson
2019-04-25 07:43:14.190  INFO 20618 --- [           main] c.n.d.provider.DiscoveryJerseyProvider   : Using JSON decoding codec LegacyJacksonJson
2019-04-25 07:43:14.190  INFO 20618 --- [           main] c.n.d.provider.DiscoveryJerseyProvider   : Using XML encoding codec XStreamXml
2019-04-25 07:43:14.191  INFO 20618 --- [           main] c.n.d.provider.DiscoveryJerseyProvider   : Using XML decoding codec XStreamXml
2019-04-25 07:43:15.029  INFO 20618 --- [           main] c.n.d.s.r.aws.ConfigClusterResolver      : Resolving eureka endpoints via configuration
2019-04-25 07:43:15.178  INFO 20618 --- [           main] com.netflix.discovery.DiscoveryClient    : Disable delta property : false
2019-04-25 07:43:15.178  INFO 20618 --- [           main] com.netflix.discovery.DiscoveryClient    : Single vip registry refresh property : null
2019-04-25 07:43:15.178  INFO 20618 --- [           main] com.netflix.discovery.DiscoveryClient    : Force full registry fetch : false
2019-04-25 07:43:15.178  INFO 20618 --- [           main] com.netflix.discovery.DiscoveryClient    : Application is null : false
2019-04-25 07:43:15.178  INFO 20618 --- [           main] com.netflix.discovery.DiscoveryClient    : Registered Applications size is zero : true
2019-04-25 07:43:15.178  INFO 20618 --- [           main] com.netflix.discovery.DiscoveryClient    : Application version is -1: true
2019-04-25 07:43:15.178  INFO 20618 --- [           main] com.netflix.discovery.DiscoveryClient    : Getting all instance registry info from the eureka server
2019-04-25 07:43:15.676 ERROR 20618 --- [           main] c.n.d.s.t.d.RedirectingEurekaHttpClient  : Request execution error

com.sun.jersey.api.client.ClientHandlerException: java.net.ConnectException: Connection refused (Connection refused)
	at com.sun.jersey.client.apache4.ApacheHttpClient4Handler.handle(ApacheHttpClient4Handler.java:187) ~[jersey-apache-client4-1.19.1.jar!/:1.19.1]
	at com.sun.jersey.api.client.filter.GZIPContentEncodingFilter.handle(GZIPContentEncodingFilter.java:123) ~[jersey-client-1.19.1.jar!/:1.19.1]
	at com.netflix.discovery.EurekaIdentityHeaderFilter.handle(EurekaIdentityHeaderFilter.java:27) ~[eureka-client-1.9.2.jar!/:1.9.2]
	at com.sun.jersey.api.client.Client.handle(Client.java:652) ~[jersey-client-1.19.1.jar!/:1.19.1]
	at com.sun.jersey.api.client.WebResource.handle(WebResource.java:682) ~[jersey-client-1.19.1.jar!/:1.19.1]
	at com.sun.jersey.api.client.WebResource.access$200(WebResource.java:74) ~[jersey-client-1.19.1.jar!/:1.19.1]
	at com.sun.jersey.api.client.WebResource$Builder.get(WebResource.java:509) ~[jersey-client-1.19.1.jar!/:1.19.1]
	at com.netflix.discovery.shared.transport.jersey.AbstractJerseyEurekaHttpClient.getApplicationsInternal(AbstractJerseyEurekaHttpClient.java:194) ~[eureka-client-1.9.2.jar!/:1.9.2]
	at com.netflix.discovery.shared.transport.jersey.AbstractJerseyEurekaHttpClient.getApplications(AbstractJerseyEurekaHttpClient.java:165) ~[eureka-client-1.9.2.jar!/:1.9.2]
	at com.netflix.discovery.shared.transport.decorator.EurekaHttpClientDecorator$6.execute(EurekaHttpClientDecorator.java:137) [eureka-client-1.9.2.jar!/:1.9.2]
	at com.netflix.discovery.shared.transport.decorator.MetricsCollectingEurekaHttpClient.execute(MetricsCollectingEurekaHttpClient.java:73) ~[eureka-client-1.9.2.jar!/:1.9.2]
	at com.netflix.discovery.shared.transport.decorator.EurekaHttpClientDecorator.getApplications(EurekaHttpClientDecorator.java:134) [eureka-client-1.9.2.jar!/:1.9.2]
	at com.netflix.discovery.shared.transport.decorator.EurekaHttpClientDecorator$6.execute(EurekaHttpClientDecorator.java:137) [eureka-client-1.9.2.jar!/:1.9.2]
	at com.netflix.discovery.shared.transport.decorator.RedirectingEurekaHttpClient.executeOnNewServer(RedirectingEurekaHttpClient.java:118) ~[eureka-client-1.9.2.jar!/:1.9.2]
	at com.netflix.discovery.shared.transport.decorator.RedirectingEurekaHttpClient.execute(RedirectingEurekaHttpClient.java:79) ~[eureka-client-1.9.2.jar!/:1.9.2]
	at com.netflix.discovery.shared.transport.decorator.EurekaHttpClientDecorator.getApplications(EurekaHttpClientDecorator.java:134) [eureka-client-1.9.2.jar!/:1.9.2]
	at com.netflix.discovery.shared.transport.decorator.EurekaHttpClientDecorator$6.execute(EurekaHttpClientDecorator.java:137) [eureka-client-1.9.2.jar!/:1.9.2]
	at com.netflix.discovery.shared.transport.decorator.RetryableEurekaHttpClient.execute(RetryableEurekaHttpClient.java:120) [eureka-client-1.9.2.jar!/:1.9.2]
	at com.netflix.discovery.shared.transport.decorator.EurekaHttpClientDecorator.getApplications(EurekaHttpClientDecorator.java:134) [eureka-client-1.9.2.jar!/:1.9.2]
	at com.netflix.discovery.shared.transport.decorator.EurekaHttpClientDecorator$6.execute(EurekaHttpClientDecorator.java:137) [eureka-client-1.9.2.jar!/:1.9.2]
	at com.netflix.discovery.shared.transport.decorator.SessionedEurekaHttpClient.execute(SessionedEurekaHttpClient.java:77) [eureka-client-1.9.2.jar!/:1.9.2]
	at com.netflix.discovery.shared.transport.decorator.EurekaHttpClientDecorator.getApplications(EurekaHttpClientDecorator.java:134) [eureka-client-1.9.2.jar!/:1.9.2]
	at com.netflix.discovery.DiscoveryClient.getAndStoreFullRegistry(DiscoveryClient.java:1051) [eureka-client-1.9.2.jar!/:1.9.2]
	at com.netflix.discovery.DiscoveryClient.fetchRegistry(DiscoveryClient.java:965) [eureka-client-1.9.2.jar!/:1.9.2]
	at com.netflix.discovery.DiscoveryClient.<init>(DiscoveryClient.java:414) [eureka-client-1.9.2.jar!/:1.9.2]
	at com.netflix.discovery.DiscoveryClient.<init>(DiscoveryClient.java:269) [eureka-client-1.9.2.jar!/:1.9.2]
	at org.springframework.cloud.netflix.eureka.CloudEurekaClient.<init>(CloudEurekaClient.java:63) [spring-cloud-netflix-eureka-client-2.0.0.RELEASE.jar!/:2.0.0.RELEASE]
	at org.springframework.cloud.netflix.eureka.EurekaClientAutoConfiguration$RefreshableEurekaClientConfiguration.eurekaClient(EurekaClientAutoConfiguration.java:269) [spring-cloud-netflix-eureka-client-2.0.0.RELEASE.jar!/:2.0.0.RELEASE]
	at org.springframework.cloud.netflix.eureka.EurekaClientAutoConfiguration$RefreshableEurekaClientConfiguration$$EnhancerBySpringCGLIB$$6484849e.CGLIB$eurekaClient$0(<generated>) [spring-cloud-netflix-eureka-client-2.0.0.RELEASE.jar!/:2.0.0.RELEASE]
	at org.springframework.cloud.netflix.eureka.EurekaClientAutoConfiguration$RefreshableEurekaClientConfiguration$$EnhancerBySpringCGLIB$$6484849e$$FastClassBySpringCGLIB$$956742c4.invoke(<generated>) [spring-cloud-netflix-eureka-client-2.0.0.RELEASE.jar!/:2.0.0.RELEASE]
	at org.springframework.cglib.proxy.MethodProxy.invokeSuper(MethodProxy.java:228) [spring-core-5.0.7.RELEASE.jar!/:5.0.7.RELEASE]
	at org.springframework.context.annotation.ConfigurationClassEnhancer$BeanMethodInterceptor.intercept(ConfigurationClassEnhancer.java:361) [spring-context-5.0.7.RELEASE.jar!/:5.0.7.RELEASE]
	at org.springframework.cloud.netflix.eureka.EurekaClientAutoConfiguration$RefreshableEurekaClientConfiguration$$EnhancerBySpringCGLIB$$6484849e.eurekaClient(<generated>) [spring-cloud-netflix-eureka-client-2.0.0.RELEASE.jar!/:2.0.0.RELEASE]
	at sun.reflect.NativeMethodAccessorImpl.invoke0(Native Method) ~[na:1.8.0_181]
	at sun.reflect.NativeMethodAccessorImpl.invoke(NativeMethodAccessorImpl.java:62) ~[na:1.8.0_181]
	at sun.reflect.DelegatingMethodAccessorImpl.invoke(DelegatingMethodAccessorImpl.java:43) ~[na:1.8.0_181]
	at java.lang.reflect.Method.invoke(Method.java:498) ~[na:1.8.0_181]
	at org.springframework.beans.factory.support.SimpleInstantiationStrategy.instantiate(SimpleInstantiationStrategy.java:154) [spring-beans-5.0.7.RELEASE.jar!/:5.0.7.RELEASE]
	at org.springframework.beans.factory.support.ConstructorResolver.instantiateUsingFactoryMethod(ConstructorResolver.java:582) [spring-beans-5.0.7.RELEASE.jar!/:5.0.7.RELEASE]
	at org.springframework.beans.factory.support.AbstractAutowireCapableBeanFactory.instantiateUsingFactoryMethod(AbstractAutowireCapableBeanFactory.java:1256) [spring-beans-5.0.7.RELEASE.jar!/:5.0.7.RELEASE]
	at org.springframework.beans.factory.support.AbstractAutowireCapableBeanFactory.createBeanInstance(AbstractAutowireCapableBeanFactory.java:1105) [spring-beans-5.0.7.RELEASE.jar!/:5.0.7.RELEASE]
	at org.springframework.beans.factory.support.AbstractAutowireCapableBeanFactory.doCreateBean(AbstractAutowireCapableBeanFactory.java:543) [spring-beans-5.0.7.RELEASE.jar!/:5.0.7.RELEASE]
	at org.springframework.beans.factory.support.AbstractAutowireCapableBeanFactory.createBean(AbstractAutowireCapableBeanFactory.java:503) [spring-beans-5.0.7.RELEASE.jar!/:5.0.7.RELEASE]
	at org.springframework.beans.factory.support.AbstractBeanFactory.lambda$doGetBean$1(AbstractBeanFactory.java:353) [spring-beans-5.0.7.RELEASE.jar!/:5.0.7.RELEASE]
	at org.springframework.cloud.context.scope.GenericScope$BeanLifecycleWrapper.getBean(GenericScope.java:390) ~[spring-cloud-context-2.0.0.RELEASE.jar!/:2.0.0.RELEASE]
	at org.springframework.cloud.context.scope.GenericScope.get(GenericScope.java:184) ~[spring-cloud-context-2.0.0.RELEASE.jar!/:2.0.0.RELEASE]
	at org.springframework.beans.factory.support.AbstractBeanFactory.doGetBean(AbstractBeanFactory.java:350) [spring-beans-5.0.7.RELEASE.jar!/:5.0.7.RELEASE]
	at org.springframework.beans.factory.support.AbstractBeanFactory.getBean(AbstractBeanFactory.java:199) [spring-beans-5.0.7.RELEASE.jar!/:5.0.7.RELEASE]
	at org.springframework.aop.target.SimpleBeanTargetSource.getTarget(SimpleBeanTargetSource.java:35) ~[spring-aop-5.0.7.RELEASE.jar!/:5.0.7.RELEASE]
	at org.springframework.aop.framework.JdkDynamicAopProxy.invoke(JdkDynamicAopProxy.java:193) ~[spring-aop-5.0.7.RELEASE.jar!/:5.0.7.RELEASE]
	at com.sun.proxy.$Proxy100.getApplications(Unknown Source) ~[na:na]
	at org.springframework.cloud.netflix.eureka.server.EurekaServerAutoConfiguration.peerAwareInstanceRegistry(EurekaServerAutoConfiguration.java:164) ~[spring-cloud-netflix-eureka-server-2.0.0.RELEASE.jar!/:2.0.0.RELEASE]
	at org.springframework.cloud.netflix.eureka.server.EurekaServerAutoConfiguration$$EnhancerBySpringCGLIB$$f6948f60.CGLIB$peerAwareInstanceRegistry$5(<generated>) ~[spring-cloud-netflix-eureka-server-2.0.0.RELEASE.jar!/:2.0.0.RELEASE]
	at org.springframework.cloud.netflix.eureka.server.EurekaServerAutoConfiguration$$EnhancerBySpringCGLIB$$f6948f60$$FastClassBySpringCGLIB$$d1631a93.invoke(<generated>) ~[spring-cloud-netflix-eureka-server-2.0.0.RELEASE.jar!/:2.0.0.RELEASE]
	at org.springframework.cglib.proxy.MethodProxy.invokeSuper(MethodProxy.java:228) [spring-core-5.0.7.RELEASE.jar!/:5.0.7.RELEASE]
	at org.springframework.context.annotation.ConfigurationClassEnhancer$BeanMethodInterceptor.intercept(ConfigurationClassEnhancer.java:361) [spring-context-5.0.7.RELEASE.jar!/:5.0.7.RELEASE]
	at org.springframework.cloud.netflix.eureka.server.EurekaServerAutoConfiguration$$EnhancerBySpringCGLIB$$f6948f60.peerAwareInstanceRegistry(<generated>) ~[spring-cloud-netflix-eureka-server-2.0.0.RELEASE.jar!/:2.0.0.RELEASE]
	at sun.reflect.NativeMethodAccessorImpl.invoke0(Native Method) ~[na:1.8.0_181]
	at sun.reflect.NativeMethodAccessorImpl.invoke(NativeMethodAccessorImpl.java:62) ~[na:1.8.0_181]
	at sun.reflect.DelegatingMethodAccessorImpl.invoke(DelegatingMethodAccessorImpl.java:43) ~[na:1.8.0_181]
	at java.lang.reflect.Method.invoke(Method.java:498) ~[na:1.8.0_181]
	at org.springframework.beans.factory.support.SimpleInstantiationStrategy.instantiate(SimpleInstantiationStrategy.java:154) [spring-beans-5.0.7.RELEASE.jar!/:5.0.7.RELEASE]
	at org.springframework.beans.factory.support.ConstructorResolver.instantiateUsingFactoryMethod(ConstructorResolver.java:582) [spring-beans-5.0.7.RELEASE.jar!/:5.0.7.RELEASE]
	at org.springframework.beans.factory.support.AbstractAutowireCapableBeanFactory.instantiateUsingFactoryMethod(AbstractAutowireCapableBeanFactory.java:1256) [spring-beans-5.0.7.RELEASE.jar!/:5.0.7.RELEASE]
	at org.springframework.beans.factory.support.AbstractAutowireCapableBeanFactory.createBeanInstance(AbstractAutowireCapableBeanFactory.java:1105) [spring-beans-5.0.7.RELEASE.jar!/:5.0.7.RELEASE]
	at org.springframework.beans.factory.support.AbstractAutowireCapableBeanFactory.doCreateBean(AbstractAutowireCapableBeanFactory.java:543) [spring-beans-5.0.7.RELEASE.jar!/:5.0.7.RELEASE]
	at org.springframework.beans.factory.support.AbstractAutowireCapableBeanFactory.createBean(AbstractAutowireCapableBeanFactory.java:503) [spring-beans-5.0.7.RELEASE.jar!/:5.0.7.RELEASE]
	at org.springframework.beans.factory.support.AbstractBeanFactory.lambda$doGetBean$0(AbstractBeanFactory.java:317) [spring-beans-5.0.7.RELEASE.jar!/:5.0.7.RELEASE]
	at org.springframework.beans.factory.support.DefaultSingletonBeanRegistry.getSingleton(DefaultSingletonBeanRegistry.java:222) ~[spring-beans-5.0.7.RELEASE.jar!/:5.0.7.RELEASE]
	at org.springframework.beans.factory.support.AbstractBeanFactory.doGetBean(AbstractBeanFactory.java:315) [spring-beans-5.0.7.RELEASE.jar!/:5.0.7.RELEASE]
	at org.springframework.beans.factory.support.AbstractBeanFactory.getBean(AbstractBeanFactory.java:199) [spring-beans-5.0.7.RELEASE.jar!/:5.0.7.RELEASE]
	at org.springframework.beans.factory.config.DependencyDescriptor.resolveCandidate(DependencyDescriptor.java:251) ~[spring-beans-5.0.7.RELEASE.jar!/:5.0.7.RELEASE]
	at org.springframework.beans.factory.support.DefaultListableBeanFactory.doResolveDependency(DefaultListableBeanFactory.java:1138) ~[spring-beans-5.0.7.RELEASE.jar!/:5.0.7.RELEASE]
	at org.springframework.beans.factory.support.DefaultListableBeanFactory.resolveDependency(DefaultListableBeanFactory.java:1065) ~[spring-beans-5.0.7.RELEASE.jar!/:5.0.7.RELEASE]
	at org.springframework.beans.factory.support.ConstructorResolver.resolveAutowiredArgument(ConstructorResolver.java:818) [spring-beans-5.0.7.RELEASE.jar!/:5.0.7.RELEASE]
	at org.springframework.beans.factory.support.ConstructorResolver.createArgumentArray(ConstructorResolver.java:724) [spring-beans-5.0.7.RELEASE.jar!/:5.0.7.RELEASE]
	at org.springframework.beans.factory.support.ConstructorResolver.instantiateUsingFactoryMethod(ConstructorResolver.java:474) [spring-beans-5.0.7.RELEASE.jar!/:5.0.7.RELEASE]
	at org.springframework.beans.factory.support.AbstractAutowireCapableBeanFactory.instantiateUsingFactoryMethod(AbstractAutowireCapableBeanFactory.java:1256) [spring-beans-5.0.7.RELEASE.jar!/:5.0.7.RELEASE]
	at org.springframework.beans.factory.support.AbstractAutowireCapableBeanFactory.createBeanInstance(AbstractAutowireCapableBeanFactory.java:1105) [spring-beans-5.0.7.RELEASE.jar!/:5.0.7.RELEASE]
	at org.springframework.beans.factory.support.AbstractAutowireCapableBeanFactory.doCreateBean(AbstractAutowireCapableBeanFactory.java:543) [spring-beans-5.0.7.RELEASE.jar!/:5.0.7.RELEASE]
	at org.springframework.beans.factory.support.AbstractAutowireCapableBeanFactory.createBean(AbstractAutowireCapableBeanFactory.java:503) [spring-beans-5.0.7.RELEASE.jar!/:5.0.7.RELEASE]
	at org.springframework.beans.factory.support.AbstractBeanFactory.lambda$doGetBean$0(AbstractBeanFactory.java:317) [spring-beans-5.0.7.RELEASE.jar!/:5.0.7.RELEASE]
	at org.springframework.beans.factory.support.DefaultSingletonBeanRegistry.getSingleton(DefaultSingletonBeanRegistry.java:222) ~[spring-beans-5.0.7.RELEASE.jar!/:5.0.7.RELEASE]
	at org.springframework.beans.factory.support.AbstractBeanFactory.doGetBean(AbstractBeanFactory.java:315) [spring-beans-5.0.7.RELEASE.jar!/:5.0.7.RELEASE]
	at org.springframework.beans.factory.support.AbstractBeanFactory.getBean(AbstractBeanFactory.java:199) [spring-beans-5.0.7.RELEASE.jar!/:5.0.7.RELEASE]
	at org.springframework.beans.factory.config.DependencyDescriptor.resolveCandidate(DependencyDescriptor.java:251) ~[spring-beans-5.0.7.RELEASE.jar!/:5.0.7.RELEASE]
	at org.springframework.beans.factory.support.DefaultListableBeanFactory.doResolveDependency(DefaultListableBeanFactory.java:1138) ~[spring-beans-5.0.7.RELEASE.jar!/:5.0.7.RELEASE]
	at org.springframework.beans.factory.support.DefaultListableBeanFactory.resolveDependency(DefaultListableBeanFactory.java:1065) ~[spring-beans-5.0.7.RELEASE.jar!/:5.0.7.RELEASE]
	at org.springframework.beans.factory.annotation.AutowiredAnnotationBeanPostProcessor$AutowiredFieldElement.inject(AutowiredAnnotationBeanPostProcessor.java:584) ~[spring-beans-5.0.7.RELEASE.jar!/:5.0.7.RELEASE]
	at org.springframework.beans.factory.annotation.InjectionMetadata.inject(InjectionMetadata.java:91) ~[spring-beans-5.0.7.RELEASE.jar!/:5.0.7.RELEASE]
	at org.springframework.beans.factory.annotation.AutowiredAnnotationBeanPostProcessor.postProcessPropertyValues(AutowiredAnnotationBeanPostProcessor.java:373) ~[spring-beans-5.0.7.RELEASE.jar!/:5.0.7.RELEASE]
	at org.springframework.beans.factory.support.AbstractAutowireCapableBeanFactory.populateBean(AbstractAutowireCapableBeanFactory.java:1350) [spring-beans-5.0.7.RELEASE.jar!/:5.0.7.RELEASE]
	at org.springframework.beans.factory.support.AbstractAutowireCapableBeanFactory.doCreateBean(AbstractAutowireCapableBeanFactory.java:580) [spring-beans-5.0.7.RELEASE.jar!/:5.0.7.RELEASE]
	at org.springframework.beans.factory.support.AbstractAutowireCapableBeanFactory.createBean(AbstractAutowireCapableBeanFactory.java:503) [spring-beans-5.0.7.RELEASE.jar!/:5.0.7.RELEASE]
	at org.springframework.beans.factory.support.AbstractBeanFactory.lambda$doGetBean$0(AbstractBeanFactory.java:317) [spring-beans-5.0.7.RELEASE.jar!/:5.0.7.RELEASE]
	at org.springframework.beans.factory.support.DefaultSingletonBeanRegistry.getSingleton(DefaultSingletonBeanRegistry.java:222) ~[spring-beans-5.0.7.RELEASE.jar!/:5.0.7.RELEASE]
	at org.springframework.beans.factory.support.AbstractBeanFactory.doGetBean(AbstractBeanFactory.java:315) [spring-beans-5.0.7.RELEASE.jar!/:5.0.7.RELEASE]
	at org.springframework.beans.factory.support.AbstractBeanFactory.getBean(AbstractBeanFactory.java:199) [spring-beans-5.0.7.RELEASE.jar!/:5.0.7.RELEASE]
	at org.springframework.beans.factory.support.DefaultListableBeanFactory.preInstantiateSingletons(DefaultListableBeanFactory.java:760) ~[spring-beans-5.0.7.RELEASE.jar!/:5.0.7.RELEASE]
	at org.springframework.context.support.AbstractApplicationContext.finishBeanFactoryInitialization(AbstractApplicationContext.java:869) ~[spring-context-5.0.7.RELEASE.jar!/:5.0.7.RELEASE]
	at org.springframework.context.support.AbstractApplicationContext.refresh(AbstractApplicationContext.java:550) ~[spring-context-5.0.7.RELEASE.jar!/:5.0.7.RELEASE]
	at org.springframework.boot.web.servlet.context.ServletWebServerApplicationContext.refresh(ServletWebServerApplicationContext.java:140) ~[spring-boot-2.0.3.RELEASE.jar!/:2.0.3.RELEASE]
	at org.springframework.boot.SpringApplication.refresh(SpringApplication.java:759) ~[spring-boot-2.0.3.RELEASE.jar!/:2.0.3.RELEASE]
	at org.springframework.boot.SpringApplication.refreshContext(SpringApplication.java:395) ~[spring-boot-2.0.3.RELEASE.jar!/:2.0.3.RELEASE]
	at org.springframework.boot.SpringApplication.run(SpringApplication.java:327) ~[spring-boot-2.0.3.RELEASE.jar!/:2.0.3.RELEASE]
	at org.springframework.boot.SpringApplication.run(SpringApplication.java:1255) ~[spring-boot-2.0.3.RELEASE.jar!/:2.0.3.RELEASE]
	at org.springframework.boot.SpringApplication.run(SpringApplication.java:1243) ~[spring-boot-2.0.3.RELEASE.jar!/:2.0.3.RELEASE]
	at com.forezp.eurekaserver.EurekaServerApplication.main(EurekaServerApplication.java:16) ~[classes!/:0.0.1-SNAPSHOT]
	at sun.reflect.NativeMethodAccessorImpl.invoke0(Native Method) ~[na:1.8.0_181]
	at sun.reflect.NativeMethodAccessorImpl.invoke(NativeMethodAccessorImpl.java:62) ~[na:1.8.0_181]
	at sun.reflect.DelegatingMethodAccessorImpl.invoke(DelegatingMethodAccessorImpl.java:43) ~[na:1.8.0_181]
	at java.lang.reflect.Method.invoke(Method.java:498) ~[na:1.8.0_181]
	at org.springframework.boot.loader.MainMethodRunner.run(MainMethodRunner.java:48) ~[eureka-server-0.0.1-SNAPSHOT.jar:0.0.1-SNAPSHOT]
	at org.springframework.boot.loader.Launcher.launch(Launcher.java:87) ~[eureka-server-0.0.1-SNAPSHOT.jar:0.0.1-SNAPSHOT]
	at org.springframework.boot.loader.Launcher.launch(Launcher.java:50) ~[eureka-server-0.0.1-SNAPSHOT.jar:0.0.1-SNAPSHOT]
	at org.springframework.boot.loader.JarLauncher.main(JarLauncher.java:51) ~[eureka-server-0.0.1-SNAPSHOT.jar:0.0.1-SNAPSHOT]
Caused by: java.net.ConnectException: Connection refused (Connection refused)
	at java.net.PlainSocketImpl.socketConnect(Native Method) ~[na:1.8.0_181]
	at java.net.AbstractPlainSocketImpl.doConnect(AbstractPlainSocketImpl.java:350) ~[na:1.8.0_181]
	at java.net.AbstractPlainSocketImpl.connectToAddress(AbstractPlainSocketImpl.java:206) ~[na:1.8.0_181]
	at java.net.AbstractPlainSocketImpl.connect(AbstractPlainSocketImpl.java:188) ~[na:1.8.0_181]
	at java.net.SocksSocketImpl.connect(SocksSocketImpl.java:392) ~[na:1.8.0_181]
	at java.net.Socket.connect(Socket.java:589) ~[na:1.8.0_181]
	at org.apache.http.conn.scheme.PlainSocketFactory.connectSocket(PlainSocketFactory.java:121) ~[httpclient-4.5.5.jar!/:4.5.5]
	at org.apache.http.impl.conn.DefaultClientConnectionOperator.openConnection(DefaultClientConnectionOperator.java:180) ~[httpclient-4.5.5.jar!/:4.5.5]
	at org.apache.http.impl.conn.AbstractPoolEntry.open(AbstractPoolEntry.java:144) ~[httpclient-4.5.5.jar!/:4.5.5]
	at org.apache.http.impl.conn.AbstractPooledConnAdapter.open(AbstractPooledConnAdapter.java:134) ~[httpclient-4.5.5.jar!/:4.5.5]
	at org.apache.http.impl.client.DefaultRequestDirector.tryConnect(DefaultRequestDirector.java:610) ~[httpclient-4.5.5.jar!/:4.5.5]
	at org.apache.http.impl.client.DefaultRequestDirector.execute(DefaultRequestDirector.java:445) ~[httpclient-4.5.5.jar!/:4.5.5]
	at org.apache.http.impl.client.AbstractHttpClient.doExecute(AbstractHttpClient.java:835) ~[httpclient-4.5.5.jar!/:4.5.5]
	at org.apache.http.impl.client.CloseableHttpClient.execute(CloseableHttpClient.java:118) ~[httpclient-4.5.5.jar!/:4.5.5]
	at org.apache.http.impl.client.CloseableHttpClient.execute(CloseableHttpClient.java:56) ~[httpclient-4.5.5.jar!/:4.5.5]
	at com.sun.jersey.client.apache4.ApacheHttpClient4Handler.handle(ApacheHttpClient4Handler.java:173) ~[jersey-apache-client4-1.19.1.jar!/:1.19.1]
	... 115 common frames omitted

2019-04-25 07:43:15.677  WARN 20618 --- [           main] c.n.d.s.t.d.RetryableEurekaHttpClient    : Request execution failed with message: java.net.ConnectException: Connection refused (Connection refused)
2019-04-25 07:43:15.679 ERROR 20618 --- [           main] com.netflix.discovery.DiscoveryClient    : DiscoveryClient_UNKNOWN/peer1:8761 - was unable to refresh its cache! status = Cannot execute request on any known server

com.netflix.discovery.shared.transport.TransportException: Cannot execute request on any known server
	at com.netflix.discovery.shared.transport.decorator.RetryableEurekaHttpClient.execute(RetryableEurekaHttpClient.java:112) ~[eureka-client-1.9.2.jar!/:1.9.2]
	at com.netflix.discovery.shared.transport.decorator.EurekaHttpClientDecorator.getApplications(EurekaHttpClientDecorator.java:134) ~[eureka-client-1.9.2.jar!/:1.9.2]
	at com.netflix.discovery.shared.transport.decorator.EurekaHttpClientDecorator$6.execute(EurekaHttpClientDecorator.java:137) ~[eureka-client-1.9.2.jar!/:1.9.2]
	at com.netflix.discovery.shared.transport.decorator.SessionedEurekaHttpClient.execute(SessionedEurekaHttpClient.java:77) ~[eureka-client-1.9.2.jar!/:1.9.2]
	at com.netflix.discovery.shared.transport.decorator.EurekaHttpClientDecorator.getApplications(EurekaHttpClientDecorator.java:134) ~[eureka-client-1.9.2.jar!/:1.9.2]
	at com.netflix.discovery.DiscoveryClient.getAndStoreFullRegistry(DiscoveryClient.java:1051) [eureka-client-1.9.2.jar!/:1.9.2]
	at com.netflix.discovery.DiscoveryClient.fetchRegistry(DiscoveryClient.java:965) [eureka-client-1.9.2.jar!/:1.9.2]
	at com.netflix.discovery.DiscoveryClient.<init>(DiscoveryClient.java:414) [eureka-client-1.9.2.jar!/:1.9.2]
	at com.netflix.discovery.DiscoveryClient.<init>(DiscoveryClient.java:269) [eureka-client-1.9.2.jar!/:1.9.2]
	at org.springframework.cloud.netflix.eureka.CloudEurekaClient.<init>(CloudEurekaClient.java:63) [spring-cloud-netflix-eureka-client-2.0.0.RELEASE.jar!/:2.0.0.RELEASE]
	at org.springframework.cloud.netflix.eureka.EurekaClientAutoConfiguration$RefreshableEurekaClientConfiguration.eurekaClient(EurekaClientAutoConfiguration.java:269) [spring-cloud-netflix-eureka-client-2.0.0.RELEASE.jar!/:2.0.0.RELEASE]
	at org.springframework.cloud.netflix.eureka.EurekaClientAutoConfiguration$RefreshableEurekaClientConfiguration$$EnhancerBySpringCGLIB$$6484849e.CGLIB$eurekaClient$0(<generated>) [spring-cloud-netflix-eureka-client-2.0.0.RELEASE.jar!/:2.0.0.RELEASE]
	at org.springframework.cloud.netflix.eureka.EurekaClientAutoConfiguration$RefreshableEurekaClientConfiguration$$EnhancerBySpringCGLIB$$6484849e$$FastClassBySpringCGLIB$$956742c4.invoke(<generated>) [spring-cloud-netflix-eureka-client-2.0.0.RELEASE.jar!/:2.0.0.RELEASE]
	at org.springframework.cglib.proxy.MethodProxy.invokeSuper(MethodProxy.java:228) [spring-core-5.0.7.RELEASE.jar!/:5.0.7.RELEASE]
	at org.springframework.context.annotation.ConfigurationClassEnhancer$BeanMethodInterceptor.intercept(ConfigurationClassEnhancer.java:361) [spring-context-5.0.7.RELEASE.jar!/:5.0.7.RELEASE]
	at org.springframework.cloud.netflix.eureka.EurekaClientAutoConfiguration$RefreshableEurekaClientConfiguration$$EnhancerBySpringCGLIB$$6484849e.eurekaClient(<generated>) [spring-cloud-netflix-eureka-client-2.0.0.RELEASE.jar!/:2.0.0.RELEASE]
	at sun.reflect.NativeMethodAccessorImpl.invoke0(Native Method) ~[na:1.8.0_181]
	at sun.reflect.NativeMethodAccessorImpl.invoke(NativeMethodAccessorImpl.java:62) ~[na:1.8.0_181]
	at sun.reflect.DelegatingMethodAccessorImpl.invoke(DelegatingMethodAccessorImpl.java:43) ~[na:1.8.0_181]
	at java.lang.reflect.Method.invoke(Method.java:498) ~[na:1.8.0_181]
	at org.springframework.beans.factory.support.SimpleInstantiationStrategy.instantiate(SimpleInstantiationStrategy.java:154) [spring-beans-5.0.7.RELEASE.jar!/:5.0.7.RELEASE]
	at org.springframework.beans.factory.support.ConstructorResolver.instantiateUsingFactoryMethod(ConstructorResolver.java:582) [spring-beans-5.0.7.RELEASE.jar!/:5.0.7.RELEASE]
	at org.springframework.beans.factory.support.AbstractAutowireCapableBeanFactory.instantiateUsingFactoryMethod(AbstractAutowireCapableBeanFactory.java:1256) [spring-beans-5.0.7.RELEASE.jar!/:5.0.7.RELEASE]
	at org.springframework.beans.factory.support.AbstractAutowireCapableBeanFactory.createBeanInstance(AbstractAutowireCapableBeanFactory.java:1105) [spring-beans-5.0.7.RELEASE.jar!/:5.0.7.RELEASE]
	at org.springframework.beans.factory.support.AbstractAutowireCapableBeanFactory.doCreateBean(AbstractAutowireCapableBeanFactory.java:543) [spring-beans-5.0.7.RELEASE.jar!/:5.0.7.RELEASE]
	at org.springframework.beans.factory.support.AbstractAutowireCapableBeanFactory.createBean(AbstractAutowireCapableBeanFactory.java:503) [spring-beans-5.0.7.RELEASE.jar!/:5.0.7.RELEASE]
	at org.springframework.beans.factory.support.AbstractBeanFactory.lambda$doGetBean$1(AbstractBeanFactory.java:353) [spring-beans-5.0.7.RELEASE.jar!/:5.0.7.RELEASE]
	at org.springframework.cloud.context.scope.GenericScope$BeanLifecycleWrapper.getBean(GenericScope.java:390) ~[spring-cloud-context-2.0.0.RELEASE.jar!/:2.0.0.RELEASE]
	at org.springframework.cloud.context.scope.GenericScope.get(GenericScope.java:184) ~[spring-cloud-context-2.0.0.RELEASE.jar!/:2.0.0.RELEASE]
	at org.springframework.beans.factory.support.AbstractBeanFactory.doGetBean(AbstractBeanFactory.java:350) [spring-beans-5.0.7.RELEASE.jar!/:5.0.7.RELEASE]
	at org.springframework.beans.factory.support.AbstractBeanFactory.getBean(AbstractBeanFactory.java:199) [spring-beans-5.0.7.RELEASE.jar!/:5.0.7.RELEASE]
	at org.springframework.aop.target.SimpleBeanTargetSource.getTarget(SimpleBeanTargetSource.java:35) ~[spring-aop-5.0.7.RELEASE.jar!/:5.0.7.RELEASE]
	at org.springframework.aop.framework.JdkDynamicAopProxy.invoke(JdkDynamicAopProxy.java:193) ~[spring-aop-5.0.7.RELEASE.jar!/:5.0.7.RELEASE]
	at com.sun.proxy.$Proxy100.getApplications(Unknown Source) ~[na:na]
	at org.springframework.cloud.netflix.eureka.server.EurekaServerAutoConfiguration.peerAwareInstanceRegistry(EurekaServerAutoConfiguration.java:164) ~[spring-cloud-netflix-eureka-server-2.0.0.RELEASE.jar!/:2.0.0.RELEASE]
	at org.springframework.cloud.netflix.eureka.server.EurekaServerAutoConfiguration$$EnhancerBySpringCGLIB$$f6948f60.CGLIB$peerAwareInstanceRegistry$5(<generated>) ~[spring-cloud-netflix-eureka-server-2.0.0.RELEASE.jar!/:2.0.0.RELEASE]
	at org.springframework.cloud.netflix.eureka.server.EurekaServerAutoConfiguration$$EnhancerBySpringCGLIB$$f6948f60$$FastClassBySpringCGLIB$$d1631a93.invoke(<generated>) ~[spring-cloud-netflix-eureka-server-2.0.0.RELEASE.jar!/:2.0.0.RELEASE]
	at org.springframework.cglib.proxy.MethodProxy.invokeSuper(MethodProxy.java:228) [spring-core-5.0.7.RELEASE.jar!/:5.0.7.RELEASE]
	at org.springframework.context.annotation.ConfigurationClassEnhancer$BeanMethodInterceptor.intercept(ConfigurationClassEnhancer.java:361) [spring-context-5.0.7.RELEASE.jar!/:5.0.7.RELEASE]
	at org.springframework.cloud.netflix.eureka.server.EurekaServerAutoConfiguration$$EnhancerBySpringCGLIB$$f6948f60.peerAwareInstanceRegistry(<generated>) ~[spring-cloud-netflix-eureka-server-2.0.0.RELEASE.jar!/:2.0.0.RELEASE]
	at sun.reflect.NativeMethodAccessorImpl.invoke0(Native Method) ~[na:1.8.0_181]
	at sun.reflect.NativeMethodAccessorImpl.invoke(NativeMethodAccessorImpl.java:62) ~[na:1.8.0_181]
	at sun.reflect.DelegatingMethodAccessorImpl.invoke(DelegatingMethodAccessorImpl.java:43) ~[na:1.8.0_181]
	at java.lang.reflect.Method.invoke(Method.java:498) ~[na:1.8.0_181]
	at org.springframework.beans.factory.support.SimpleInstantiationStrategy.instantiate(SimpleInstantiationStrategy.java:154) [spring-beans-5.0.7.RELEASE.jar!/:5.0.7.RELEASE]
	at org.springframework.beans.factory.support.ConstructorResolver.instantiateUsingFactoryMethod(ConstructorResolver.java:582) [spring-beans-5.0.7.RELEASE.jar!/:5.0.7.RELEASE]
	at org.springframework.beans.factory.support.AbstractAutowireCapableBeanFactory.instantiateUsingFactoryMethod(AbstractAutowireCapableBeanFactory.java:1256) [spring-beans-5.0.7.RELEASE.jar!/:5.0.7.RELEASE]
	at org.springframework.beans.factory.support.AbstractAutowireCapableBeanFactory.createBeanInstance(AbstractAutowireCapableBeanFactory.java:1105) [spring-beans-5.0.7.RELEASE.jar!/:5.0.7.RELEASE]
	at org.springframework.beans.factory.support.AbstractAutowireCapableBeanFactory.doCreateBean(AbstractAutowireCapableBeanFactory.java:543) [spring-beans-5.0.7.RELEASE.jar!/:5.0.7.RELEASE]
	at org.springframework.beans.factory.support.AbstractAutowireCapableBeanFactory.createBean(AbstractAutowireCapableBeanFactory.java:503) [spring-beans-5.0.7.RELEASE.jar!/:5.0.7.RELEASE]
	at org.springframework.beans.factory.support.AbstractBeanFactory.lambda$doGetBean$0(AbstractBeanFactory.java:317) [spring-beans-5.0.7.RELEASE.jar!/:5.0.7.RELEASE]
	at org.springframework.beans.factory.support.DefaultSingletonBeanRegistry.getSingleton(DefaultSingletonBeanRegistry.java:222) ~[spring-beans-5.0.7.RELEASE.jar!/:5.0.7.RELEASE]
	at org.springframework.beans.factory.support.AbstractBeanFactory.doGetBean(AbstractBeanFactory.java:315) [spring-beans-5.0.7.RELEASE.jar!/:5.0.7.RELEASE]
	at org.springframework.beans.factory.support.AbstractBeanFactory.getBean(AbstractBeanFactory.java:199) [spring-beans-5.0.7.RELEASE.jar!/:5.0.7.RELEASE]
	at org.springframework.beans.factory.config.DependencyDescriptor.resolveCandidate(DependencyDescriptor.java:251) ~[spring-beans-5.0.7.RELEASE.jar!/:5.0.7.RELEASE]
	at org.springframework.beans.factory.support.DefaultListableBeanFactory.doResolveDependency(DefaultListableBeanFactory.java:1138) ~[spring-beans-5.0.7.RELEASE.jar!/:5.0.7.RELEASE]
	at org.springframework.beans.factory.support.DefaultListableBeanFactory.resolveDependency(DefaultListableBeanFactory.java:1065) ~[spring-beans-5.0.7.RELEASE.jar!/:5.0.7.RELEASE]
	at org.springframework.beans.factory.support.ConstructorResolver.resolveAutowiredArgument(ConstructorResolver.java:818) [spring-beans-5.0.7.RELEASE.jar!/:5.0.7.RELEASE]
	at org.springframework.beans.factory.support.ConstructorResolver.createArgumentArray(ConstructorResolver.java:724) [spring-beans-5.0.7.RELEASE.jar!/:5.0.7.RELEASE]
	at org.springframework.beans.factory.support.ConstructorResolver.instantiateUsingFactoryMethod(ConstructorResolver.java:474) [spring-beans-5.0.7.RELEASE.jar!/:5.0.7.RELEASE]
	at org.springframework.beans.factory.support.AbstractAutowireCapableBeanFactory.instantiateUsingFactoryMethod(AbstractAutowireCapableBeanFactory.java:1256) [spring-beans-5.0.7.RELEASE.jar!/:5.0.7.RELEASE]
	at org.springframework.beans.factory.support.AbstractAutowireCapableBeanFactory.createBeanInstance(AbstractAutowireCapableBeanFactory.java:1105) [spring-beans-5.0.7.RELEASE.jar!/:5.0.7.RELEASE]
	at org.springframework.beans.factory.support.AbstractAutowireCapableBeanFactory.doCreateBean(AbstractAutowireCapableBeanFactory.java:543) [spring-beans-5.0.7.RELEASE.jar!/:5.0.7.RELEASE]
	at org.springframework.beans.factory.support.AbstractAutowireCapableBeanFactory.createBean(AbstractAutowireCapableBeanFactory.java:503) [spring-beans-5.0.7.RELEASE.jar!/:5.0.7.RELEASE]
	at org.springframework.beans.factory.support.AbstractBeanFactory.lambda$doGetBean$0(AbstractBeanFactory.java:317) [spring-beans-5.0.7.RELEASE.jar!/:5.0.7.RELEASE]
	at org.springframework.beans.factory.support.DefaultSingletonBeanRegistry.getSingleton(DefaultSingletonBeanRegistry.java:222) ~[spring-beans-5.0.7.RELEASE.jar!/:5.0.7.RELEASE]
	at org.springframework.beans.factory.support.AbstractBeanFactory.doGetBean(AbstractBeanFactory.java:315) [spring-beans-5.0.7.RELEASE.jar!/:5.0.7.RELEASE]
	at org.springframework.beans.factory.support.AbstractBeanFactory.getBean(AbstractBeanFactory.java:199) [spring-beans-5.0.7.RELEASE.jar!/:5.0.7.RELEASE]
	at org.springframework.beans.factory.config.DependencyDescriptor.resolveCandidate(DependencyDescriptor.java:251) ~[spring-beans-5.0.7.RELEASE.jar!/:5.0.7.RELEASE]
	at org.springframework.beans.factory.support.DefaultListableBeanFactory.doResolveDependency(DefaultListableBeanFactory.java:1138) ~[spring-beans-5.0.7.RELEASE.jar!/:5.0.7.RELEASE]
	at org.springframework.beans.factory.support.DefaultListableBeanFactory.resolveDependency(DefaultListableBeanFactory.java:1065) ~[spring-beans-5.0.7.RELEASE.jar!/:5.0.7.RELEASE]
	at org.springframework.beans.factory.annotation.AutowiredAnnotationBeanPostProcessor$AutowiredFieldElement.inject(AutowiredAnnotationBeanPostProcessor.java:584) ~[spring-beans-5.0.7.RELEASE.jar!/:5.0.7.RELEASE]
	at org.springframework.beans.factory.annotation.InjectionMetadata.inject(InjectionMetadata.java:91) ~[spring-beans-5.0.7.RELEASE.jar!/:5.0.7.RELEASE]
	at org.springframework.beans.factory.annotation.AutowiredAnnotationBeanPostProcessor.postProcessPropertyValues(AutowiredAnnotationBeanPostProcessor.java:373) ~[spring-beans-5.0.7.RELEASE.jar!/:5.0.7.RELEASE]
	at org.springframework.beans.factory.support.AbstractAutowireCapableBeanFactory.populateBean(AbstractAutowireCapableBeanFactory.java:1350) [spring-beans-5.0.7.RELEASE.jar!/:5.0.7.RELEASE]
	at org.springframework.beans.factory.support.AbstractAutowireCapableBeanFactory.doCreateBean(AbstractAutowireCapableBeanFactory.java:580) [spring-beans-5.0.7.RELEASE.jar!/:5.0.7.RELEASE]
	at org.springframework.beans.factory.support.AbstractAutowireCapableBeanFactory.createBean(AbstractAutowireCapableBeanFactory.java:503) [spring-beans-5.0.7.RELEASE.jar!/:5.0.7.RELEASE]
	at org.springframework.beans.factory.support.AbstractBeanFactory.lambda$doGetBean$0(AbstractBeanFactory.java:317) [spring-beans-5.0.7.RELEASE.jar!/:5.0.7.RELEASE]
	at org.springframework.beans.factory.support.DefaultSingletonBeanRegistry.getSingleton(DefaultSingletonBeanRegistry.java:222) ~[spring-beans-5.0.7.RELEASE.jar!/:5.0.7.RELEASE]
	at org.springframework.beans.factory.support.AbstractBeanFactory.doGetBean(AbstractBeanFactory.java:315) [spring-beans-5.0.7.RELEASE.jar!/:5.0.7.RELEASE]
	at org.springframework.beans.factory.support.AbstractBeanFactory.getBean(AbstractBeanFactory.java:199) [spring-beans-5.0.7.RELEASE.jar!/:5.0.7.RELEASE]
	at org.springframework.beans.factory.support.DefaultListableBeanFactory.preInstantiateSingletons(DefaultListableBeanFactory.java:760) ~[spring-beans-5.0.7.RELEASE.jar!/:5.0.7.RELEASE]
	at org.springframework.context.support.AbstractApplicationContext.finishBeanFactoryInitialization(AbstractApplicationContext.java:869) ~[spring-context-5.0.7.RELEASE.jar!/:5.0.7.RELEASE]
	at org.springframework.context.support.AbstractApplicationContext.refresh(AbstractApplicationContext.java:550) ~[spring-context-5.0.7.RELEASE.jar!/:5.0.7.RELEASE]
	at org.springframework.boot.web.servlet.context.ServletWebServerApplicationContext.refresh(ServletWebServerApplicationContext.java:140) ~[spring-boot-2.0.3.RELEASE.jar!/:2.0.3.RELEASE]
	at org.springframework.boot.SpringApplication.refresh(SpringApplication.java:759) ~[spring-boot-2.0.3.RELEASE.jar!/:2.0.3.RELEASE]
	at org.springframework.boot.SpringApplication.refreshContext(SpringApplication.java:395) ~[spring-boot-2.0.3.RELEASE.jar!/:2.0.3.RELEASE]
	at org.springframework.boot.SpringApplication.run(SpringApplication.java:327) ~[spring-boot-2.0.3.RELEASE.jar!/:2.0.3.RELEASE]
	at org.springframework.boot.SpringApplication.run(SpringApplication.java:1255) ~[spring-boot-2.0.3.RELEASE.jar!/:2.0.3.RELEASE]
	at org.springframework.boot.SpringApplication.run(SpringApplication.java:1243) ~[spring-boot-2.0.3.RELEASE.jar!/:2.0.3.RELEASE]
	at com.forezp.eurekaserver.EurekaServerApplication.main(EurekaServerApplication.java:16) ~[classes!/:0.0.1-SNAPSHOT]
	at sun.reflect.NativeMethodAccessorImpl.invoke0(Native Method) ~[na:1.8.0_181]
	at sun.reflect.NativeMethodAccessorImpl.invoke(NativeMethodAccessorImpl.java:62) ~[na:1.8.0_181]
	at sun.reflect.DelegatingMethodAccessorImpl.invoke(DelegatingMethodAccessorImpl.java:43) ~[na:1.8.0_181]
	at java.lang.reflect.Method.invoke(Method.java:498) ~[na:1.8.0_181]
	at org.springframework.boot.loader.MainMethodRunner.run(MainMethodRunner.java:48) ~[eureka-server-0.0.1-SNAPSHOT.jar:0.0.1-SNAPSHOT]
	at org.springframework.boot.loader.Launcher.launch(Launcher.java:87) ~[eureka-server-0.0.1-SNAPSHOT.jar:0.0.1-SNAPSHOT]
	at org.springframework.boot.loader.Launcher.launch(Launcher.java:50) ~[eureka-server-0.0.1-SNAPSHOT.jar:0.0.1-SNAPSHOT]
	at org.springframework.boot.loader.JarLauncher.main(JarLauncher.java:51) ~[eureka-server-0.0.1-SNAPSHOT.jar:0.0.1-SNAPSHOT]

2019-04-25 07:43:15.680  WARN 20618 --- [           main] com.netflix.discovery.DiscoveryClient    : Using default backup registry implementation which does not do anything.
2019-04-25 07:43:15.746  INFO 20618 --- [           main] com.netflix.discovery.DiscoveryClient    : Starting heartbeat executor: renew interval is: 30
2019-04-25 07:43:15.774  INFO 20618 --- [           main] c.n.discovery.InstanceInfoReplicator     : InstanceInfoReplicator onDemand update allowed rate per min is 4
2019-04-25 07:43:15.803  INFO 20618 --- [           main] com.netflix.discovery.DiscoveryClient    : Discovery Client initialized at timestamp 1556149395801 with initial instances count: 0
2019-04-25 07:43:16.197  INFO 20618 --- [           main] c.n.eureka.DefaultEurekaServerContext    : Initializing ...
2019-04-25 07:43:16.198  INFO 20618 --- [           main] c.n.eureka.cluster.PeerEurekaNodes       : Adding new peer nodes [http://peer2:8769/eureka/]
2019-04-25 07:43:16.235  INFO 20618 --- [           main] c.n.d.provider.DiscoveryJerseyProvider   : Using JSON encoding codec LegacyJacksonJson
2019-04-25 07:43:16.235  INFO 20618 --- [           main] c.n.d.provider.DiscoveryJerseyProvider   : Using JSON decoding codec LegacyJacksonJson
2019-04-25 07:43:16.235  INFO 20618 --- [           main] c.n.d.provider.DiscoveryJerseyProvider   : Using XML encoding codec XStreamXml
2019-04-25 07:43:16.235  INFO 20618 --- [           main] c.n.d.provider.DiscoveryJerseyProvider   : Using XML decoding codec XStreamXml
2019-04-25 07:43:17.329  INFO 20618 --- [           main] c.n.eureka.cluster.PeerEurekaNodes       : Replica node URL:  http://peer2:8769/eureka/
2019-04-25 07:43:17.350  INFO 20618 --- [           main] c.n.e.registry.AbstractInstanceRegistry  : Finished initializing remote region registries. All known remote regions: []
2019-04-25 07:43:17.351  INFO 20618 --- [           main] c.n.eureka.DefaultEurekaServerContext    : Initialized
2019-04-25 07:43:17.474  INFO 20618 --- [           main] o.s.b.a.e.web.EndpointLinksResolver      : Exposing 2 endpoint(s) beneath base path '/actuator'
2019-04-25 07:43:17.543  INFO 20618 --- [           main] s.b.a.e.w.s.WebMvcEndpointHandlerMapping : Mapped "{[/actuator/health],methods=[GET],produces=[application/vnd.spring-boot.actuator.v2+json || application/json]}" onto public java.lang.Object org.springframework.boot.actuate.endpoint.web.servlet.AbstractWebMvcEndpointHandlerMapping$OperationHandler.handle(javax.servlet.http.HttpServletRequest,java.util.Map<java.lang.String, java.lang.String>)
2019-04-25 07:43:17.577  INFO 20618 --- [           main] s.b.a.e.w.s.WebMvcEndpointHandlerMapping : Mapped "{[/actuator/info],methods=[GET],produces=[application/vnd.spring-boot.actuator.v2+json || application/json]}" onto public java.lang.Object org.springframework.boot.actuate.endpoint.web.servlet.AbstractWebMvcEndpointHandlerMapping$OperationHandler.handle(javax.servlet.http.HttpServletRequest,java.util.Map<java.lang.String, java.lang.String>)
2019-04-25 07:43:17.578  INFO 20618 --- [           main] s.b.a.e.w.s.WebMvcEndpointHandlerMapping : Mapped "{[/actuator],methods=[GET],produces=[application/vnd.spring-boot.actuator.v2+json || application/json]}" onto protected java.util.Map<java.lang.String, java.util.Map<java.lang.String, org.springframework.boot.actuate.endpoint.web.Link>> org.springframework.boot.actuate.endpoint.web.servlet.WebMvcEndpointHandlerMapping.links(javax.servlet.http.HttpServletRequest,javax.servlet.http.HttpServletResponse)
2019-04-25 07:43:17.937  INFO 20618 --- [           main] o.s.j.e.a.AnnotationMBeanExporter        : Registering beans for JMX exposure on startup
2019-04-25 07:43:17.984  INFO 20618 --- [           main] o.s.j.e.a.AnnotationMBeanExporter        : Bean with name 'environmentManager' has been autodetected for JMX exposure
2019-04-25 07:43:18.023  INFO 20618 --- [           main] o.s.j.e.a.AnnotationMBeanExporter        : Bean with name 'configurationPropertiesRebinder' has been autodetected for JMX exposure
2019-04-25 07:43:18.024  INFO 20618 --- [           main] o.s.j.e.a.AnnotationMBeanExporter        : Bean with name 'refreshScope' has been autodetected for JMX exposure
2019-04-25 07:43:18.028  INFO 20618 --- [           main] o.s.j.e.a.AnnotationMBeanExporter        : Located managed bean 'environmentManager': registering with JMX server as MBean [org.springframework.cloud.context.environment:name=environmentManager,type=EnvironmentManager]
2019-04-25 07:43:18.086  INFO 20618 --- [           main] o.s.j.e.a.AnnotationMBeanExporter        : Located managed bean 'refreshScope': registering with JMX server as MBean [org.springframework.cloud.context.scope.refresh:name=refreshScope,type=RefreshScope]
2019-04-25 07:43:18.172  INFO 20618 --- [           main] o.s.j.e.a.AnnotationMBeanExporter        : Located managed bean 'configurationPropertiesRebinder': registering with JMX server as MBean [org.springframework.cloud.context.properties:name=configurationPropertiesRebinder,context=3224f60b,type=ConfigurationPropertiesRebinder]
2019-04-25 07:43:18.223  INFO 20618 --- [           main] o.s.c.support.DefaultLifecycleProcessor  : Starting beans in phase 0
2019-04-25 07:43:18.224  INFO 20618 --- [           main] o.s.c.n.e.s.EurekaServiceRegistry        : Registering application unknown with eureka with status UP
2019-04-25 07:43:18.225  INFO 20618 --- [           main] com.netflix.discovery.DiscoveryClient    : Saw local status change event StatusChangeEvent [timestamp=1556149398225, current=UP, previous=STARTING]
2019-04-25 07:43:18.258  INFO 20618 --- [nfoReplicator-0] com.netflix.discovery.DiscoveryClient    : DiscoveryClient_UNKNOWN/peer1:8761: registering service...
2019-04-25 07:43:18.270 ERROR 20618 --- [nfoReplicator-0] c.n.d.s.t.d.RedirectingEurekaHttpClient  : Request execution error

com.sun.jersey.api.client.ClientHandlerException: java.net.ConnectException: Connection refused (Connection refused)
	at com.sun.jersey.client.apache4.ApacheHttpClient4Handler.handle(ApacheHttpClient4Handler.java:187) ~[jersey-apache-client4-1.19.1.jar!/:1.19.1]
	at com.sun.jersey.api.client.filter.GZIPContentEncodingFilter.handle(GZIPContentEncodingFilter.java:123) ~[jersey-client-1.19.1.jar!/:1.19.1]
	at com.netflix.discovery.EurekaIdentityHeaderFilter.handle(EurekaIdentityHeaderFilter.java:27) ~[eureka-client-1.9.2.jar!/:1.9.2]
	at com.sun.jersey.api.client.Client.handle(Client.java:652) ~[jersey-client-1.19.1.jar!/:1.19.1]
	at com.sun.jersey.api.client.WebResource.handle(WebResource.java:682) ~[jersey-client-1.19.1.jar!/:1.19.1]
	at com.sun.jersey.api.client.WebResource.access$200(WebResource.java:74) ~[jersey-client-1.19.1.jar!/:1.19.1]
	at com.sun.jersey.api.client.WebResource$Builder.post(WebResource.java:570) ~[jersey-client-1.19.1.jar!/:1.19.1]
	at com.netflix.discovery.shared.transport.jersey.AbstractJerseyEurekaHttpClient.register(AbstractJerseyEurekaHttpClient.java:56) ~[eureka-client-1.9.2.jar!/:1.9.2]
	at com.netflix.discovery.shared.transport.decorator.EurekaHttpClientDecorator$1.execute(EurekaHttpClientDecorator.java:59) [eureka-client-1.9.2.jar!/:1.9.2]
	at com.netflix.discovery.shared.transport.decorator.MetricsCollectingEurekaHttpClient.execute(MetricsCollectingEurekaHttpClient.java:73) ~[eureka-client-1.9.2.jar!/:1.9.2]
	at com.netflix.discovery.shared.transport.decorator.EurekaHttpClientDecorator.register(EurekaHttpClientDecorator.java:56) [eureka-client-1.9.2.jar!/:1.9.2]
	at com.netflix.discovery.shared.transport.decorator.EurekaHttpClientDecorator$1.execute(EurekaHttpClientDecorator.java:59) [eureka-client-1.9.2.jar!/:1.9.2]
	at com.netflix.discovery.shared.transport.decorator.RedirectingEurekaHttpClient.executeOnNewServer(RedirectingEurekaHttpClient.java:118) ~[eureka-client-1.9.2.jar!/:1.9.2]
	at com.netflix.discovery.shared.transport.decorator.RedirectingEurekaHttpClient.execute(RedirectingEurekaHttpClient.java:79) ~[eureka-client-1.9.2.jar!/:1.9.2]
	at com.netflix.discovery.shared.transport.decorator.EurekaHttpClientDecorator.register(EurekaHttpClientDecorator.java:56) [eureka-client-1.9.2.jar!/:1.9.2]
	at com.netflix.discovery.shared.transport.decorator.EurekaHttpClientDecorator$1.execute(EurekaHttpClientDecorator.java:59) [eureka-client-1.9.2.jar!/:1.9.2]
	at com.netflix.discovery.shared.transport.decorator.RetryableEurekaHttpClient.execute(RetryableEurekaHttpClient.java:120) [eureka-client-1.9.2.jar!/:1.9.2]
	at com.netflix.discovery.shared.transport.decorator.EurekaHttpClientDecorator.register(EurekaHttpClientDecorator.java:56) [eureka-client-1.9.2.jar!/:1.9.2]
	at com.netflix.discovery.shared.transport.decorator.EurekaHttpClientDecorator$1.execute(EurekaHttpClientDecorator.java:59) [eureka-client-1.9.2.jar!/:1.9.2]
	at com.netflix.discovery.shared.transport.decorator.SessionedEurekaHttpClient.execute(SessionedEurekaHttpClient.java:77) [eureka-client-1.9.2.jar!/:1.9.2]
	at com.netflix.discovery.shared.transport.decorator.EurekaHttpClientDecorator.register(EurekaHttpClientDecorator.java:56) [eureka-client-1.9.2.jar!/:1.9.2]
	at com.netflix.discovery.DiscoveryClient.register(DiscoveryClient.java:829) [eureka-client-1.9.2.jar!/:1.9.2]
	at com.netflix.discovery.InstanceInfoReplicator.run(InstanceInfoReplicator.java:121) [eureka-client-1.9.2.jar!/:1.9.2]
	at com.netflix.discovery.InstanceInfoReplicator$1.run(InstanceInfoReplicator.java:101) [eureka-client-1.9.2.jar!/:1.9.2]
	at java.util.concurrent.Executors$RunnableAdapter.call(Executors.java:511) [na:1.8.0_181]
	at java.util.concurrent.FutureTask.run(FutureTask.java:266) [na:1.8.0_181]
	at java.util.concurrent.ScheduledThreadPoolExecutor$ScheduledFutureTask.access$201(ScheduledThreadPoolExecutor.java:180) [na:1.8.0_181]
	at java.util.concurrent.ScheduledThreadPoolExecutor$ScheduledFutureTask.run(ScheduledThreadPoolExecutor.java:293) [na:1.8.0_181]
	at java.util.concurrent.ThreadPoolExecutor.runWorker(ThreadPoolExecutor.java:1149) [na:1.8.0_181]
	at java.util.concurrent.ThreadPoolExecutor$Worker.run(ThreadPoolExecutor.java:624) [na:1.8.0_181]
	at java.lang.Thread.run(Thread.java:748) [na:1.8.0_181]
Caused by: java.net.ConnectException: Connection refused (Connection refused)
	at java.net.PlainSocketImpl.socketConnect(Native Method) ~[na:1.8.0_181]
	at java.net.AbstractPlainSocketImpl.doConnect(AbstractPlainSocketImpl.java:350) ~[na:1.8.0_181]
	at java.net.AbstractPlainSocketImpl.connectToAddress(AbstractPlainSocketImpl.java:206) ~[na:1.8.0_181]
	at java.net.AbstractPlainSocketImpl.connect(AbstractPlainSocketImpl.java:188) ~[na:1.8.0_181]
	at java.net.SocksSocketImpl.connect(SocksSocketImpl.java:392) ~[na:1.8.0_181]
	at java.net.Socket.connect(Socket.java:589) ~[na:1.8.0_181]
	at org.apache.http.conn.scheme.PlainSocketFactory.connectSocket(PlainSocketFactory.java:121) ~[httpclient-4.5.5.jar!/:4.5.5]
	at org.apache.http.impl.conn.DefaultClientConnectionOperator.openConnection(DefaultClientConnectionOperator.java:180) ~[httpclient-4.5.5.jar!/:4.5.5]
	at org.apache.http.impl.conn.AbstractPoolEntry.open(AbstractPoolEntry.java:144) ~[httpclient-4.5.5.jar!/:4.5.5]
	at org.apache.http.impl.conn.AbstractPooledConnAdapter.open(AbstractPooledConnAdapter.java:134) ~[httpclient-4.5.5.jar!/:4.5.5]
	at org.apache.http.impl.client.DefaultRequestDirector.tryConnect(DefaultRequestDirector.java:610) ~[httpclient-4.5.5.jar!/:4.5.5]
	at org.apache.http.impl.client.DefaultRequestDirector.execute(DefaultRequestDirector.java:445) ~[httpclient-4.5.5.jar!/:4.5.5]
	at org.apache.http.impl.client.AbstractHttpClient.doExecute(AbstractHttpClient.java:835) ~[httpclient-4.5.5.jar!/:4.5.5]
	at org.apache.http.impl.client.CloseableHttpClient.execute(CloseableHttpClient.java:118) ~[httpclient-4.5.5.jar!/:4.5.5]
	at org.apache.http.impl.client.CloseableHttpClient.execute(CloseableHttpClient.java:56) ~[httpclient-4.5.5.jar!/:4.5.5]
	at com.sun.jersey.client.apache4.ApacheHttpClient4Handler.handle(ApacheHttpClient4Handler.java:173) ~[jersey-apache-client4-1.19.1.jar!/:1.19.1]
	... 30 common frames omitted

2019-04-25 07:43:18.270  WARN 20618 --- [nfoReplicator-0] c.n.d.s.t.d.RetryableEurekaHttpClient    : Request execution failed with message: java.net.ConnectException: Connection refused (Connection refused)
2019-04-25 07:43:18.270  WARN 20618 --- [nfoReplicator-0] com.netflix.discovery.DiscoveryClient    : DiscoveryClient_UNKNOWN/peer1:8761 - registration failed Cannot execute request on any known server

com.netflix.discovery.shared.transport.TransportException: Cannot execute request on any known server
	at com.netflix.discovery.shared.transport.decorator.RetryableEurekaHttpClient.execute(RetryableEurekaHttpClient.java:112) ~[eureka-client-1.9.2.jar!/:1.9.2]
	at com.netflix.discovery.shared.transport.decorator.EurekaHttpClientDecorator.register(EurekaHttpClientDecorator.java:56) ~[eureka-client-1.9.2.jar!/:1.9.2]
	at com.netflix.discovery.shared.transport.decorator.EurekaHttpClientDecorator$1.execute(EurekaHttpClientDecorator.java:59) ~[eureka-client-1.9.2.jar!/:1.9.2]
	at com.netflix.discovery.shared.transport.decorator.SessionedEurekaHttpClient.execute(SessionedEurekaHttpClient.java:77) ~[eureka-client-1.9.2.jar!/:1.9.2]
	at com.netflix.discovery.shared.transport.decorator.EurekaHttpClientDecorator.register(EurekaHttpClientDecorator.java:56) ~[eureka-client-1.9.2.jar!/:1.9.2]
	at com.netflix.discovery.DiscoveryClient.register(DiscoveryClient.java:829) ~[eureka-client-1.9.2.jar!/:1.9.2]
	at com.netflix.discovery.InstanceInfoReplicator.run(InstanceInfoReplicator.java:121) [eureka-client-1.9.2.jar!/:1.9.2]
	at com.netflix.discovery.InstanceInfoReplicator$1.run(InstanceInfoReplicator.java:101) [eureka-client-1.9.2.jar!/:1.9.2]
	at java.util.concurrent.Executors$RunnableAdapter.call(Executors.java:511) [na:1.8.0_181]
	at java.util.concurrent.FutureTask.run(FutureTask.java:266) [na:1.8.0_181]
	at java.util.concurrent.ScheduledThreadPoolExecutor$ScheduledFutureTask.access$201(ScheduledThreadPoolExecutor.java:180) [na:1.8.0_181]
	at java.util.concurrent.ScheduledThreadPoolExecutor$ScheduledFutureTask.run(ScheduledThreadPoolExecutor.java:293) [na:1.8.0_181]
	at java.util.concurrent.ThreadPoolExecutor.runWorker(ThreadPoolExecutor.java:1149) [na:1.8.0_181]
	at java.util.concurrent.ThreadPoolExecutor$Worker.run(ThreadPoolExecutor.java:624) [na:1.8.0_181]
	at java.lang.Thread.run(Thread.java:748) [na:1.8.0_181]

2019-04-25 07:43:18.270  WARN 20618 --- [nfoReplicator-0] c.n.discovery.InstanceInfoReplicator     : There was a problem with the instance info replicator

com.netflix.discovery.shared.transport.TransportException: Cannot execute request on any known server
	at com.netflix.discovery.shared.transport.decorator.RetryableEurekaHttpClient.execute(RetryableEurekaHttpClient.java:112) ~[eureka-client-1.9.2.jar!/:1.9.2]
	at com.netflix.discovery.shared.transport.decorator.EurekaHttpClientDecorator.register(EurekaHttpClientDecorator.java:56) ~[eureka-client-1.9.2.jar!/:1.9.2]
	at com.netflix.discovery.shared.transport.decorator.EurekaHttpClientDecorator$1.execute(EurekaHttpClientDecorator.java:59) ~[eureka-client-1.9.2.jar!/:1.9.2]
	at com.netflix.discovery.shared.transport.decorator.SessionedEurekaHttpClient.execute(SessionedEurekaHttpClient.java:77) ~[eureka-client-1.9.2.jar!/:1.9.2]
	at com.netflix.discovery.shared.transport.decorator.EurekaHttpClientDecorator.register(EurekaHttpClientDecorator.java:56) ~[eureka-client-1.9.2.jar!/:1.9.2]
	at com.netflix.discovery.DiscoveryClient.register(DiscoveryClient.java:829) ~[eureka-client-1.9.2.jar!/:1.9.2]
	at com.netflix.discovery.InstanceInfoReplicator.run(InstanceInfoReplicator.java:121) ~[eureka-client-1.9.2.jar!/:1.9.2]
	at com.netflix.discovery.InstanceInfoReplicator$1.run(InstanceInfoReplicator.java:101) [eureka-client-1.9.2.jar!/:1.9.2]
	at java.util.concurrent.Executors$RunnableAdapter.call(Executors.java:511) [na:1.8.0_181]
	at java.util.concurrent.FutureTask.run(FutureTask.java:266) [na:1.8.0_181]
	at java.util.concurrent.ScheduledThreadPoolExecutor$ScheduledFutureTask.access$201(ScheduledThreadPoolExecutor.java:180) [na:1.8.0_181]
	at java.util.concurrent.ScheduledThreadPoolExecutor$ScheduledFutureTask.run(ScheduledThreadPoolExecutor.java:293) [na:1.8.0_181]
	at java.util.concurrent.ThreadPoolExecutor.runWorker(ThreadPoolExecutor.java:1149) [na:1.8.0_181]
	at java.util.concurrent.ThreadPoolExecutor$Worker.run(ThreadPoolExecutor.java:624) [na:1.8.0_181]
	at java.lang.Thread.run(Thread.java:748) [na:1.8.0_181]

2019-04-25 07:43:18.326  INFO 20618 --- [      Thread-13] o.s.c.n.e.server.EurekaServerBootstrap   : Setting the eureka configuration..
2019-04-25 07:43:18.326  INFO 20618 --- [      Thread-13] o.s.c.n.e.server.EurekaServerBootstrap   : Eureka data center value eureka.datacenter is not set, defaulting to default
2019-04-25 07:43:18.327  INFO 20618 --- [      Thread-13] o.s.c.n.e.server.EurekaServerBootstrap   : Eureka environment value eureka.environment is not set, defaulting to test
2019-04-25 07:43:18.417  INFO 20618 --- [      Thread-13] o.s.c.n.e.server.EurekaServerBootstrap   : isAws returned false
2019-04-25 07:43:18.417  INFO 20618 --- [      Thread-13] o.s.c.n.e.server.EurekaServerBootstrap   : Initialized server context
2019-04-25 07:43:18.945  INFO 20618 --- [           main] o.s.b.w.embedded.tomcat.TomcatWebServer  : Tomcat started on port(s): 8761 (http) with context path ''
2019-04-25 07:43:18.986  INFO 20618 --- [           main] .s.c.n.e.s.EurekaAutoServiceRegistration : Updating port to 8761
2019-04-25 07:43:18.990  INFO 20618 --- [           main] c.f.e.EurekaServerApplication            : Started EurekaServerApplication in 41.588 seconds (JVM running for 43.048)
2019-04-25 07:43:21.433  INFO 20618 --- [nio-8761-exec-1] o.a.c.c.C.[Tomcat].[localhost].[/]       : Initializing Spring FrameworkServlet 'dispatcherServlet'
2019-04-25 07:43:21.433  INFO 20618 --- [nio-8761-exec-1] o.s.web.servlet.DispatcherServlet        : FrameworkServlet 'dispatcherServlet': initialization started
2019-04-25 07:43:21.507  INFO 20618 --- [nio-8761-exec-1] o.s.web.servlet.DispatcherServlet        : FrameworkServlet 'dispatcherServlet': initialization completed in 73 ms
2019-04-25 07:43:24.110  INFO 20618 --- [nio-8761-exec-2] c.n.e.registry.AbstractInstanceRegistry  : Registered instance UNKNOWN/peer1:8769 with status UP (replication=false)
2019-04-25 07:43:25.042 ERROR 20618 --- [-target_peer2-0] c.n.e.cluster.ReplicationTaskProcessor   : It seems to be a socket read timeout exception, it will retry later. if it continues to happen and some eureka node occupied all the cpu time, you should set property 'eureka.server.peer-node-read-timeout-ms' to a bigger value

com.sun.jersey.api.client.ClientHandlerException: java.net.SocketTimeoutException: Read timed out
	at com.sun.jersey.client.apache4.ApacheHttpClient4Handler.handle(ApacheHttpClient4Handler.java:187) ~[jersey-apache-client4-1.19.1.jar!/:1.19.1]
	at com.netflix.eureka.cluster.DynamicGZIPContentEncodingFilter.handle(DynamicGZIPContentEncodingFilter.java:48) ~[eureka-core-1.9.2.jar!/:1.9.2]
	at com.netflix.discovery.EurekaIdentityHeaderFilter.handle(EurekaIdentityHeaderFilter.java:27) ~[eureka-client-1.9.2.jar!/:1.9.2]
	at com.sun.jersey.api.client.Client.handle(Client.java:652) ~[jersey-client-1.19.1.jar!/:1.19.1]
	at com.sun.jersey.api.client.WebResource.handle(WebResource.java:682) ~[jersey-client-1.19.1.jar!/:1.19.1]
	at com.sun.jersey.api.client.WebResource.access$200(WebResource.java:74) ~[jersey-client-1.19.1.jar!/:1.19.1]
	at com.sun.jersey.api.client.WebResource$Builder.post(WebResource.java:570) ~[jersey-client-1.19.1.jar!/:1.19.1]
	at com.netflix.eureka.transport.JerseyReplicationClient.submitBatchUpdates(JerseyReplicationClient.java:116) ~[eureka-core-1.9.2.jar!/:1.9.2]
	at com.netflix.eureka.cluster.ReplicationTaskProcessor.process(ReplicationTaskProcessor.java:80) ~[eureka-core-1.9.2.jar!/:1.9.2]
	at com.netflix.eureka.util.batcher.TaskExecutors$BatchWorkerRunnable.run(TaskExecutors.java:187) [eureka-core-1.9.2.jar!/:1.9.2]
	at java.lang.Thread.run(Thread.java:748) [na:1.8.0_181]
Caused by: java.net.SocketTimeoutException: Read timed out
	at java.net.SocketInputStream.socketRead0(Native Method) ~[na:1.8.0_181]
	at java.net.SocketInputStream.socketRead(SocketInputStream.java:116) ~[na:1.8.0_181]
	at java.net.SocketInputStream.read(SocketInputStream.java:171) ~[na:1.8.0_181]
	at java.net.SocketInputStream.read(SocketInputStream.java:141) ~[na:1.8.0_181]
	at org.apache.http.impl.io.AbstractSessionInputBuffer.fillBuffer(AbstractSessionInputBuffer.java:161) ~[httpcore-4.4.9.jar!/:4.4.9]
	at org.apache.http.impl.io.SocketInputBuffer.fillBuffer(SocketInputBuffer.java:82) ~[httpcore-4.4.9.jar!/:4.4.9]
	at org.apache.http.impl.io.AbstractSessionInputBuffer.readLine(AbstractSessionInputBuffer.java:278) ~[httpcore-4.4.9.jar!/:4.4.9]
	at org.apache.http.impl.conn.DefaultHttpResponseParser.parseHead(DefaultHttpResponseParser.java:138) ~[httpclient-4.5.5.jar!/:4.5.5]
	at org.apache.http.impl.conn.DefaultHttpResponseParser.parseHead(DefaultHttpResponseParser.java:56) ~[httpclient-4.5.5.jar!/:4.5.5]
	at org.apache.http.impl.io.AbstractMessageParser.parse(AbstractMessageParser.java:259) ~[httpcore-4.4.9.jar!/:4.4.9]
	at org.apache.http.impl.AbstractHttpClientConnection.receiveResponseHeader(AbstractHttpClientConnection.java:286) ~[httpcore-4.4.9.jar!/:4.4.9]
	at org.apache.http.impl.conn.DefaultClientConnection.receiveResponseHeader(DefaultClientConnection.java:257) ~[httpclient-4.5.5.jar!/:4.5.5]
	at org.apache.http.impl.conn.AbstractClientConnAdapter.receiveResponseHeader(AbstractClientConnAdapter.java:230) ~[httpclient-4.5.5.jar!/:4.5.5]
	at org.apache.http.protocol.HttpRequestExecutor.doReceiveResponse(HttpRequestExecutor.java:273) ~[httpcore-4.4.9.jar!/:4.4.9]
	at org.apache.http.protocol.HttpRequestExecutor.execute(HttpRequestExecutor.java:125) ~[httpcore-4.4.9.jar!/:4.4.9]
	at org.apache.http.impl.client.DefaultRequestDirector.tryExecute(DefaultRequestDirector.java:684) ~[httpclient-4.5.5.jar!/:4.5.5]
	at org.apache.http.impl.client.DefaultRequestDirector.execute(DefaultRequestDirector.java:486) ~[httpclient-4.5.5.jar!/:4.5.5]
	at org.apache.http.impl.client.AbstractHttpClient.doExecute(AbstractHttpClient.java:835) ~[httpclient-4.5.5.jar!/:4.5.5]
	at org.apache.http.impl.client.CloseableHttpClient.execute(CloseableHttpClient.java:118) ~[httpclient-4.5.5.jar!/:4.5.5]
	at org.apache.http.impl.client.CloseableHttpClient.execute(CloseableHttpClient.java:56) ~[httpclient-4.5.5.jar!/:4.5.5]
	at com.sun.jersey.client.apache4.ApacheHttpClient4Handler.handle(ApacheHttpClient4Handler.java:173) ~[jersey-apache-client4-1.19.1.jar!/:1.19.1]
	... 10 common frames omitted

2019-04-25 07:43:43.866  WARN 20618 --- [nio-8761-exec-5] c.n.e.registry.AbstractInstanceRegistry  : DS: Registry: lease doesn't exist, registering resource: SERVICE-HI - 192.168.80.130:service-hi:8762
2019-04-25 07:43:43.866  WARN 20618 --- [nio-8761-exec-5] c.n.eureka.resources.InstanceResource    : Not Found (Renew): SERVICE-HI - 192.168.80.130:service-hi:8762
2019-04-25 07:43:43.902  INFO 20618 --- [nio-8761-exec-6] c.n.e.registry.AbstractInstanceRegistry  : Registered instance SERVICE-HI/192.168.80.130:service-hi:8762 with status UP (replication=false)
2019-04-25 07:43:45.726  INFO 20618 --- [freshExecutor-0] com.netflix.discovery.DiscoveryClient    : Disable delta property : false
2019-04-25 07:43:45.726  INFO 20618 --- [freshExecutor-0] com.netflix.discovery.DiscoveryClient    : Single vip registry refresh property : null
2019-04-25 07:43:45.726  INFO 20618 --- [freshExecutor-0] com.netflix.discovery.DiscoveryClient    : Force full registry fetch : false
2019-04-25 07:43:45.726  INFO 20618 --- [freshExecutor-0] com.netflix.discovery.DiscoveryClient    : Application is null : false
2019-04-25 07:43:45.726  INFO 20618 --- [freshExecutor-0] com.netflix.discovery.DiscoveryClient    : Registered Applications size is zero : true
2019-04-25 07:43:45.727  INFO 20618 --- [freshExecutor-0] com.netflix.discovery.DiscoveryClient    : Application version is -1: true
2019-04-25 07:43:45.727  INFO 20618 --- [freshExecutor-0] com.netflix.discovery.DiscoveryClient    : Getting all instance registry info from the eureka server
2019-04-25 07:43:45.827  INFO 20618 --- [tbeatExecutor-0] com.netflix.discovery.DiscoveryClient    : DiscoveryClient_UNKNOWN/peer1:8761 - Re-registering apps/UNKNOWN
2019-04-25 07:43:45.827  INFO 20618 --- [tbeatExecutor-0] com.netflix.discovery.DiscoveryClient    : DiscoveryClient_UNKNOWN/peer1:8761: registering service...
2019-04-25 07:43:45.858  INFO 20618 --- [tbeatExecutor-0] com.netflix.discovery.DiscoveryClient    : DiscoveryClient_UNKNOWN/peer1:8761 - registration status: 204
2019-04-25 07:43:45.867  INFO 20618 --- [freshExecutor-0] com.netflix.discovery.DiscoveryClient    : The response status is 200
2019-04-25 07:43:46.422  INFO 20618 --- [nio-8761-exec-7] c.n.e.registry.AbstractInstanceRegistry  : Registered instance UNKNOWN/peer1:8761 with status UP (replication=true)
2019-04-25 07:43:48.422  INFO 20618 --- [      Thread-13] c.n.e.registry.AbstractInstanceRegistry  : Registered instance SERVICE-HI/192.168.80.130:service-hi:8762 with status UP (replication=true)
2019-04-25 07:43:48.423  INFO 20618 --- [      Thread-13] c.n.e.registry.AbstractInstanceRegistry  : Registered instance UNKNOWN/peer1:8769 with status UP (replication=true)
2019-04-25 07:43:48.424  INFO 20618 --- [      Thread-13] c.n.e.r.PeerAwareInstanceRegistryImpl    : Got 2 instances from neighboring DS node
2019-04-25 07:43:48.424  INFO 20618 --- [      Thread-13] c.n.e.r.PeerAwareInstanceRegistryImpl    : Renew threshold is: 3
2019-04-25 07:43:48.424  INFO 20618 --- [      Thread-13] c.n.e.r.PeerAwareInstanceRegistryImpl    : Changing status to UP
2019-04-25 07:43:48.487  INFO 20618 --- [      Thread-13] e.s.EurekaServerInitializerConfiguration : Started Eureka Server
2019-04-25 07:44:48.426  INFO 20618 --- [a-EvictionTimer] c.n.e.registry.AbstractInstanceRegistry  : Running the evict task with compensationTime 0ms
2019-04-25 07:45:48.427  INFO 20618 --- [a-EvictionTimer] c.n.e.registry.AbstractInstanceRegistry  : Running the evict task with compensationTime 0ms
2019-04-25 07:46:03.453  INFO 20618 --- [      Thread-15] ConfigServletWebServerApplicationContext : Closing org.springframework.boot.web.servlet.context.AnnotationConfigServletWebServerApplicationContext@3224f60b: startup date [Thu Apr 25 07:42:43 CST 2019]; parent: org.springframework.context.annotation.AnnotationConfigApplicationContext@26ba2a48
2019-04-25 07:46:03.454  INFO 20618 --- [      Thread-15] o.s.c.n.e.s.EurekaServiceRegistry        : Unregistering application unknown with eureka with status DOWN
2019-04-25 07:46:03.455  WARN 20618 --- [      Thread-15] com.netflix.discovery.DiscoveryClient    : Saw local status change event StatusChangeEvent [timestamp=1556149563455, current=DOWN, previous=UP]
2019-04-25 07:46:03.457  INFO 20618 --- [      Thread-15] o.s.c.support.DefaultLifecycleProcessor  : Stopping beans in phase 0
2019-04-25 07:46:03.458  INFO 20618 --- [      Thread-15] c.n.eureka.DefaultEurekaServerContext    : Shutting down ...
2019-04-25 07:46:03.469  INFO 20618 --- [nfoReplicator-0] com.netflix.discovery.DiscoveryClient    : DiscoveryClient_UNKNOWN/peer1:8761: registering service...
2019-04-25 07:46:03.505  INFO 20618 --- [nio-8761-exec-4] c.n.e.registry.AbstractInstanceRegistry  : Registered instance UNKNOWN/peer1:8769 with status DOWN (replication=false)
2019-04-25 07:46:03.650  INFO 20618 --- [nio-8761-exec-5] c.n.e.registry.AbstractInstanceRegistry  : Registered instance SERVICE-HI/192.168.80.130:service-hi:8762 with status DOWN (replication=false)
2019-04-25 07:46:03.654  INFO 20618 --- [      Thread-15] c.n.eureka.DefaultEurekaServerContext    : Shut down
2019-04-25 07:46:03.657  INFO 20618 --- [      Thread-15] o.s.j.e.a.AnnotationMBeanExporter        : Unregistering JMX-exposed beans on shutdown
2019-04-25 07:46:03.661  INFO 20618 --- [      Thread-15] o.s.j.e.a.AnnotationMBeanExporter        : Unregistering JMX-exposed beans
2019-04-25 07:46:03.732  INFO 20618 --- [      Thread-15] com.netflix.discovery.DiscoveryClient    : Shutting down DiscoveryClient ...
2019-04-25 07:46:03.804  INFO 20618 --- [nfoReplicator-0] com.netflix.discovery.DiscoveryClient    : DiscoveryClient_UNKNOWN/peer1:8761 - registration status: 204
2019-04-25 07:46:03.854  INFO 20618 --- [      Thread-15] com.netflix.discovery.DiscoveryClient    : Unregistering ...
2019-04-25 07:46:03.868  INFO 20618 --- [      Thread-15] com.netflix.discovery.DiscoveryClient    : DiscoveryClient_UNKNOWN/peer1:8761 - deregister  status: 200
2019-04-25 07:46:03.876  INFO 20618 --- [      Thread-15] com.netflix.discovery.DiscoveryClient    : Completed shut down of DiscoveryClient
