2019-04-21 19:28:47.614  INFO 21814 --- [           main] s.c.a.AnnotationConfigApplicationContext : Refreshing org.springframework.context.annotation.AnnotationConfigApplicationContext@19dfb72a: startup date [Sun Apr 21 19:28:47 CST 2019]; root of context hierarchy
2019-04-21 19:28:50.546  INFO 21814 --- [           main] f.a.AutowiredAnnotationBeanPostProcessor : JSR-330 'javax.inject.Inject' annotation found and supported for autowiring
2019-04-21 19:28:50.985  INFO 21814 --- [           main] trationDelegate$BeanPostProcessorChecker : Bean 'configurationPropertiesRebinderAutoConfiguration' of type [org.springframework.cloud.autoconfigure.ConfigurationPropertiesRebinderAutoConfiguration$$EnhancerBySpringCGLIB$$e749846d] is not eligible for getting processed by all BeanPostProcessors (for example: not eligible for auto-proxying)

  .   ____          _            __ _ _
 /\\ / ___'_ __ _ _(_)_ __  __ _ \ \ \ \
( ( )\___ | '_ | '_| | '_ \/ _` | \ \ \ \
 \\/  ___)| |_)| | | | | || (_| |  ) ) ) )
  '  |____| .__|_| |_|_| |_\__, | / / / /
 =========|_|==============|___/=/_/_/_/
 :: Spring Boot ::        (v2.0.3.RELEASE)

2019-04-21 19:28:52.982  INFO 21814 --- [           main] c.f.s.ServiceFeignApplication            : No active profile set, falling back to default profiles: default
2019-04-21 19:28:53.157  INFO 21814 --- [           main] ConfigServletWebServerApplicationContext : Refreshing org.springframework.boot.web.servlet.context.AnnotationConfigServletWebServerApplicationContext@5f9d02cb: startup date [Sun Apr 21 19:28:53 CST 2019]; parent: org.springframework.context.annotation.AnnotationConfigApplicationContext@19dfb72a
2019-04-21 19:28:59.931  INFO 21814 --- [           main] o.s.cloud.context.scope.GenericScope     : BeanFactory id=8b840c97-c4f9-3baf-a48c-18ec108449e3
2019-04-21 19:29:00.079  INFO 21814 --- [           main] f.a.AutowiredAnnotationBeanPostProcessor : JSR-330 'javax.inject.Inject' annotation found and supported for autowiring
2019-04-21 19:29:00.865  INFO 21814 --- [           main] trationDelegate$BeanPostProcessorChecker : Bean 'org.springframework.cloud.autoconfigure.ConfigurationPropertiesRebinderAutoConfiguration' of type [org.springframework.cloud.autoconfigure.ConfigurationPropertiesRebinderAutoConfiguration$$EnhancerBySpringCGLIB$$e749846d] is not eligible for getting processed by all BeanPostProcessors (for example: not eligible for auto-proxying)
2019-04-21 19:29:02.723  INFO 21814 --- [           main] o.s.b.w.embedded.tomcat.TomcatWebServer  : Tomcat initialized with port(s): 8765 (http)
2019-04-21 19:29:02.886  INFO 21814 --- [           main] o.apache.catalina.core.StandardService   : Starting service [Tomcat]
2019-04-21 19:29:02.887  INFO 21814 --- [           main] org.apache.catalina.core.StandardEngine  : Starting Servlet Engine: Apache Tomcat/8.5.31
2019-04-21 19:29:03.014  INFO 21814 --- [ost-startStop-1] o.a.catalina.core.AprLifecycleListener   : The APR based Apache Tomcat Native library which allows optimal performance in production environments was not found on the java.library.path: [/usr/java/packages/lib/amd64:/usr/lib64:/lib64:/lib:/usr/lib]
2019-04-21 19:29:03.460  INFO 21814 --- [ost-startStop-1] o.a.c.c.C.[Tomcat].[localhost].[/]       : Initializing Spring embedded WebApplicationContext
2019-04-21 19:29:03.460  INFO 21814 --- [ost-startStop-1] o.s.web.context.ContextLoader            : Root WebApplicationContext: initialization completed in 10303 ms
2019-04-21 19:29:04.530  INFO 21814 --- [ost-startStop-1] o.s.b.w.servlet.ServletRegistrationBean  : Servlet dispatcherServlet mapped to [/]
2019-04-21 19:29:04.548  INFO 21814 --- [ost-startStop-1] o.s.b.w.servlet.FilterRegistrationBean   : Mapping filter: 'characterEncodingFilter' to: [/*]
2019-04-21 19:29:04.549  INFO 21814 --- [ost-startStop-1] o.s.b.w.servlet.FilterRegistrationBean   : Mapping filter: 'hiddenHttpMethodFilter' to: [/*]
2019-04-21 19:29:04.549  INFO 21814 --- [ost-startStop-1] o.s.b.w.servlet.FilterRegistrationBean   : Mapping filter: 'httpPutFormContentFilter' to: [/*]
2019-04-21 19:29:04.549  INFO 21814 --- [ost-startStop-1] o.s.b.w.servlet.FilterRegistrationBean   : Mapping filter: 'requestContextFilter' to: [/*]
2019-04-21 19:29:04.954  INFO 21814 --- [           main] s.c.a.AnnotationConfigApplicationContext : Refreshing FeignContext-service-hi: startup date [Sun Apr 21 19:29:04 CST 2019]; parent: org.springframework.boot.web.servlet.context.AnnotationConfigServletWebServerApplicationContext@5f9d02cb
2019-04-21 19:29:05.017  INFO 21814 --- [           main] f.a.AutowiredAnnotationBeanPostProcessor : JSR-330 'javax.inject.Inject' annotation found and supported for autowiring
2019-04-21 19:29:06.319  WARN 21814 --- [           main] c.n.c.sources.URLConfigurationSource     : No URLs will be polled as dynamic configuration sources.
2019-04-21 19:29:06.319  INFO 21814 --- [           main] c.n.c.sources.URLConfigurationSource     : To enable URLs as dynamic configuration sources, define System property archaius.configurationSource.additionalUrls or make config.properties available on classpath.
2019-04-21 19:29:06.328  WARN 21814 --- [           main] c.n.c.sources.URLConfigurationSource     : No URLs will be polled as dynamic configuration sources.
2019-04-21 19:29:06.366  INFO 21814 --- [           main] c.n.c.sources.URLConfigurationSource     : To enable URLs as dynamic configuration sources, define System property archaius.configurationSource.additionalUrls or make config.properties available on classpath.
2019-04-21 19:29:06.977  INFO 21814 --- [           main] o.s.w.s.handler.SimpleUrlHandlerMapping  : Mapped URL path [/**/favicon.ico] onto handler of type [class org.springframework.web.servlet.resource.ResourceHttpRequestHandler]
2019-04-21 19:29:08.093  INFO 21814 --- [           main] s.w.s.m.m.a.RequestMappingHandlerAdapter : Looking for @ControllerAdvice: org.springframework.boot.web.servlet.context.AnnotationConfigServletWebServerApplicationContext@5f9d02cb: startup date [Sun Apr 21 19:28:53 CST 2019]; parent: org.springframework.context.annotation.AnnotationConfigApplicationContext@19dfb72a
2019-04-21 19:29:08.668  INFO 21814 --- [           main] s.w.s.m.m.a.RequestMappingHandlerMapping : Mapped "{[/hi],methods=[GET]}" onto public java.lang.String com.forezp.servicefeign.web.HiController.sayHi(java.lang.String)
2019-04-21 19:29:08.673  INFO 21814 --- [           main] s.w.s.m.m.a.RequestMappingHandlerMapping : Mapped "{[/error],produces=[text/html]}" onto public org.springframework.web.servlet.ModelAndView org.springframework.boot.autoconfigure.web.servlet.error.BasicErrorController.errorHtml(javax.servlet.http.HttpServletRequest,javax.servlet.http.HttpServletResponse)
2019-04-21 19:29:08.673  INFO 21814 --- [           main] s.w.s.m.m.a.RequestMappingHandlerMapping : Mapped "{[/error]}" onto public org.springframework.http.ResponseEntity<java.util.Map<java.lang.String, java.lang.Object>> org.springframework.boot.autoconfigure.web.servlet.error.BasicErrorController.error(javax.servlet.http.HttpServletRequest)
2019-04-21 19:29:08.885  INFO 21814 --- [           main] o.s.w.s.handler.SimpleUrlHandlerMapping  : Mapped URL path [/webjars/**] onto handler of type [class org.springframework.web.servlet.resource.ResourceHttpRequestHandler]
2019-04-21 19:29:08.885  INFO 21814 --- [           main] o.s.w.s.handler.SimpleUrlHandlerMapping  : Mapped URL path [/**] onto handler of type [class org.springframework.web.servlet.resource.ResourceHttpRequestHandler]
2019-04-21 19:29:13.580  INFO 21814 --- [           main] o.s.j.e.a.AnnotationMBeanExporter        : Registering beans for JMX exposure on startup
2019-04-21 19:29:13.638  INFO 21814 --- [           main] o.s.j.e.a.AnnotationMBeanExporter        : Bean with name 'configurationPropertiesRebinder' has been autodetected for JMX exposure
2019-04-21 19:29:13.639  INFO 21814 --- [           main] o.s.j.e.a.AnnotationMBeanExporter        : Bean with name 'environmentManager' has been autodetected for JMX exposure
2019-04-21 19:29:13.639  INFO 21814 --- [           main] o.s.j.e.a.AnnotationMBeanExporter        : Bean with name 'refreshScope' has been autodetected for JMX exposure
2019-04-21 19:29:13.702  INFO 21814 --- [           main] o.s.j.e.a.AnnotationMBeanExporter        : Located managed bean 'environmentManager': registering with JMX server as MBean [org.springframework.cloud.context.environment:name=environmentManager,type=EnvironmentManager]
2019-04-21 19:29:13.743  INFO 21814 --- [           main] o.s.j.e.a.AnnotationMBeanExporter        : Located managed bean 'refreshScope': registering with JMX server as MBean [org.springframework.cloud.context.scope.refresh:name=refreshScope,type=RefreshScope]
2019-04-21 19:29:13.864  INFO 21814 --- [           main] o.s.j.e.a.AnnotationMBeanExporter        : Located managed bean 'configurationPropertiesRebinder': registering with JMX server as MBean [org.springframework.cloud.context.properties:name=configurationPropertiesRebinder,context=5f9d02cb,type=ConfigurationPropertiesRebinder]
2019-04-21 19:29:13.925  INFO 21814 --- [           main] o.s.c.support.DefaultLifecycleProcessor  : Starting beans in phase 0
2019-04-21 19:29:13.989  INFO 21814 --- [           main] o.s.c.n.eureka.InstanceInfoFactory       : Setting initial instance status as: STARTING
2019-04-21 19:29:14.308  INFO 21814 --- [           main] com.netflix.discovery.DiscoveryClient    : Initializing Eureka in region us-east-1
2019-04-21 19:29:15.344  INFO 21814 --- [           main] c.n.d.provider.DiscoveryJerseyProvider   : Using JSON encoding codec LegacyJacksonJson
2019-04-21 19:29:15.345  INFO 21814 --- [           main] c.n.d.provider.DiscoveryJerseyProvider   : Using JSON decoding codec LegacyJacksonJson
2019-04-21 19:29:15.744  INFO 21814 --- [           main] c.n.d.provider.DiscoveryJerseyProvider   : Using XML encoding codec XStreamXml
2019-04-21 19:29:15.744  INFO 21814 --- [           main] c.n.d.provider.DiscoveryJerseyProvider   : Using XML decoding codec XStreamXml
2019-04-21 19:29:16.286  INFO 21814 --- [           main] c.n.d.s.r.aws.ConfigClusterResolver      : Resolving eureka endpoints via configuration
2019-04-21 19:29:16.357  INFO 21814 --- [           main] com.netflix.discovery.DiscoveryClient    : Disable delta property : false
2019-04-21 19:29:16.357  INFO 21814 --- [           main] com.netflix.discovery.DiscoveryClient    : Single vip registry refresh property : null
2019-04-21 19:29:16.357  INFO 21814 --- [           main] com.netflix.discovery.DiscoveryClient    : Force full registry fetch : false
2019-04-21 19:29:16.357  INFO 21814 --- [           main] com.netflix.discovery.DiscoveryClient    : Application is null : false
2019-04-21 19:29:16.357  INFO 21814 --- [           main] com.netflix.discovery.DiscoveryClient    : Registered Applications size is zero : true
2019-04-21 19:29:16.357  INFO 21814 --- [           main] com.netflix.discovery.DiscoveryClient    : Application version is -1: true
2019-04-21 19:29:16.357  INFO 21814 --- [           main] com.netflix.discovery.DiscoveryClient    : Getting all instance registry info from the eureka server
2019-04-21 19:29:16.787  INFO 21814 --- [           main] com.netflix.discovery.DiscoveryClient    : The response status is 200
2019-04-21 19:29:16.792  INFO 21814 --- [           main] com.netflix.discovery.DiscoveryClient    : Starting heartbeat executor: renew interval is: 30
2019-04-21 19:29:16.797  INFO 21814 --- [           main] c.n.discovery.InstanceInfoReplicator     : InstanceInfoReplicator onDemand update allowed rate per min is 4
2019-04-21 19:29:16.802  INFO 21814 --- [           main] com.netflix.discovery.DiscoveryClient    : Discovery Client initialized at timestamp 1555846156801 with initial instances count: 3
2019-04-21 19:29:16.807  INFO 21814 --- [           main] o.s.c.n.e.s.EurekaServiceRegistry        : Registering application service-feign with eureka with status UP
2019-04-21 19:29:16.808  INFO 21814 --- [           main] com.netflix.discovery.DiscoveryClient    : Saw local status change event StatusChangeEvent [timestamp=1555846156808, current=UP, previous=STARTING]
2019-04-21 19:29:16.818  INFO 21814 --- [nfoReplicator-0] com.netflix.discovery.DiscoveryClient    : DiscoveryClient_SERVICE-FEIGN/192.168.80.130:service-feign:8765: registering service...
2019-04-21 19:29:16.960  INFO 21814 --- [           main] o.s.b.w.embedded.tomcat.TomcatWebServer  : Tomcat started on port(s): 8765 (http) with context path ''
2019-04-21 19:29:16.964  INFO 21814 --- [           main] .s.c.n.e.s.EurekaAutoServiceRegistration : Updating port to 8765
2019-04-21 19:29:16.967  INFO 21814 --- [           main] c.f.s.ServiceFeignApplication            : Started ServiceFeignApplication in 36.321 seconds (JVM running for 42.055)
2019-04-21 19:29:17.035  INFO 21814 --- [nfoReplicator-0] com.netflix.discovery.DiscoveryClient    : DiscoveryClient_SERVICE-FEIGN/192.168.80.130:service-feign:8765 - registration status: 204
2019-04-21 19:34:16.362  INFO 21814 --- [trap-executor-0] c.n.d.s.r.aws.ConfigClusterResolver      : Resolving eureka endpoints via configuration
2019-04-21 19:39:16.364  INFO 21814 --- [trap-executor-0] c.n.d.s.r.aws.ConfigClusterResolver      : Resolving eureka endpoints via configuration
2019-04-21 19:44:16.380  INFO 21814 --- [trap-executor-0] c.n.d.s.r.aws.ConfigClusterResolver      : Resolving eureka endpoints via configuration
2019-04-21 19:49:16.382  INFO 21814 --- [trap-executor-0] c.n.d.s.r.aws.ConfigClusterResolver      : Resolving eureka endpoints via configuration
2019-04-21 19:54:16.384  INFO 21814 --- [trap-executor-0] c.n.d.s.r.aws.ConfigClusterResolver      : Resolving eureka endpoints via configuration
2019-04-21 19:59:16.388  INFO 21814 --- [trap-executor-0] c.n.d.s.r.aws.ConfigClusterResolver      : Resolving eureka endpoints via configuration
2019-04-21 20:04:16.390  INFO 21814 --- [trap-executor-0] c.n.d.s.r.aws.ConfigClusterResolver      : Resolving eureka endpoints via configuration
2019-04-21 20:05:52.944  INFO 21814 --- [nio-8765-exec-1] o.a.c.c.C.[Tomcat].[localhost].[/]       : Initializing Spring FrameworkServlet 'dispatcherServlet'
2019-04-21 20:05:52.944  INFO 21814 --- [nio-8765-exec-1] o.s.web.servlet.DispatcherServlet        : FrameworkServlet 'dispatcherServlet': initialization started
2019-04-21 20:05:53.375  INFO 21814 --- [nio-8765-exec-1] o.s.web.servlet.DispatcherServlet        : FrameworkServlet 'dispatcherServlet': initialization completed in 431 ms
2019-04-21 20:05:56.858  INFO 21814 --- [ix-service-hi-1] s.c.a.AnnotationConfigApplicationContext : Refreshing SpringClientFactory-service-hi: startup date [Sun Apr 21 20:05:56 CST 2019]; parent: org.springframework.boot.web.servlet.context.AnnotationConfigServletWebServerApplicationContext@5f9d02cb
2019-04-21 20:05:59.310  INFO 21814 --- [ix-service-hi-1] f.a.AutowiredAnnotationBeanPostProcessor : JSR-330 'javax.inject.Inject' annotation found and supported for autowiring
2019-04-21 20:06:00.651  INFO 21814 --- [ix-service-hi-1] c.netflix.config.ChainedDynamicProperty  : Flipping property: service-hi.ribbon.ActiveConnectionsLimit to use NEXT property: niws.loadbalancer.availabilityFilteringRule.activeConnectionsLimit = 2147483647
2019-04-21 20:06:00.797  INFO 21814 --- [ix-service-hi-1] c.n.u.concurrent.ShutdownEnabledTimer    : Shutdown hook installed for: NFLoadBalancer-PingTimer-service-hi
2019-04-21 20:06:01.247  INFO 21814 --- [ix-service-hi-1] c.netflix.loadbalancer.BaseLoadBalancer  : Client: service-hi instantiated a LoadBalancer: DynamicServerListLoadBalancer:{NFLoadBalancer:name=service-hi,current list of Servers=[],Load balancer stats=Zone stats: {},Server stats: []}ServerList:null
2019-04-21 20:06:01.258  INFO 21814 --- [ix-service-hi-1] c.n.l.DynamicServerListLoadBalancer      : Using serverListUpdater PollingServerListUpdater
2019-04-21 20:06:01.467  INFO 21814 --- [ix-service-hi-1] c.netflix.config.ChainedDynamicProperty  : Flipping property: service-hi.ribbon.ActiveConnectionsLimit to use NEXT property: niws.loadbalancer.availabilityFilteringRule.activeConnectionsLimit = 2147483647
2019-04-21 20:06:01.470  INFO 21814 --- [ix-service-hi-1] c.n.l.DynamicServerListLoadBalancer      : DynamicServerListLoadBalancer for client service-hi initialized: DynamicServerListLoadBalancer:{NFLoadBalancer:name=service-hi,current list of Servers=[192.168.80.130:8762, localhost:8763],Load balancer stats=Zone stats: {defaultzone=[Zone:defaultzone;	Instance count:2;	Active connections count: 0;	Circuit breaker tripped count: 0;	Active connections per server: 0.0;]
},Server stats: [[Server:192.168.80.130:8762;	Zone:defaultZone;	Total Requests:0;	Successive connection failure:0;	Total blackout seconds:0;	Last connection made:Thu Jan 01 08:00:00 CST 1970;	First connection made: Thu Jan 01 08:00:00 CST 1970;	Active Connections:0;	total failure count in last (1000) msecs:0;	average resp time:0.0;	90 percentile resp time:0.0;	95 percentile resp time:0.0;	min resp time:0.0;	max resp time:0.0;	stddev resp time:0.0]
, [Server:localhost:8763;	Zone:defaultZone;	Total Requests:0;	Successive connection failure:0;	Total blackout seconds:0;	Last connection made:Thu Jan 01 08:00:00 CST 1970;	First connection made: Thu Jan 01 08:00:00 CST 1970;	Active Connections:0;	total failure count in last (1000) msecs:0;	average resp time:0.0;	90 percentile resp time:0.0;	95 percentile resp time:0.0;	min resp time:0.0;	max resp time:0.0;	stddev resp time:0.0]
]}ServerList:org.springframework.cloud.netflix.ribbon.eureka.DomainExtractingServerList@1d0a6794
2019-04-21 20:06:02.387  INFO 21814 --- [erListUpdater-0] c.netflix.config.ChainedDynamicProperty  : Flipping property: service-hi.ribbon.ActiveConnectionsLimit to use NEXT property: niws.loadbalancer.availabilityFilteringRule.activeConnectionsLimit = 2147483647
2019-04-21 20:09:16.393  INFO 21814 --- [trap-executor-0] c.n.d.s.r.aws.ConfigClusterResolver      : Resolving eureka endpoints via configuration
2019-04-21 20:14:16.395  INFO 21814 --- [trap-executor-0] c.n.d.s.r.aws.ConfigClusterResolver      : Resolving eureka endpoints via configuration
2019-04-21 20:19:16.405  INFO 21814 --- [trap-executor-0] c.n.d.s.r.aws.ConfigClusterResolver      : Resolving eureka endpoints via configuration
2019-04-21 20:24:16.407  INFO 21814 --- [trap-executor-0] c.n.d.s.r.aws.ConfigClusterResolver      : Resolving eureka endpoints via configuration
2019-04-21 20:24:48.624  INFO 21814 --- [      Thread-10] c.n.l.PollingServerListUpdater           : Shutting down the Executor Pool for PollingServerListUpdater
2019-04-21 20:24:49.619  INFO 21814 --- [       Thread-6] ConfigServletWebServerApplicationContext : Closing org.springframework.boot.web.servlet.context.AnnotationConfigServletWebServerApplicationContext@5f9d02cb: startup date [Sun Apr 21 19:28:53 CST 2019]; parent: org.springframework.context.annotation.AnnotationConfigApplicationContext@19dfb72a
2019-04-21 20:24:49.624  INFO 21814 --- [       Thread-6] o.s.c.n.e.s.EurekaServiceRegistry        : Unregistering application service-feign with eureka with status DOWN
2019-04-21 20:24:49.624  WARN 21814 --- [       Thread-6] com.netflix.discovery.DiscoveryClient    : Saw local status change event StatusChangeEvent [timestamp=1555849489624, current=DOWN, previous=UP]
2019-04-21 20:24:49.692  INFO 21814 --- [nfoReplicator-0] com.netflix.discovery.DiscoveryClient    : DiscoveryClient_SERVICE-FEIGN/192.168.80.130:service-feign:8765: registering service...
2019-04-21 20:24:50.746  INFO 21814 --- [       Thread-6] o.s.c.support.DefaultLifecycleProcessor  : Stopping beans in phase 0
2019-04-21 20:24:50.747  INFO 21814 --- [       Thread-6] com.netflix.discovery.DiscoveryClient    : Shutting down DiscoveryClient ...
2019-04-21 20:24:56.482  INFO 21814 --- [tbeatExecutor-0] com.netflix.discovery.DiscoveryClient    : DiscoveryClient_SERVICE-FEIGN/192.168.80.130:service-feign:8765 - Re-registering apps/SERVICE-FEIGN
2019-04-21 20:24:56.482  INFO 21814 --- [tbeatExecutor-0] com.netflix.discovery.DiscoveryClient    : DiscoveryClient_SERVICE-FEIGN/192.168.80.130:service-feign:8765: registering service...
2019-04-21 20:24:56.483  INFO 21814 --- [       Thread-6] com.netflix.discovery.DiscoveryClient    : Unregistering ...
2019-04-21 20:24:56.607  WARN 21814 --- [scoveryClient-1] c.netflix.discovery.TimedSupervisorTask  : task supervisor shutting down, can't accept the task
2019-04-21 20:24:56.608  WARN 21814 --- [scoveryClient-0] c.netflix.discovery.TimedSupervisorTask  : task supervisor shutting down, can't accept the task
2019-04-21 20:24:59.732 ERROR 21814 --- [freshExecutor-0] c.n.d.s.t.d.RedirectingEurekaHttpClient  : Request execution error

javax.ws.rs.WebApplicationException: null
	at com.netflix.discovery.provider.DiscoveryJerseyProvider.readFrom(DiscoveryJerseyProvider.java:110) ~[eureka-client-1.9.2.jar!/:1.9.2]
	at com.sun.jersey.api.client.ClientResponse.getEntity(ClientResponse.java:634) ~[jersey-client-1.19.1.jar!/:1.19.1]
	at com.sun.jersey.api.client.ClientResponse.getEntity(ClientResponse.java:586) ~[jersey-client-1.19.1.jar!/:1.19.1]
	at com.netflix.discovery.shared.transport.jersey.AbstractJerseyEurekaHttpClient.getApplicationsInternal(AbstractJerseyEurekaHttpClient.java:198) ~[eureka-client-1.9.2.jar!/:1.9.2]
	at com.netflix.discovery.shared.transport.jersey.AbstractJerseyEurekaHttpClient.getDelta(AbstractJerseyEurekaHttpClient.java:170) ~[eureka-client-1.9.2.jar!/:1.9.2]
	at com.netflix.discovery.shared.transport.decorator.EurekaHttpClientDecorator$7.execute(EurekaHttpClientDecorator.java:152) [eureka-client-1.9.2.jar!/:1.9.2]
	at com.netflix.discovery.shared.transport.decorator.MetricsCollectingEurekaHttpClient.execute(MetricsCollectingEurekaHttpClient.java:73) ~[eureka-client-1.9.2.jar!/:1.9.2]
	at com.netflix.discovery.shared.transport.decorator.EurekaHttpClientDecorator.getDelta(EurekaHttpClientDecorator.java:149) [eureka-client-1.9.2.jar!/:1.9.2]
	at com.netflix.discovery.shared.transport.decorator.EurekaHttpClientDecorator$7.execute(EurekaHttpClientDecorator.java:152) [eureka-client-1.9.2.jar!/:1.9.2]
	at com.netflix.discovery.shared.transport.decorator.RedirectingEurekaHttpClient.execute(RedirectingEurekaHttpClient.java:89) ~[eureka-client-1.9.2.jar!/:1.9.2]
	at com.netflix.discovery.shared.transport.decorator.EurekaHttpClientDecorator.getDelta(EurekaHttpClientDecorator.java:149) [eureka-client-1.9.2.jar!/:1.9.2]
	at com.netflix.discovery.shared.transport.decorator.EurekaHttpClientDecorator$7.execute(EurekaHttpClientDecorator.java:152) [eureka-client-1.9.2.jar!/:1.9.2]
	at com.netflix.discovery.shared.transport.decorator.RetryableEurekaHttpClient.execute(RetryableEurekaHttpClient.java:120) [eureka-client-1.9.2.jar!/:1.9.2]
	at com.netflix.discovery.shared.transport.decorator.EurekaHttpClientDecorator.getDelta(EurekaHttpClientDecorator.java:149) [eureka-client-1.9.2.jar!/:1.9.2]
	at com.netflix.discovery.shared.transport.decorator.EurekaHttpClientDecorator$7.execute(EurekaHttpClientDecorator.java:152) [eureka-client-1.9.2.jar!/:1.9.2]
	at com.netflix.discovery.shared.transport.decorator.SessionedEurekaHttpClient.execute(SessionedEurekaHttpClient.java:77) [eureka-client-1.9.2.jar!/:1.9.2]
	at com.netflix.discovery.shared.transport.decorator.EurekaHttpClientDecorator.getDelta(EurekaHttpClientDecorator.java:149) [eureka-client-1.9.2.jar!/:1.9.2]
	at com.netflix.discovery.DiscoveryClient.getAndUpdateDelta(DiscoveryClient.java:1085) [eureka-client-1.9.2.jar!/:1.9.2]
	at com.netflix.discovery.DiscoveryClient.fetchRegistry(DiscoveryClient.java:967) [eureka-client-1.9.2.jar!/:1.9.2]
	at com.netflix.discovery.DiscoveryClient.refreshRegistry(DiscoveryClient.java:1471) [eureka-client-1.9.2.jar!/:1.9.2]
	at com.netflix.discovery.DiscoveryClient$CacheRefreshThread.run(DiscoveryClient.java:1438) [eureka-client-1.9.2.jar!/:1.9.2]
	at java.util.concurrent.Executors$RunnableAdapter.call(Executors.java:511) [na:1.8.0_181]
	at java.util.concurrent.FutureTask.run(FutureTask.java:266) [na:1.8.0_181]
	at java.util.concurrent.ThreadPoolExecutor.runWorker(ThreadPoolExecutor.java:1149) [na:1.8.0_181]
	at java.util.concurrent.ThreadPoolExecutor$Worker.run(ThreadPoolExecutor.java:624) [na:1.8.0_181]
	at java.lang.Thread.run(Thread.java:748) [na:1.8.0_181]

2019-04-21 20:24:59.733  WARN 21814 --- [freshExecutor-0] c.n.d.s.t.d.RetryableEurekaHttpClient    : Request execution failed with message: null
2019-04-21 20:24:59.733  INFO 21814 --- [nfoReplicator-0] com.netflix.discovery.DiscoveryClient    : DiscoveryClient_SERVICE-FEIGN/192.168.80.130:service-feign:8765 - registration status: 204
2019-04-21 20:24:59.735  INFO 21814 --- [       Thread-6] com.netflix.discovery.DiscoveryClient    : DiscoveryClient_SERVICE-FEIGN/192.168.80.130:service-feign:8765 - deregister  status: 200
2019-04-21 20:24:59.746  INFO 21814 --- [       Thread-6] com.netflix.discovery.DiscoveryClient    : Completed shut down of DiscoveryClient
2019-04-21 20:24:59.763  INFO 21814 --- [tbeatExecutor-0] com.netflix.discovery.DiscoveryClient    : DiscoveryClient_SERVICE-FEIGN/192.168.80.130:service-feign:8765 - registration status: 204
2019-04-21 20:25:00.115  INFO 21814 --- [       Thread-6] o.s.j.e.a.AnnotationMBeanExporter        : Unregistering JMX-exposed beans on shutdown
2019-04-21 20:25:00.116  INFO 21814 --- [       Thread-6] o.s.j.e.a.AnnotationMBeanExporter        : Unregistering JMX-exposed beans
2019-04-21 20:25:00.120  INFO 21814 --- [       Thread-6] s.c.a.AnnotationConfigApplicationContext : Closing SpringClientFactory-service-hi: startup date [Sun Apr 21 20:05:56 CST 2019]; parent: org.springframework.boot.web.servlet.context.AnnotationConfigServletWebServerApplicationContext@5f9d02cb
2019-04-21 20:25:02.367 ERROR 21814 --- [freshExecutor-0] c.n.d.s.t.d.RedirectingEurekaHttpClient  : Request execution error

javax.ws.rs.WebApplicationException: null
	at com.netflix.discovery.provider.DiscoveryJerseyProvider.readFrom(DiscoveryJerseyProvider.java:110) ~[eureka-client-1.9.2.jar!/:1.9.2]
	at com.sun.jersey.api.client.ClientResponse.getEntity(ClientResponse.java:634) ~[jersey-client-1.19.1.jar!/:1.19.1]
	at com.sun.jersey.api.client.ClientResponse.getEntity(ClientResponse.java:586) ~[jersey-client-1.19.1.jar!/:1.19.1]
	at com.netflix.discovery.shared.transport.jersey.AbstractJerseyEurekaHttpClient.getApplicationsInternal(AbstractJerseyEurekaHttpClient.java:198) ~[eureka-client-1.9.2.jar!/:1.9.2]
	at com.netflix.discovery.shared.transport.jersey.AbstractJerseyEurekaHttpClient.getDelta(AbstractJerseyEurekaHttpClient.java:170) ~[eureka-client-1.9.2.jar!/:1.9.2]
	at com.netflix.discovery.shared.transport.decorator.EurekaHttpClientDecorator$7.execute(EurekaHttpClientDecorator.java:152) [eureka-client-1.9.2.jar!/:1.9.2]
	at com.netflix.discovery.shared.transport.decorator.MetricsCollectingEurekaHttpClient.execute(MetricsCollectingEurekaHttpClient.java:73) ~[eureka-client-1.9.2.jar!/:1.9.2]
	at com.netflix.discovery.shared.transport.decorator.EurekaHttpClientDecorator.getDelta(EurekaHttpClientDecorator.java:149) [eureka-client-1.9.2.jar!/:1.9.2]
	at com.netflix.discovery.shared.transport.decorator.EurekaHttpClientDecorator$7.execute(EurekaHttpClientDecorator.java:152) [eureka-client-1.9.2.jar!/:1.9.2]
	at com.netflix.discovery.shared.transport.decorator.RedirectingEurekaHttpClient.executeOnNewServer(RedirectingEurekaHttpClient.java:118) ~[eureka-client-1.9.2.jar!/:1.9.2]
	at com.netflix.discovery.shared.transport.decorator.RedirectingEurekaHttpClient.execute(RedirectingEurekaHttpClient.java:79) ~[eureka-client-1.9.2.jar!/:1.9.2]
	at com.netflix.discovery.shared.transport.decorator.EurekaHttpClientDecorator.getDelta(EurekaHttpClientDecorator.java:149) [eureka-client-1.9.2.jar!/:1.9.2]
	at com.netflix.discovery.shared.transport.decorator.EurekaHttpClientDecorator$7.execute(EurekaHttpClientDecorator.java:152) [eureka-client-1.9.2.jar!/:1.9.2]
	at com.netflix.discovery.shared.transport.decorator.RetryableEurekaHttpClient.execute(RetryableEurekaHttpClient.java:120) [eureka-client-1.9.2.jar!/:1.9.2]
	at com.netflix.discovery.shared.transport.decorator.EurekaHttpClientDecorator.getDelta(EurekaHttpClientDecorator.java:149) [eureka-client-1.9.2.jar!/:1.9.2]
	at com.netflix.discovery.shared.transport.decorator.EurekaHttpClientDecorator$7.execute(EurekaHttpClientDecorator.java:152) [eureka-client-1.9.2.jar!/:1.9.2]
	at com.netflix.discovery.shared.transport.decorator.SessionedEurekaHttpClient.execute(SessionedEurekaHttpClient.java:77) [eureka-client-1.9.2.jar!/:1.9.2]
	at com.netflix.discovery.shared.transport.decorator.EurekaHttpClientDecorator.getDelta(EurekaHttpClientDecorator.java:149) [eureka-client-1.9.2.jar!/:1.9.2]
	at com.netflix.discovery.DiscoveryClient.getAndUpdateDelta(DiscoveryClient.java:1085) [eureka-client-1.9.2.jar!/:1.9.2]
	at com.netflix.discovery.DiscoveryClient.fetchRegistry(DiscoveryClient.java:967) [eureka-client-1.9.2.jar!/:1.9.2]
	at com.netflix.discovery.DiscoveryClient.refreshRegistry(DiscoveryClient.java:1471) [eureka-client-1.9.2.jar!/:1.9.2]
	at com.netflix.discovery.DiscoveryClient$CacheRefreshThread.run(DiscoveryClient.java:1438) [eureka-client-1.9.2.jar!/:1.9.2]
	at java.util.concurrent.Executors$RunnableAdapter.call(Executors.java:511) [na:1.8.0_181]
	at java.util.concurrent.FutureTask.run(FutureTask.java:266) [na:1.8.0_181]
	at java.util.concurrent.ThreadPoolExecutor.runWorker(ThreadPoolExecutor.java:1149) [na:1.8.0_181]
	at java.util.concurrent.ThreadPoolExecutor$Worker.run(ThreadPoolExecutor.java:624) [na:1.8.0_181]
	at java.lang.Thread.run(Thread.java:748) [na:1.8.0_181]

2019-04-21 20:25:02.367  WARN 21814 --- [freshExecutor-0] c.n.d.s.t.d.RetryableEurekaHttpClient    : Request execution failed with message: null
2019-04-21 20:25:02.369  WARN 21814 --- [       Thread-6] s.c.a.AnnotationConfigApplicationContext : Exception thrown from ApplicationListener handling ContextClosedEvent

org.springframework.beans.factory.BeanCreationNotAllowedException: Error creating bean with name 'eurekaAutoServiceRegistration': Singleton bean creation not allowed while singletons of this factory are in destruction (Do not request a bean from a BeanFactory in a destroy method implementation!)
	at org.springframework.beans.factory.support.DefaultSingletonBeanRegistry.getSingleton(DefaultSingletonBeanRegistry.java:208) [spring-beans-5.0.7.RELEASE.jar!/:5.0.7.RELEASE]
	at org.springframework.beans.factory.support.AbstractBeanFactory.doGetBean(AbstractBeanFactory.java:315) ~[spring-beans-5.0.7.RELEASE.jar!/:5.0.7.RELEASE]
	at org.springframework.beans.factory.support.AbstractBeanFactory.getBean(AbstractBeanFactory.java:199) ~[spring-beans-5.0.7.RELEASE.jar!/:5.0.7.RELEASE]
	at org.springframework.context.support.AbstractApplicationContext.getBean(AbstractApplicationContext.java:1089) [spring-context-5.0.7.RELEASE.jar!/:5.0.7.RELEASE]
	at org.springframework.context.event.ApplicationListenerMethodAdapter.getTargetBean(ApplicationListenerMethodAdapter.java:288) ~[spring-context-5.0.7.RELEASE.jar!/:5.0.7.RELEASE]
	at org.springframework.context.event.ApplicationListenerMethodAdapter.doInvoke(ApplicationListenerMethodAdapter.java:258) ~[spring-context-5.0.7.RELEASE.jar!/:5.0.7.RELEASE]
	at org.springframework.context.event.ApplicationListenerMethodAdapter.processEvent(ApplicationListenerMethodAdapter.java:180) ~[spring-context-5.0.7.RELEASE.jar!/:5.0.7.RELEASE]
	at org.springframework.context.event.ApplicationListenerMethodAdapter.onApplicationEvent(ApplicationListenerMethodAdapter.java:142) ~[spring-context-5.0.7.RELEASE.jar!/:5.0.7.RELEASE]
	at org.springframework.context.event.SimpleApplicationEventMulticaster.doInvokeListener(SimpleApplicationEventMulticaster.java:172) ~[spring-context-5.0.7.RELEASE.jar!/:5.0.7.RELEASE]
	at org.springframework.context.event.SimpleApplicationEventMulticaster.invokeListener(SimpleApplicationEventMulticaster.java:165) ~[spring-context-5.0.7.RELEASE.jar!/:5.0.7.RELEASE]
	at org.springframework.context.event.SimpleApplicationEventMulticaster.multicastEvent(SimpleApplicationEventMulticaster.java:139) ~[spring-context-5.0.7.RELEASE.jar!/:5.0.7.RELEASE]
	at org.springframework.context.support.AbstractApplicationContext.publishEvent(AbstractApplicationContext.java:400) [spring-context-5.0.7.RELEASE.jar!/:5.0.7.RELEASE]
	at org.springframework.context.support.AbstractApplicationContext.publishEvent(AbstractApplicationContext.java:406) [spring-context-5.0.7.RELEASE.jar!/:5.0.7.RELEASE]
	at org.springframework.context.support.AbstractApplicationContext.publishEvent(AbstractApplicationContext.java:354) [spring-context-5.0.7.RELEASE.jar!/:5.0.7.RELEASE]
	at org.springframework.context.support.AbstractApplicationContext.doClose(AbstractApplicationContext.java:1000) [spring-context-5.0.7.RELEASE.jar!/:5.0.7.RELEASE]
	at org.springframework.context.support.AbstractApplicationContext.close(AbstractApplicationContext.java:967) [spring-context-5.0.7.RELEASE.jar!/:5.0.7.RELEASE]
	at org.springframework.cloud.context.named.NamedContextFactory.destroy(NamedContextFactory.java:76) [spring-cloud-context-2.0.0.RELEASE.jar!/:2.0.0.RELEASE]
	at org.springframework.beans.factory.support.DisposableBeanAdapter.destroy(DisposableBeanAdapter.java:256) [spring-beans-5.0.7.RELEASE.jar!/:5.0.7.RELEASE]
	at org.springframework.beans.factory.support.DefaultSingletonBeanRegistry.destroyBean(DefaultSingletonBeanRegistry.java:571) [spring-beans-5.0.7.RELEASE.jar!/:5.0.7.RELEASE]
	at org.springframework.beans.factory.support.DefaultSingletonBeanRegistry.destroySingleton(DefaultSingletonBeanRegistry.java:543) [spring-beans-5.0.7.RELEASE.jar!/:5.0.7.RELEASE]
	at org.springframework.beans.factory.support.DefaultListableBeanFactory.destroySingleton(DefaultListableBeanFactory.java:957) [spring-beans-5.0.7.RELEASE.jar!/:5.0.7.RELEASE]
	at org.springframework.beans.factory.support.DefaultSingletonBeanRegistry.destroySingletons(DefaultSingletonBeanRegistry.java:504) [spring-beans-5.0.7.RELEASE.jar!/:5.0.7.RELEASE]
	at org.springframework.beans.factory.support.DefaultListableBeanFactory.destroySingletons(DefaultListableBeanFactory.java:964) [spring-beans-5.0.7.RELEASE.jar!/:5.0.7.RELEASE]
	at org.springframework.context.support.AbstractApplicationContext.destroyBeans(AbstractApplicationContext.java:1041) [spring-context-5.0.7.RELEASE.jar!/:5.0.7.RELEASE]
	at org.springframework.context.support.AbstractApplicationContext.doClose(AbstractApplicationContext.java:1017) [spring-context-5.0.7.RELEASE.jar!/:5.0.7.RELEASE]
	at org.springframework.context.support.AbstractApplicationContext$1.run(AbstractApplicationContext.java:937) [spring-context-5.0.7.RELEASE.jar!/:5.0.7.RELEASE]

2019-04-21 20:25:02.371 ERROR 21814 --- [freshExecutor-0] com.netflix.discovery.DiscoveryClient    : DiscoveryClient_SERVICE-FEIGN/192.168.80.130:service-feign:8765 - was unable to refresh its cache! status = Cannot execute request on any known server

com.netflix.discovery.shared.transport.TransportException: Cannot execute request on any known server
	at com.netflix.discovery.shared.transport.decorator.RetryableEurekaHttpClient.execute(RetryableEurekaHttpClient.java:112) ~[eureka-client-1.9.2.jar!/:1.9.2]
	at com.netflix.discovery.shared.transport.decorator.EurekaHttpClientDecorator.getDelta(EurekaHttpClientDecorator.java:149) ~[eureka-client-1.9.2.jar!/:1.9.2]
	at com.netflix.discovery.shared.transport.decorator.EurekaHttpClientDecorator$7.execute(EurekaHttpClientDecorator.java:152) ~[eureka-client-1.9.2.jar!/:1.9.2]
	at com.netflix.discovery.shared.transport.decorator.SessionedEurekaHttpClient.execute(SessionedEurekaHttpClient.java:77) ~[eureka-client-1.9.2.jar!/:1.9.2]
	at com.netflix.discovery.shared.transport.decorator.EurekaHttpClientDecorator.getDelta(EurekaHttpClientDecorator.java:149) ~[eureka-client-1.9.2.jar!/:1.9.2]
	at com.netflix.discovery.DiscoveryClient.getAndUpdateDelta(DiscoveryClient.java:1085) [eureka-client-1.9.2.jar!/:1.9.2]
	at com.netflix.discovery.DiscoveryClient.fetchRegistry(DiscoveryClient.java:967) [eureka-client-1.9.2.jar!/:1.9.2]
	at com.netflix.discovery.DiscoveryClient.refreshRegistry(DiscoveryClient.java:1471) [eureka-client-1.9.2.jar!/:1.9.2]
	at com.netflix.discovery.DiscoveryClient$CacheRefreshThread.run(DiscoveryClient.java:1438) [eureka-client-1.9.2.jar!/:1.9.2]
	at java.util.concurrent.Executors$RunnableAdapter.call(Executors.java:511) [na:1.8.0_181]
	at java.util.concurrent.FutureTask.run(FutureTask.java:266) [na:1.8.0_181]
	at java.util.concurrent.ThreadPoolExecutor.runWorker(ThreadPoolExecutor.java:1149) [na:1.8.0_181]
	at java.util.concurrent.ThreadPoolExecutor$Worker.run(ThreadPoolExecutor.java:624) [na:1.8.0_181]
	at java.lang.Thread.run(Thread.java:748) [na:1.8.0_181]

2019-04-21 20:25:02.371  INFO 21814 --- [       Thread-6] c.n.u.concurrent.ShutdownEnabledTimer    : Shutdown hook removed for: NFLoadBalancer-PingTimer-service-hi
2019-04-21 20:25:04.211  INFO 21814 --- [       Thread-6] c.n.u.concurrent.ShutdownEnabledTimer    : Exception caught (might be ok if at shutdown)

java.lang.IllegalStateException: Shutdown in progress
	at java.lang.ApplicationShutdownHooks.remove(ApplicationShutdownHooks.java:82) ~[na:1.8.0_181]
	at java.lang.Runtime.removeShutdownHook(Runtime.java:239) ~[na:1.8.0_181]
	at com.netflix.util.concurrent.ShutdownEnabledTimer.cancel(ShutdownEnabledTimer.java:70) ~[netflix-commons-util-0.3.0.jar!/:0.3.0]
	at com.netflix.loadbalancer.BaseLoadBalancer.cancelPingTask(BaseLoadBalancer.java:613) [ribbon-loadbalancer-2.2.5.jar!/:2.2.5]
	at com.netflix.loadbalancer.BaseLoadBalancer.shutdown(BaseLoadBalancer.java:864) [ribbon-loadbalancer-2.2.5.jar!/:2.2.5]
	at com.netflix.loadbalancer.DynamicServerListLoadBalancer.shutdown(DynamicServerListLoadBalancer.java:285) [ribbon-loadbalancer-2.2.5.jar!/:2.2.5]
	at sun.reflect.NativeMethodAccessorImpl.invoke0(Native Method) ~[na:1.8.0_181]
	at sun.reflect.NativeMethodAccessorImpl.invoke(NativeMethodAccessorImpl.java:62) ~[na:1.8.0_181]
	at sun.reflect.DelegatingMethodAccessorImpl.invoke(DelegatingMethodAccessorImpl.java:43) ~[na:1.8.0_181]
	at java.lang.reflect.Method.invoke(Method.java:498) ~[na:1.8.0_181]
	at org.springframework.beans.factory.support.DisposableBeanAdapter.invokeCustomDestroyMethod(DisposableBeanAdapter.java:337) [spring-beans-5.0.7.RELEASE.jar!/:5.0.7.RELEASE]
	at org.springframework.beans.factory.support.DisposableBeanAdapter.destroy(DisposableBeanAdapter.java:271) [spring-beans-5.0.7.RELEASE.jar!/:5.0.7.RELEASE]
	at org.springframework.beans.factory.support.DefaultSingletonBeanRegistry.destroyBean(DefaultSingletonBeanRegistry.java:571) [spring-beans-5.0.7.RELEASE.jar!/:5.0.7.RELEASE]
	at org.springframework.beans.factory.support.DefaultSingletonBeanRegistry.destroySingleton(DefaultSingletonBeanRegistry.java:543) [spring-beans-5.0.7.RELEASE.jar!/:5.0.7.RELEASE]
	at org.springframework.beans.factory.support.DefaultListableBeanFactory.destroySingleton(DefaultListableBeanFactory.java:957) [spring-beans-5.0.7.RELEASE.jar!/:5.0.7.RELEASE]
	at org.springframework.beans.factory.support.DefaultSingletonBeanRegistry.destroySingletons(DefaultSingletonBeanRegistry.java:504) [spring-beans-5.0.7.RELEASE.jar!/:5.0.7.RELEASE]
	at org.springframework.beans.factory.support.DefaultListableBeanFactory.destroySingletons(DefaultListableBeanFactory.java:964) [spring-beans-5.0.7.RELEASE.jar!/:5.0.7.RELEASE]
	at org.springframework.context.support.AbstractApplicationContext.destroyBeans(AbstractApplicationContext.java:1041) [spring-context-5.0.7.RELEASE.jar!/:5.0.7.RELEASE]
	at org.springframework.context.support.AbstractApplicationContext.doClose(AbstractApplicationContext.java:1017) [spring-context-5.0.7.RELEASE.jar!/:5.0.7.RELEASE]
	at org.springframework.context.support.AbstractApplicationContext.close(AbstractApplicationContext.java:967) [spring-context-5.0.7.RELEASE.jar!/:5.0.7.RELEASE]
	at org.springframework.cloud.context.named.NamedContextFactory.destroy(NamedContextFactory.java:76) [spring-cloud-context-2.0.0.RELEASE.jar!/:2.0.0.RELEASE]
	at org.springframework.beans.factory.support.DisposableBeanAdapter.destroy(DisposableBeanAdapter.java:256) [spring-beans-5.0.7.RELEASE.jar!/:5.0.7.RELEASE]
	at org.springframework.beans.factory.support.DefaultSingletonBeanRegistry.destroyBean(DefaultSingletonBeanRegistry.java:571) [spring-beans-5.0.7.RELEASE.jar!/:5.0.7.RELEASE]
	at org.springframework.beans.factory.support.DefaultSingletonBeanRegistry.destroySingleton(DefaultSingletonBeanRegistry.java:543) [spring-beans-5.0.7.RELEASE.jar!/:5.0.7.RELEASE]
	at org.springframework.beans.factory.support.DefaultListableBeanFactory.destroySingleton(DefaultListableBeanFactory.java:957) [spring-beans-5.0.7.RELEASE.jar!/:5.0.7.RELEASE]
	at org.springframework.beans.factory.support.DefaultSingletonBeanRegistry.destroySingletons(DefaultSingletonBeanRegistry.java:504) [spring-beans-5.0.7.RELEASE.jar!/:5.0.7.RELEASE]
	at org.springframework.beans.factory.support.DefaultListableBeanFactory.destroySingletons(DefaultListableBeanFactory.java:964) [spring-beans-5.0.7.RELEASE.jar!/:5.0.7.RELEASE]
	at org.springframework.context.support.AbstractApplicationContext.destroyBeans(AbstractApplicationContext.java:1041) [spring-context-5.0.7.RELEASE.jar!/:5.0.7.RELEASE]
	at org.springframework.context.support.AbstractApplicationContext.doClose(AbstractApplicationContext.java:1017) [spring-context-5.0.7.RELEASE.jar!/:5.0.7.RELEASE]
	at org.springframework.context.support.AbstractApplicationContext$1.run(AbstractApplicationContext.java:937) [spring-context-5.0.7.RELEASE.jar!/:5.0.7.RELEASE]

2019-04-21 20:25:04.242  INFO 21814 --- [       Thread-6] s.c.a.AnnotationConfigApplicationContext : Closing FeignContext-service-hi: startup date [Sun Apr 21 19:29:04 CST 2019]; parent: org.springframework.boot.web.servlet.context.AnnotationConfigServletWebServerApplicationContext@5f9d02cb
2019-04-21 20:25:04.243  WARN 21814 --- [       Thread-6] s.c.a.AnnotationConfigApplicationContext : Exception thrown from ApplicationListener handling ContextClosedEvent

org.springframework.beans.factory.BeanCreationNotAllowedException: Error creating bean with name 'eurekaAutoServiceRegistration': Singleton bean creation not allowed while singletons of this factory are in destruction (Do not request a bean from a BeanFactory in a destroy method implementation!)
	at org.springframework.beans.factory.support.DefaultSingletonBeanRegistry.getSingleton(DefaultSingletonBeanRegistry.java:208) [spring-beans-5.0.7.RELEASE.jar!/:5.0.7.RELEASE]
	at org.springframework.beans.factory.support.AbstractBeanFactory.doGetBean(AbstractBeanFactory.java:315) ~[spring-beans-5.0.7.RELEASE.jar!/:5.0.7.RELEASE]
	at org.springframework.beans.factory.support.AbstractBeanFactory.getBean(AbstractBeanFactory.java:199) ~[spring-beans-5.0.7.RELEASE.jar!/:5.0.7.RELEASE]
	at org.springframework.context.support.AbstractApplicationContext.getBean(AbstractApplicationContext.java:1089) [spring-context-5.0.7.RELEASE.jar!/:5.0.7.RELEASE]
	at org.springframework.context.event.ApplicationListenerMethodAdapter.getTargetBean(ApplicationListenerMethodAdapter.java:288) ~[spring-context-5.0.7.RELEASE.jar!/:5.0.7.RELEASE]
	at org.springframework.context.event.ApplicationListenerMethodAdapter.doInvoke(ApplicationListenerMethodAdapter.java:258) ~[spring-context-5.0.7.RELEASE.jar!/:5.0.7.RELEASE]
	at org.springframework.context.event.ApplicationListenerMethodAdapter.processEvent(ApplicationListenerMethodAdapter.java:180) ~[spring-context-5.0.7.RELEASE.jar!/:5.0.7.RELEASE]
	at org.springframework.context.event.ApplicationListenerMethodAdapter.onApplicationEvent(ApplicationListenerMethodAdapter.java:142) ~[spring-context-5.0.7.RELEASE.jar!/:5.0.7.RELEASE]
	at org.springframework.context.event.SimpleApplicationEventMulticaster.doInvokeListener(SimpleApplicationEventMulticaster.java:172) ~[spring-context-5.0.7.RELEASE.jar!/:5.0.7.RELEASE]
	at org.springframework.context.event.SimpleApplicationEventMulticaster.invokeListener(SimpleApplicationEventMulticaster.java:165) ~[spring-context-5.0.7.RELEASE.jar!/:5.0.7.RELEASE]
	at org.springframework.context.event.SimpleApplicationEventMulticaster.multicastEvent(SimpleApplicationEventMulticaster.java:139) ~[spring-context-5.0.7.RELEASE.jar!/:5.0.7.RELEASE]
	at org.springframework.context.support.AbstractApplicationContext.publishEvent(AbstractApplicationContext.java:400) [spring-context-5.0.7.RELEASE.jar!/:5.0.7.RELEASE]
	at org.springframework.context.support.AbstractApplicationContext.publishEvent(AbstractApplicationContext.java:406) [spring-context-5.0.7.RELEASE.jar!/:5.0.7.RELEASE]
	at org.springframework.context.support.AbstractApplicationContext.publishEvent(AbstractApplicationContext.java:354) [spring-context-5.0.7.RELEASE.jar!/:5.0.7.RELEASE]
	at org.springframework.context.support.AbstractApplicationContext.doClose(AbstractApplicationContext.java:1000) [spring-context-5.0.7.RELEASE.jar!/:5.0.7.RELEASE]
	at org.springframework.context.support.AbstractApplicationContext.close(AbstractApplicationContext.java:967) [spring-context-5.0.7.RELEASE.jar!/:5.0.7.RELEASE]
	at org.springframework.cloud.context.named.NamedContextFactory.destroy(NamedContextFactory.java:76) [spring-cloud-context-2.0.0.RELEASE.jar!/:2.0.0.RELEASE]
	at org.springframework.beans.factory.support.DisposableBeanAdapter.destroy(DisposableBeanAdapter.java:256) [spring-beans-5.0.7.RELEASE.jar!/:5.0.7.RELEASE]
	at org.springframework.beans.factory.support.DefaultSingletonBeanRegistry.destroyBean(DefaultSingletonBeanRegistry.java:571) [spring-beans-5.0.7.RELEASE.jar!/:5.0.7.RELEASE]
	at org.springframework.beans.factory.support.DefaultSingletonBeanRegistry.destroySingleton(DefaultSingletonBeanRegistry.java:543) [spring-beans-5.0.7.RELEASE.jar!/:5.0.7.RELEASE]
	at org.springframework.beans.factory.support.DefaultListableBeanFactory.destroySingleton(DefaultListableBeanFactory.java:957) [spring-beans-5.0.7.RELEASE.jar!/:5.0.7.RELEASE]
	at org.springframework.beans.factory.support.DefaultSingletonBeanRegistry.destroySingletons(DefaultSingletonBeanRegistry.java:504) [spring-beans-5.0.7.RELEASE.jar!/:5.0.7.RELEASE]
	at org.springframework.beans.factory.support.DefaultListableBeanFactory.destroySingletons(DefaultListableBeanFactory.java:964) [spring-beans-5.0.7.RELEASE.jar!/:5.0.7.RELEASE]
	at org.springframework.context.support.AbstractApplicationContext.destroyBeans(AbstractApplicationContext.java:1041) [spring-context-5.0.7.RELEASE.jar!/:5.0.7.RELEASE]
	at org.springframework.context.support.AbstractApplicationContext.doClose(AbstractApplicationContext.java:1017) [spring-context-5.0.7.RELEASE.jar!/:5.0.7.RELEASE]
	at org.springframework.context.support.AbstractApplicationContext$1.run(AbstractApplicationContext.java:937) [spring-context-5.0.7.RELEASE.jar!/:5.0.7.RELEASE]

