2019-04-24 07:16:31.925  INFO [service-hi,,,] 20375 --- [           main] s.c.a.AnnotationConfigApplicationContext : Refreshing org.springframework.context.annotation.AnnotationConfigApplicationContext@256216b3: startup date [Wed Apr 24 07:16:31 CST 2019]; root of context hierarchy
2019-04-24 07:16:33.255  INFO [service-hi,,,] 20375 --- [           main] trationDelegate$BeanPostProcessorChecker : Bean 'configurationPropertiesRebinderAutoConfiguration' of type [org.springframework.cloud.autoconfigure.ConfigurationPropertiesRebinderAutoConfiguration$$EnhancerBySpringCGLIB$$c0f87ee0] is not eligible for getting processed by all BeanPostProcessors (for example: not eligible for auto-proxying)

  .   ____          _            __ _ _
 /\\ / ___'_ __ _ _(_)_ __  __ _ \ \ \ \
( ( )\___ | '_ | '_| | '_ \/ _` | \ \ \ \
 \\/  ___)| |_)| | | | | || (_| |  ) ) ) )
  '  |____| .__|_| |_|_| |_\__, | / / / /
 =========|_|==============|___/=/_/_/_/
 :: Spring Boot ::        (v2.0.3.RELEASE)

2019-04-24 07:16:33.892  INFO [service-hi,,,] 20375 --- [           main] com.forezp.ServiceHiApplication          : No active profile set, falling back to default profiles: default
2019-04-24 07:16:33.946  INFO [service-hi,,,] 20375 --- [           main] ConfigServletWebServerApplicationContext : Refreshing org.springframework.boot.web.servlet.context.AnnotationConfigServletWebServerApplicationContext@589838eb: startup date [Wed Apr 24 07:16:33 CST 2019]; parent: org.springframework.context.annotation.AnnotationConfigApplicationContext@256216b3
2019-04-24 07:16:36.110  INFO [service-hi,,,] 20375 --- [           main] o.s.cloud.context.scope.GenericScope     : BeanFactory id=72548c03-ac06-3dc7-b424-785dfff0192e
2019-04-24 07:16:37.021  INFO [service-hi,,,] 20375 --- [           main] trationDelegate$BeanPostProcessorChecker : Bean 'org.springframework.cloud.autoconfigure.ConfigurationPropertiesRebinderAutoConfiguration' of type [org.springframework.cloud.autoconfigure.ConfigurationPropertiesRebinderAutoConfiguration$$EnhancerBySpringCGLIB$$c0f87ee0] is not eligible for getting processed by all BeanPostProcessors (for example: not eligible for auto-proxying)
2019-04-24 07:16:38.452  INFO [service-hi,,,] 20375 --- [           main] o.s.b.w.embedded.tomcat.TomcatWebServer  : Tomcat initialized with port(s): 8988 (http)
2019-04-24 07:16:38.583  INFO [service-hi,,,] 20375 --- [           main] o.apache.catalina.core.StandardService   : Starting service [Tomcat]
2019-04-24 07:16:38.583  INFO [service-hi,,,] 20375 --- [           main] org.apache.catalina.core.StandardEngine  : Starting Servlet Engine: Apache Tomcat/8.5.31
2019-04-24 07:16:38.689  INFO [service-hi,,,] 20375 --- [ost-startStop-1] o.a.catalina.core.AprLifecycleListener   : The APR based Apache Tomcat Native library which allows optimal performance in production environments was not found on the java.library.path: [/usr/java/packages/lib/amd64:/usr/lib64:/lib64:/lib:/usr/lib]
2019-04-24 07:16:39.101  INFO [service-hi,,,] 20375 --- [ost-startStop-1] o.a.c.c.C.[Tomcat].[localhost].[/]       : Initializing Spring embedded WebApplicationContext
2019-04-24 07:16:39.101  INFO [service-hi,,,] 20375 --- [ost-startStop-1] o.s.web.context.ContextLoader            : Root WebApplicationContext: initialization completed in 5156 ms
2019-04-24 07:16:42.166  INFO [service-hi,,,] 20375 --- [ost-startStop-1] o.s.b.w.servlet.FilterRegistrationBean   : Mapping filter: 'characterEncodingFilter' to: [/*]
2019-04-24 07:16:42.167  INFO [service-hi,,,] 20375 --- [ost-startStop-1] o.s.b.w.servlet.FilterRegistrationBean   : Mapping filter: 'tracingFilter' to: [/*]
2019-04-24 07:16:42.167  INFO [service-hi,,,] 20375 --- [ost-startStop-1] o.s.b.w.servlet.FilterRegistrationBean   : Mapping filter: 'exceptionLoggingFilter' to: [/*]
2019-04-24 07:16:42.167  INFO [service-hi,,,] 20375 --- [ost-startStop-1] o.s.b.w.servlet.FilterRegistrationBean   : Mapping filter: 'hiddenHttpMethodFilter' to: [/*]
2019-04-24 07:16:42.167  INFO [service-hi,,,] 20375 --- [ost-startStop-1] o.s.b.w.servlet.FilterRegistrationBean   : Mapping filter: 'httpPutFormContentFilter' to: [/*]
2019-04-24 07:16:42.167  INFO [service-hi,,,] 20375 --- [ost-startStop-1] o.s.b.w.servlet.FilterRegistrationBean   : Mapping filter: 'requestContextFilter' to: [/*]
2019-04-24 07:16:42.167  INFO [service-hi,,,] 20375 --- [ost-startStop-1] o.s.b.w.servlet.ServletRegistrationBean  : Servlet dispatcherServlet mapped to [/]
2019-04-24 07:16:43.256  INFO [service-hi,,,] 20375 --- [           main] o.s.w.s.handler.SimpleUrlHandlerMapping  : Mapped URL path [/**/favicon.ico] onto handler of type [class org.springframework.web.servlet.resource.ResourceHttpRequestHandler]
2019-04-24 07:16:45.501  INFO [service-hi,,,] 20375 --- [           main] s.w.s.m.m.a.RequestMappingHandlerAdapter : Looking for @ControllerAdvice: org.springframework.boot.web.servlet.context.AnnotationConfigServletWebServerApplicationContext@589838eb: startup date [Wed Apr 24 07:16:33 CST 2019]; parent: org.springframework.context.annotation.AnnotationConfigApplicationContext@256216b3
2019-04-24 07:16:46.020  INFO [service-hi,,,] 20375 --- [           main] s.w.s.m.m.a.RequestMappingHandlerMapping : Mapped "{[/hi]}" onto public java.lang.String com.forezp.ServiceHiApplication.callHome()
2019-04-24 07:16:46.021  INFO [service-hi,,,] 20375 --- [           main] s.w.s.m.m.a.RequestMappingHandlerMapping : Mapped "{[/info]}" onto public java.lang.String com.forezp.ServiceHiApplication.info()
2019-04-24 07:16:46.061  INFO [service-hi,,,] 20375 --- [           main] s.w.s.m.m.a.RequestMappingHandlerMapping : Mapped "{[/error],produces=[text/html]}" onto public org.springframework.web.servlet.ModelAndView org.springframework.boot.autoconfigure.web.servlet.error.BasicErrorController.errorHtml(javax.servlet.http.HttpServletRequest,javax.servlet.http.HttpServletResponse)
2019-04-24 07:16:46.061  INFO [service-hi,,,] 20375 --- [           main] s.w.s.m.m.a.RequestMappingHandlerMapping : Mapped "{[/error]}" onto public org.springframework.http.ResponseEntity<java.util.Map<java.lang.String, java.lang.Object>> org.springframework.boot.autoconfigure.web.servlet.error.BasicErrorController.error(javax.servlet.http.HttpServletRequest)
2019-04-24 07:16:46.352  INFO [service-hi,,,] 20375 --- [           main] o.s.w.s.handler.SimpleUrlHandlerMapping  : Mapped URL path [/webjars/**] onto handler of type [class org.springframework.web.servlet.resource.ResourceHttpRequestHandler]
2019-04-24 07:16:46.352  INFO [service-hi,,,] 20375 --- [           main] o.s.w.s.handler.SimpleUrlHandlerMapping  : Mapped URL path [/**] onto handler of type [class org.springframework.web.servlet.resource.ResourceHttpRequestHandler]
2019-04-24 07:16:48.915  INFO [service-hi,,,] 20375 --- [           main] o.s.j.e.a.AnnotationMBeanExporter        : Registering beans for JMX exposure on startup
2019-04-24 07:16:49.009  INFO [service-hi,,,] 20375 --- [           main] o.s.j.e.a.AnnotationMBeanExporter        : Bean with name 'configurationPropertiesRebinder' has been autodetected for JMX exposure
2019-04-24 07:16:49.010  INFO [service-hi,,,] 20375 --- [           main] o.s.j.e.a.AnnotationMBeanExporter        : Bean with name 'environmentManager' has been autodetected for JMX exposure
2019-04-24 07:16:49.010  INFO [service-hi,,,] 20375 --- [           main] o.s.j.e.a.AnnotationMBeanExporter        : Bean with name 'refreshScope' has been autodetected for JMX exposure
2019-04-24 07:16:49.014  INFO [service-hi,,,] 20375 --- [           main] o.s.j.e.a.AnnotationMBeanExporter        : Located managed bean 'environmentManager': registering with JMX server as MBean [org.springframework.cloud.context.environment:name=environmentManager,type=EnvironmentManager]
2019-04-24 07:16:49.112  INFO [service-hi,,,] 20375 --- [           main] o.s.j.e.a.AnnotationMBeanExporter        : Located managed bean 'refreshScope': registering with JMX server as MBean [org.springframework.cloud.context.scope.refresh:name=refreshScope,type=RefreshScope]
2019-04-24 07:16:49.160  INFO [service-hi,,,] 20375 --- [           main] o.s.j.e.a.AnnotationMBeanExporter        : Located managed bean 'configurationPropertiesRebinder': registering with JMX server as MBean [org.springframework.cloud.context.properties:name=configurationPropertiesRebinder,context=589838eb,type=ConfigurationPropertiesRebinder]
2019-04-24 07:16:49.894  INFO [service-hi,,,] 20375 --- [           main] o.s.b.w.embedded.tomcat.TomcatWebServer  : Tomcat started on port(s): 8988 (http) with context path ''
2019-04-24 07:16:49.908  INFO [service-hi,,,] 20375 --- [           main] com.forezp.ServiceHiApplication          : Started ServiceHiApplication in 20.089 seconds (JVM running for 21.275)
2019-04-24 07:17:22.162  INFO [service-hi,,,] 20375 --- [nio-8988-exec-1] o.a.c.c.C.[Tomcat].[localhost].[/]       : Initializing Spring FrameworkServlet 'dispatcherServlet'
2019-04-24 07:17:22.163  INFO [service-hi,,,] 20375 --- [nio-8988-exec-1] o.s.web.servlet.DispatcherServlet        : FrameworkServlet 'dispatcherServlet': initialization started
2019-04-24 07:17:22.241  INFO [service-hi,,,] 20375 --- [nio-8988-exec-1] o.s.web.servlet.DispatcherServlet        : FrameworkServlet 'dispatcherServlet': initialization completed in 78 ms
2019-04-24 07:17:22.324  INFO [service-hi,8a16fd643c2621c2,8a16fd643c2621c2,true] 20375 --- [nio-8988-exec-1] com.forezp.ServiceHiApplication          : calling trace service-hi  
2019-04-24 07:17:22.966  INFO [service-hi,8a16fd643c2621c2,a0c19c830c003bbe,true] 20375 --- [nio-8988-exec-2] com.forezp.ServiceHiApplication          : calling trace service-hi 
2019-04-24 07:24:07.739  INFO [service-hi,a137b35e3302695e,a137b35e3302695e,true] 20375 --- [nio-8988-exec-5] com.forezp.ServiceHiApplication          : calling trace service-hi  
2019-04-24 07:24:07.756  INFO [service-hi,a137b35e3302695e,49bb11bbe472caad,true] 20375 --- [nio-8988-exec-6] com.forezp.ServiceHiApplication          : calling trace service-hi 
2019-04-24 07:24:08.600  INFO [service-hi,dcf195ade80a4f0b,dcf195ade80a4f0b,true] 20375 --- [nio-8988-exec-7] com.forezp.ServiceHiApplication          : calling trace service-hi  
2019-04-24 07:24:08.616  INFO [service-hi,dcf195ade80a4f0b,d69a7ba33555d0bc,true] 20375 --- [nio-8988-exec-8] com.forezp.ServiceHiApplication          : calling trace service-hi 
2019-04-24 07:24:10.096  INFO [service-hi,6e5fef2dd7f94f5a,6e5fef2dd7f94f5a,true] 20375 --- [nio-8988-exec-9] com.forezp.ServiceHiApplication          : calling trace service-hi  
2019-04-24 07:24:10.103  INFO [service-hi,6e5fef2dd7f94f5a,8efb275892ef29f6,true] 20375 --- [io-8988-exec-10] com.forezp.ServiceHiApplication          : calling trace service-hi 
2019-04-24 07:24:11.575  INFO [service-hi,8ec89d56a543084b,8ec89d56a543084b,true] 20375 --- [nio-8988-exec-2] com.forezp.ServiceHiApplication          : calling trace service-hi  
2019-04-24 07:24:11.581  INFO [service-hi,8ec89d56a543084b,c8e6fe867e3ddc0a,true] 20375 --- [nio-8988-exec-1] com.forezp.ServiceHiApplication          : calling trace service-hi 
2019-04-24 07:28:33.612  INFO [service-hi,,,] 20375 --- [       Thread-6] ConfigServletWebServerApplicationContext : Closing org.springframework.boot.web.servlet.context.AnnotationConfigServletWebServerApplicationContext@589838eb: startup date [Wed Apr 24 07:16:33 CST 2019]; parent: org.springframework.context.annotation.AnnotationConfigApplicationContext@256216b3
2019-04-24 07:28:33.617  INFO [service-hi,,,] 20375 --- [       Thread-6] o.s.j.e.a.AnnotationMBeanExporter        : Unregistering JMX-exposed beans on shutdown
2019-04-24 07:28:33.620  INFO [service-hi,,,] 20375 --- [       Thread-6] o.s.j.e.a.AnnotationMBeanExporter        : Unregistering JMX-exposed beans
